2022-01-31 13:50:59 [background-preinit] INFO  o.h.validator.internal.util.Version - HV000001: Hibernate Validator 6.1.5.Final
2022-01-31 13:51:00 [main] INFO  o.s.c.c.c.ConfigServicePropertySourceLocator - Fetching config from server at : http://localhost:8888
2022-01-31 13:51:01 [main] INFO  o.s.c.c.c.ConfigServicePropertySourceLocator - Located environment: name=reactive-elastic-query-web-client,config-client, profiles=[reactive_elastic_query_web], label=null, version=091afca3a395796d736c9be90199926d8b405ae6, state=null
2022-01-31 13:51:01 [main] INFO  o.s.c.b.c.PropertySourceBootstrapConfiguration - Located property source: [BootstrapPropertySource {name='bootstrapProperties-configClient'}, BootstrapPropertySource {name='bootstrapProperties-https://github.com/dhambrimourad/spring-cloud-config-repository.git/config-client-reactive_elastic_query_web.yml'}, BootstrapPropertySource {name='bootstrapProperties-https://github.com/dhambrimourad/spring-cloud-config-repository.git/config-client.yml'}]
2022-01-31 13:51:01 [main] INFO  c.m.d.r.e.q.w.c.ReactiveElasticQueryWebClientApplication - The following profiles are active: reactive_elastic_query_web
2022-01-31 13:51:01 [main] INFO  o.s.cloud.context.scope.GenericScope - BeanFactory id=854ec152-58a3-3c62-8e7c-81132a4e46a2
2022-01-31 13:51:02 [main] INFO  o.s.b.a.s.r.ReactiveUserDetailsServiceAutoConfiguration - 

Using generated security password: 1987b1b3-f060-466b-a1c2-291d58a8b970

2022-01-31 13:51:04 [main] INFO  o.s.b.w.e.netty.NettyWebServer - Netty started on port(s): 8184
2022-01-31 13:51:05 [main] INFO  c.m.d.r.e.q.w.c.ReactiveElasticQueryWebClientApplication - Started ReactiveElasticQueryWebClientApplication in 7.533 seconds (JVM running for 8.148)
2022-01-31 13:51:16 [reactor-http-nio-2] INFO  c.m.d.r.e.q.w.c.s.i.TwitterElasticQueryWebClient - Querying by text kafka
2022-01-31 13:51:16 [reactor-http-nio-2] INFO  c.m.d.r.e.q.w.c.api.QueryController - Returning from reactive client controller for text kafka
2022-01-31 17:44:17 [background-preinit] INFO  o.h.validator.internal.util.Version - HV000001: Hibernate Validator 6.1.5.Final
2022-01-31 17:44:18 [main] INFO  o.s.c.c.c.ConfigServicePropertySourceLocator - Fetching config from server at : http://localhost:8888
2022-01-31 17:44:19 [main] INFO  o.s.c.c.c.ConfigServicePropertySourceLocator - Located environment: name=reactive-elastic-query-web-client,config-client, profiles=[reactive_elastic_query_web], label=null, version=091afca3a395796d736c9be90199926d8b405ae6, state=null
2022-01-31 17:44:19 [main] INFO  o.s.c.b.c.PropertySourceBootstrapConfiguration - Located property source: [BootstrapPropertySource {name='bootstrapProperties-configClient'}, BootstrapPropertySource {name='bootstrapProperties-https://github.com/dhambrimourad/spring-cloud-config-repository.git/config-client-reactive_elastic_query_web.yml'}, BootstrapPropertySource {name='bootstrapProperties-https://github.com/dhambrimourad/spring-cloud-config-repository.git/config-client.yml'}]
2022-01-31 17:44:19 [main] INFO  c.m.d.r.e.q.w.c.ReactiveElasticQueryWebClientApplication - The following profiles are active: reactive_elastic_query_web
2022-01-31 17:44:20 [main] INFO  o.s.cloud.context.scope.GenericScope - BeanFactory id=854ec152-58a3-3c62-8e7c-81132a4e46a2
2022-01-31 17:44:20 [main] INFO  o.s.b.a.s.r.ReactiveUserDetailsServiceAutoConfiguration - 

Using generated security password: 7634cfa0-45dc-4771-86cb-96dc7f4fde51

2022-01-31 17:44:23 [main] INFO  o.s.b.w.e.netty.NettyWebServer - Netty started on port(s): 8184
2022-01-31 17:44:24 [main] INFO  c.m.d.r.e.q.w.c.ReactiveElasticQueryWebClientApplication - Started ReactiveElasticQueryWebClientApplication in 7.36 seconds (JVM running for 7.902)
2022-01-31 17:49:05 [reactor-http-nio-2] INFO  c.m.d.r.e.q.w.c.s.i.TwitterElasticQueryWebClient - Querying by text kafka
2022-01-31 17:49:05 [reactor-http-nio-2] INFO  c.m.d.r.e.q.w.c.api.QueryController - Returning from reactive client controller for text kafka
2022-01-31 17:57:05 [background-preinit] INFO  o.h.validator.internal.util.Version - HV000001: Hibernate Validator 6.1.5.Final
2022-01-31 17:57:06 [main] INFO  o.s.c.c.c.ConfigServicePropertySourceLocator - Fetching config from server at : http://localhost:8888
2022-01-31 17:57:06 [main] INFO  o.s.c.c.c.ConfigServicePropertySourceLocator - Located environment: name=reactive-elastic-query-web-client,config-client, profiles=[reactive_elastic_query_web], label=null, version=091afca3a395796d736c9be90199926d8b405ae6, state=null
2022-01-31 17:57:06 [main] INFO  o.s.c.b.c.PropertySourceBootstrapConfiguration - Located property source: [BootstrapPropertySource {name='bootstrapProperties-configClient'}, BootstrapPropertySource {name='bootstrapProperties-https://github.com/dhambrimourad/spring-cloud-config-repository.git/config-client-reactive_elastic_query_web.yml'}, BootstrapPropertySource {name='bootstrapProperties-https://github.com/dhambrimourad/spring-cloud-config-repository.git/config-client.yml'}]
2022-01-31 17:57:06 [main] INFO  c.m.d.r.e.q.w.c.ReactiveElasticQueryWebClientApplication - The following profiles are active: reactive_elastic_query_web
2022-01-31 17:57:07 [main] INFO  o.s.cloud.context.scope.GenericScope - BeanFactory id=854ec152-58a3-3c62-8e7c-81132a4e46a2
2022-01-31 17:57:08 [main] INFO  o.s.b.a.s.r.ReactiveUserDetailsServiceAutoConfiguration - 

Using generated security password: 70b86666-d8de-4c96-801b-34b6892d3459

2022-01-31 17:57:10 [main] INFO  o.s.b.w.e.netty.NettyWebServer - Netty started on port(s): 8184
2022-01-31 17:57:11 [main] INFO  c.m.d.r.e.q.w.c.ReactiveElasticQueryWebClientApplication - Started ReactiveElasticQueryWebClientApplication in 7.358 seconds (JVM running for 7.907)
2022-01-31 17:57:38 [reactor-http-nio-2] INFO  c.m.d.r.e.q.w.c.s.i.TwitterElasticQueryWebClient - Querying by text kafka
2022-01-31 17:57:38 [reactor-http-nio-2] INFO  c.m.d.r.e.q.w.c.api.QueryController - Returning from reactive client controller for text kafka
2022-01-31 17:57:42 [reactor-http-nio-2] ERROR c.m.d.e.q.w.c.c.a.e.h.ElasticQueryWebClientErrorHandler - Service runtime exception!
org.springframework.web.bind.support.WebExchangeBindException: Validation failed for argument at index 0 in method: public java.lang.String com.microservices.demo.reactive.elastic.query.web.client.api.QueryController.queryByText(com.microservices.demo.elastic.query.web.client.common.model.ElasticQueryWebClientRequestModel,org.springframework.ui.Model), with 1 error(s): [Field error in object 'elasticQueryWebClientRequestModel' on field 'text': rejected value []; codes [NotEmpty.elasticQueryWebClientRequestModel.text,NotEmpty.text,NotEmpty.java.lang.String,NotEmpty]; arguments [org.springframework.context.support.DefaultMessageSourceResolvable: codes [elasticQueryWebClientRequestModel.text,text]; arguments []; default message [text]]; default message [ne doit pas être vide]] 
	at org.springframework.web.reactive.result.method.annotation.ModelAttributeMethodArgumentResolver.lambda$null$3(ModelAttributeMethodArgumentResolver.java:142)
	at reactor.core.publisher.MonoCallable.call(MonoCallable.java:91)
	at reactor.core.publisher.MonoIgnoreThen$ThenIgnoreMain.drain(MonoIgnoreThen.java:135)
	at reactor.core.publisher.MonoIgnoreThen$ThenIgnoreMain.ignoreDone(MonoIgnoreThen.java:190)
	at reactor.core.publisher.MonoIgnoreThen$ThenIgnoreInner.onComplete(MonoIgnoreThen.java:240)
	at reactor.core.publisher.MonoPeekTerminal$MonoTerminalPeekSubscriber.onComplete(MonoPeekTerminal.java:292)
	at reactor.core.publisher.MonoPeekTerminal$MonoTerminalPeekSubscriber.onComplete(MonoPeekTerminal.java:292)
	at reactor.core.publisher.MonoIgnoreElements$IgnoreElementsSubscriber.onComplete(MonoIgnoreElements.java:81)
	at reactor.core.publisher.FluxPeek$PeekSubscriber.onComplete(FluxPeek.java:252)
	at reactor.core.publisher.FluxMap$MapSubscriber.onComplete(FluxMap.java:136)
	at reactor.core.publisher.Operators$MonoSubscriber.complete(Operators.java:1783)
	at reactor.core.publisher.MonoZip$ZipCoordinator.signal(MonoZip.java:247)
	at reactor.core.publisher.MonoZip$ZipInner.onNext(MonoZip.java:329)
	at reactor.core.publisher.Operators$MonoSubscriber.complete(Operators.java:1782)
	at reactor.core.publisher.MonoCacheTime$CoordinatorSubscriber.signalCached(MonoCacheTime.java:320)
	at reactor.core.publisher.MonoCacheTime$CoordinatorSubscriber.onNext(MonoCacheTime.java:337)
	at reactor.core.publisher.FluxSwitchIfEmpty$SwitchIfEmptySubscriber.onNext(FluxSwitchIfEmpty.java:67)
	at reactor.core.publisher.FluxMapFuseable$MapFuseableSubscriber.onNext(FluxMapFuseable.java:121)
	at reactor.core.publisher.FluxContextStart$ContextStartSubscriber.onNext(FluxContextStart.java:96)
	at reactor.core.publisher.FluxMapFuseable$MapFuseableConditionalSubscriber.onNext(FluxMapFuseable.java:287)
	at reactor.core.publisher.FluxFilterFuseable$FilterFuseableConditionalSubscriber.onNext(FluxFilterFuseable.java:330)
	at reactor.core.publisher.Operators$MonoSubscriber.complete(Operators.java:1782)
	at reactor.core.publisher.MonoCollect$CollectSubscriber.onComplete(MonoCollect.java:152)
	at reactor.core.publisher.FluxMap$MapSubscriber.onComplete(FluxMap.java:136)
	at reactor.core.publisher.FluxPeek$PeekSubscriber.onComplete(FluxPeek.java:252)
	at reactor.core.publisher.FluxMap$MapSubscriber.onComplete(FluxMap.java:136)
	at reactor.netty.channel.FluxReceive.terminateReceiver(FluxReceive.java:441)
	at reactor.netty.channel.FluxReceive.drainReceiver(FluxReceive.java:247)
	at reactor.netty.channel.FluxReceive.lambda$request$1(FluxReceive.java:135)
	at io.netty.util.concurrent.AbstractEventExecutor.safeExecute$$$capture(AbstractEventExecutor.java:164)
	at io.netty.util.concurrent.AbstractEventExecutor.safeExecute(AbstractEventExecutor.java)
	at io.netty.util.concurrent.SingleThreadEventExecutor.runAllTasks(SingleThreadEventExecutor.java:472)
	at io.netty.channel.nio.NioEventLoop.run(NioEventLoop.java:500)
	at io.netty.util.concurrent.SingleThreadEventExecutor$4.run(SingleThreadEventExecutor.java:989)
	at io.netty.util.internal.ThreadExecutorMap$2.run(ThreadExecutorMap.java:74)
	at io.netty.util.concurrent.FastThreadLocalRunnable.run(FastThreadLocalRunnable.java:30)
	at java.base/java.lang.Thread.run(Thread.java:834)
2022-01-31 17:57:46 [reactor-http-nio-2] INFO  c.m.d.r.e.q.w.c.s.i.TwitterElasticQueryWebClient - Querying by text kafka
2022-01-31 17:57:46 [reactor-http-nio-2] INFO  c.m.d.r.e.q.w.c.api.QueryController - Returning from reactive client controller for text kafka
2022-01-31 17:58:47 [reactor-http-nio-2] INFO  c.m.d.r.e.q.w.c.s.i.TwitterElasticQueryWebClient - Querying by text kafka
2022-01-31 18:01:11 [reactor-http-nio-2] INFO  c.m.d.r.e.q.w.c.api.QueryController - Returning from reactive client controller for text kafka
2022-01-31 18:01:48 [reactor-http-nio-2] INFO  c.m.d.r.e.q.w.c.s.i.TwitterElasticQueryWebClient - Querying by text kafka
2022-01-31 18:01:52 [reactor-http-nio-2] INFO  c.m.d.r.e.q.w.c.api.QueryController - Returning from reactive client controller for text kafka
2022-01-31 18:45:45 [reactor-http-nio-6] INFO  c.m.d.r.e.q.w.c.s.i.TwitterElasticQueryWebClient - Querying by text kafka
2022-01-31 18:45:45 [reactor-http-nio-6] INFO  c.m.d.r.e.q.w.c.api.QueryController - Returning from reactive client controller for text kafka
2022-01-31 18:46:31 [reactor-http-nio-6] INFO  c.m.d.r.e.q.w.c.s.i.TwitterElasticQueryWebClient - Querying by text java
2022-01-31 18:46:31 [reactor-http-nio-6] INFO  c.m.d.r.e.q.w.c.api.QueryController - Returning from reactive client controller for text java
2022-01-31 18:47:14 [reactor-http-nio-6] INFO  c.m.d.r.e.q.w.c.s.i.TwitterElasticQueryWebClient - Querying by text kafka
2022-01-31 18:53:03 [reactor-http-nio-6] INFO  c.m.d.r.e.q.w.c.api.QueryController - Returning from reactive client controller for text kafka
2022-01-31 19:04:38 [background-preinit] INFO  o.h.validator.internal.util.Version - HV000001: Hibernate Validator 6.1.5.Final
2022-01-31 19:04:39 [main] INFO  o.s.c.c.c.ConfigServicePropertySourceLocator - Fetching config from server at : http://localhost:8888
2022-01-31 19:04:40 [main] INFO  o.s.c.c.c.ConfigServicePropertySourceLocator - Located environment: name=reactive-elastic-query-web-client,config-client, profiles=[reactive_elastic_query_web], label=null, version=799413599aa583c8969b68b4924df0461c6c9661, state=null
2022-01-31 19:04:40 [main] INFO  o.s.c.b.c.PropertySourceBootstrapConfiguration - Located property source: [BootstrapPropertySource {name='bootstrapProperties-configClient'}, BootstrapPropertySource {name='bootstrapProperties-https://github.com/dhambrimourad/spring-cloud-config-repository.git/config-client-reactive_elastic_query_web.yml'}, BootstrapPropertySource {name='bootstrapProperties-https://github.com/dhambrimourad/spring-cloud-config-repository.git/config-client.yml'}]
2022-01-31 19:04:40 [main] INFO  c.m.d.r.e.q.w.c.ReactiveElasticQueryWebClientApplication - The following profiles are active: reactive_elastic_query_web
2022-01-31 19:04:40 [main] INFO  o.s.cloud.context.scope.GenericScope - BeanFactory id=854ec152-58a3-3c62-8e7c-81132a4e46a2
2022-01-31 19:04:41 [main] INFO  o.s.b.a.s.r.ReactiveUserDetailsServiceAutoConfiguration - 

Using generated security password: 7175d4b3-5f5e-426b-9469-8d40cfec0f88

2022-01-31 19:04:43 [main] INFO  o.s.b.w.e.netty.NettyWebServer - Netty started on port(s): 8184
2022-01-31 19:04:44 [main] INFO  c.m.d.r.e.q.w.c.ReactiveElasticQueryWebClientApplication - Started ReactiveElasticQueryWebClientApplication in 7.082 seconds (JVM running for 7.523)
2022-01-31 19:05:17 [reactor-http-nio-2] INFO  c.m.d.r.e.q.w.c.s.i.TwitterElasticQueryWebClient - Querying by text kafka
2022-01-31 19:05:17 [reactor-http-nio-2] INFO  c.m.d.r.e.q.w.c.api.QueryController - Returning from reactive client controller for text kafka
2022-01-31 19:05:22 [reactor-http-nio-2] INFO  c.m.d.r.e.q.w.c.s.i.TwitterElasticQueryWebClient - Querying by text kafka
2022-01-31 19:05:22 [reactor-http-nio-2] INFO  c.m.d.r.e.q.w.c.api.QueryController - Returning from reactive client controller for text kafka
2022-01-31 19:06:42 [reactor-http-nio-2] INFO  c.m.d.r.e.q.w.c.s.i.TwitterElasticQueryWebClient - Querying by text kafka
2022-01-31 19:06:42 [reactor-http-nio-2] INFO  c.m.d.r.e.q.w.c.api.QueryController - Returning from reactive client controller for text kafka
2022-01-31 19:26:51 [background-preinit] INFO  o.h.validator.internal.util.Version - HV000001: Hibernate Validator 6.1.5.Final
2022-01-31 19:26:52 [main] INFO  o.s.c.c.c.ConfigServicePropertySourceLocator - Fetching config from server at : http://localhost:8888
2022-01-31 19:26:53 [main] INFO  o.s.c.c.c.ConfigServicePropertySourceLocator - Located environment: name=reactive-elastic-query-web-client,config-client, profiles=[reactive_elastic_query_web], label=null, version=025943cd3c7176ee732496c7dc226cd90dec04e6, state=null
2022-01-31 19:26:53 [main] INFO  o.s.c.b.c.PropertySourceBootstrapConfiguration - Located property source: [BootstrapPropertySource {name='bootstrapProperties-configClient'}, BootstrapPropertySource {name='bootstrapProperties-https://github.com/dhambrimourad/spring-cloud-config-repository.git/config-client-reactive_elastic_query_web.yml'}, BootstrapPropertySource {name='bootstrapProperties-https://github.com/dhambrimourad/spring-cloud-config-repository.git/config-client.yml'}]
2022-01-31 19:26:53 [main] INFO  c.m.d.r.e.q.w.c.ReactiveElasticQueryWebClientApplication - The following profiles are active: reactive_elastic_query_web
2022-01-31 19:26:53 [main] INFO  o.s.cloud.context.scope.GenericScope - BeanFactory id=db64c053-e35d-361d-bd1b-893ea5d70704
2022-01-31 19:26:54 [main] INFO  o.s.b.a.s.r.ReactiveUserDetailsServiceAutoConfiguration - 

Using generated security password: 7226a2f2-409a-4c3d-9ec3-ee5830eabff3

2022-01-31 19:26:56 [main] INFO  o.s.b.w.e.netty.NettyWebServer - Netty started on port(s): 8184
2022-01-31 19:26:57 [main] INFO  c.m.d.r.e.q.w.c.ReactiveElasticQueryWebClientApplication - Started ReactiveElasticQueryWebClientApplication in 7.006 seconds (JVM running for 7.455)
2022-01-31 19:27:11 [reactor-http-nio-2] INFO  c.m.d.r.e.q.w.c.s.i.TwitterElasticQueryWebClient - Querying by text kafka
2022-01-31 19:27:11 [reactor-http-nio-2] INFO  c.m.d.r.e.q.w.c.api.QueryController - Returning from reactive client controller for text kafka
2022-01-31 19:27:15 [reactor-http-nio-2] INFO  c.m.d.r.e.q.w.c.s.i.TwitterElasticQueryWebClient - Querying by text kafka
2022-01-31 19:27:15 [reactor-http-nio-2] INFO  c.m.d.r.e.q.w.c.api.QueryController - Returning from reactive client controller for text kafka
2022-01-31 19:29:55 [reactor-http-nio-2] INFO  c.m.d.r.e.q.w.c.s.i.TwitterElasticQueryWebClient - Querying by text kafka
2022-01-31 19:29:55 [reactor-http-nio-2] INFO  c.m.d.r.e.q.w.c.api.QueryController - Returning from reactive client controller for text kafka
2022-01-31 19:30:10 [background-preinit] INFO  o.h.validator.internal.util.Version - HV000001: Hibernate Validator 6.1.5.Final
2022-01-31 19:30:11 [main] INFO  o.s.c.c.c.ConfigServicePropertySourceLocator - Fetching config from server at : http://localhost:8888
2022-01-31 19:30:12 [main] INFO  o.s.c.c.c.ConfigServicePropertySourceLocator - Located environment: name=reactive-elastic-query-web-client,config-client, profiles=[reactive_elastic_query_web], label=null, version=025943cd3c7176ee732496c7dc226cd90dec04e6, state=null
2022-01-31 19:30:12 [main] INFO  o.s.c.b.c.PropertySourceBootstrapConfiguration - Located property source: [BootstrapPropertySource {name='bootstrapProperties-configClient'}, BootstrapPropertySource {name='bootstrapProperties-https://github.com/dhambrimourad/spring-cloud-config-repository.git/config-client-reactive_elastic_query_web.yml'}, BootstrapPropertySource {name='bootstrapProperties-https://github.com/dhambrimourad/spring-cloud-config-repository.git/config-client.yml'}]
2022-01-31 19:30:12 [main] INFO  c.m.d.r.e.q.w.c.ReactiveElasticQueryWebClientApplication - The following profiles are active: reactive_elastic_query_web
2022-01-31 19:30:13 [main] INFO  o.s.cloud.context.scope.GenericScope - BeanFactory id=db64c053-e35d-361d-bd1b-893ea5d70704
2022-01-31 19:30:13 [main] INFO  o.s.b.a.s.r.ReactiveUserDetailsServiceAutoConfiguration - 

Using generated security password: cdf41b0f-8f64-4a88-b6db-10fc897d62a4

2022-01-31 19:30:16 [main] INFO  o.s.b.w.e.netty.NettyWebServer - Netty started on port(s): 8184
2022-01-31 19:30:17 [main] INFO  c.m.d.r.e.q.w.c.ReactiveElasticQueryWebClientApplication - Started ReactiveElasticQueryWebClientApplication in 7.38 seconds (JVM running for 7.922)
2022-01-31 19:31:24 [reactor-http-nio-3] INFO  c.m.d.r.e.q.w.c.s.i.TwitterElasticQueryWebClient - Querying by text kafka
2022-01-31 19:33:59 [reactor-http-nio-3] INFO  c.m.d.r.e.q.w.c.api.QueryController - Returning from reactive client controller for text kafka
2022-01-31 19:34:06 [reactor-http-nio-3] INFO  c.m.d.r.e.q.w.c.s.i.TwitterElasticQueryWebClient - Querying by text kafka
2022-01-31 19:34:10 [reactor-http-nio-3] INFO  c.m.d.r.e.q.w.c.api.QueryController - Returning from reactive client controller for text kafka
2022-01-31 19:36:02 [reactor-http-nio-3] INFO  c.m.d.r.e.q.w.c.s.i.TwitterElasticQueryWebClient - Querying by text kafka
2022-01-31 19:36:08 [reactor-http-nio-3] INFO  c.m.d.r.e.q.w.c.api.QueryController - Returning from reactive client controller for text kafka
2022-01-31 19:37:20 [reactor-http-nio-3] INFO  c.m.d.r.e.q.w.c.s.i.TwitterElasticQueryWebClient - Querying by text kafka
2022-01-31 19:42:48 [reactor-http-nio-3] INFO  c.m.d.r.e.q.w.c.api.QueryController - Returning from reactive client controller for text kafka
2022-01-31 19:42:54 [reactor-http-nio-3] INFO  c.m.d.r.e.q.w.c.s.i.TwitterElasticQueryWebClient - Querying by text kafka
2022-01-31 19:42:54 [reactor-http-nio-3] INFO  c.m.d.r.e.q.w.c.api.QueryController - Returning from reactive client controller for text kafka
2022-01-31 19:42:58 [reactor-http-nio-3] INFO  c.m.d.r.e.q.w.c.s.i.TwitterElasticQueryWebClient - Querying by text kafka
2022-01-31 19:42:58 [reactor-http-nio-3] INFO  c.m.d.r.e.q.w.c.api.QueryController - Returning from reactive client controller for text kafka
2022-01-31 19:44:49 [background-preinit] INFO  o.h.validator.internal.util.Version - HV000001: Hibernate Validator 6.1.5.Final
2022-01-31 19:44:50 [main] INFO  o.s.c.c.c.ConfigServicePropertySourceLocator - Fetching config from server at : http://localhost:8888
2022-01-31 19:44:51 [main] INFO  o.s.c.c.c.ConfigServicePropertySourceLocator - Located environment: name=reactive-elastic-query-web-client,config-client, profiles=[reactive_elastic_query_web], label=null, version=025943cd3c7176ee732496c7dc226cd90dec04e6, state=null
2022-01-31 19:44:51 [main] INFO  o.s.c.b.c.PropertySourceBootstrapConfiguration - Located property source: [BootstrapPropertySource {name='bootstrapProperties-configClient'}, BootstrapPropertySource {name='bootstrapProperties-https://github.com/dhambrimourad/spring-cloud-config-repository.git/config-client-reactive_elastic_query_web.yml'}, BootstrapPropertySource {name='bootstrapProperties-https://github.com/dhambrimourad/spring-cloud-config-repository.git/config-client.yml'}]
2022-01-31 19:44:51 [main] INFO  c.m.d.r.e.q.w.c.ReactiveElasticQueryWebClientApplication - The following profiles are active: reactive_elastic_query_web
2022-01-31 19:44:51 [main] INFO  o.s.cloud.context.scope.GenericScope - BeanFactory id=db64c053-e35d-361d-bd1b-893ea5d70704
2022-01-31 19:44:52 [main] INFO  o.s.b.a.s.r.ReactiveUserDetailsServiceAutoConfiguration - 

Using generated security password: 47fefa54-5ce1-43b2-ab2e-75aa9c4b002c

2022-01-31 19:44:54 [main] INFO  o.s.b.w.e.netty.NettyWebServer - Netty started on port(s): 8184
2022-01-31 19:44:55 [main] INFO  c.m.d.r.e.q.w.c.ReactiveElasticQueryWebClientApplication - Started ReactiveElasticQueryWebClientApplication in 7.252 seconds (JVM running for 7.728)
2022-01-31 19:45:11 [reactor-http-nio-2] INFO  c.m.d.r.e.q.w.c.s.i.TwitterElasticQueryWebClient - Querying by text kafka
2022-01-31 19:45:11 [reactor-http-nio-2] INFO  c.m.d.r.e.q.w.c.api.QueryController - Returning from reactive client controller for text kafka
2022-01-31 19:45:11 [reactor-http-nio-2] INFO  c.m.d.r.e.q.w.c.s.i.TwitterElasticQueryWebClient - Querying by text kafka
2022-01-31 19:45:11 [reactor-http-nio-2] INFO  c.m.d.r.e.q.w.c.api.QueryController - Returning from reactive client controller for text kafka
2022-01-31 19:45:15 [reactor-http-nio-2] INFO  c.m.d.r.e.q.w.c.s.i.TwitterElasticQueryWebClient - Querying by text kafka
2022-01-31 19:45:15 [reactor-http-nio-2] INFO  c.m.d.r.e.q.w.c.api.QueryController - Returning from reactive client controller for text kafka
