2022-01-31 11:33:52 [background-preinit] INFO  o.h.validator.internal.util.Version - HV000001: Hibernate Validator 6.1.5.Final
2022-01-31 11:33:53 [main] INFO  o.s.c.c.c.ConfigServicePropertySourceLocator - Fetching config from server at : http://localhost:8888
2022-01-31 11:33:54 [main] INFO  o.s.c.c.c.ConfigServicePropertySourceLocator - Located environment: name=reactive-elastic-query-web-client,config-client, profiles=[reactive_elastic_query_web], label=null, version=091afca3a395796d736c9be90199926d8b405ae6, state=null
2022-01-31 11:33:54 [main] INFO  o.s.c.b.c.PropertySourceBootstrapConfiguration - Located property source: [BootstrapPropertySource {name='bootstrapProperties-configClient'}, BootstrapPropertySource {name='bootstrapProperties-https://github.com/dhambrimourad/spring-cloud-config-repository.git/config-client-reactive_elastic_query_web.yml'}, BootstrapPropertySource {name='bootstrapProperties-https://github.com/dhambrimourad/spring-cloud-config-repository.git/config-client.yml'}]
2022-01-31 11:33:54 [main] INFO  c.m.d.r.e.q.w.c.ReactiveElasticQueryWebClientApplication - The following profiles are active: reactive_elastic_query_web
2022-01-31 11:33:55 [main] INFO  o.s.cloud.context.scope.GenericScope - BeanFactory id=854ec152-58a3-3c62-8e7c-81132a4e46a2
2022-01-31 11:33:55 [main] INFO  o.s.b.a.s.r.ReactiveUserDetailsServiceAutoConfiguration - 

Using generated security password: c0837d9f-eb0e-4a2f-83ed-418b8dae2eda

2022-01-31 11:33:58 [main] INFO  o.s.b.w.e.netty.NettyWebServer - Netty started on port(s): 8184
2022-01-31 11:33:59 [main] INFO  c.m.d.r.e.q.w.c.ReactiveElasticQueryWebClientApplication - Started ReactiveElasticQueryWebClientApplication in 7.652 seconds (JVM running for 8.23)
2022-01-31 11:34:16 [reactor-http-nio-2] INFO  c.m.d.r.e.q.w.c.s.i.TwitterElasticQueryWebClient - Querying by text kafka
2022-01-31 11:34:16 [reactor-http-nio-2] INFO  c.m.d.r.e.q.w.c.api.QueryController - Returning from reactive client controller for text kafka
2022-01-31 11:34:22 [reactor-http-nio-2] INFO  c.m.d.r.e.q.w.c.s.i.TwitterElasticQueryWebClient - Querying by text kafka
2022-01-31 11:34:22 [reactor-http-nio-2] INFO  c.m.d.r.e.q.w.c.api.QueryController - Returning from reactive client controller for text kafka
2022-01-31 11:35:44 [reactor-http-nio-2] INFO  c.m.d.r.e.q.w.c.s.i.TwitterElasticQueryWebClient - Querying by text kafka
2022-01-31 11:35:44 [reactor-http-nio-2] INFO  c.m.d.r.e.q.w.c.api.QueryController - Returning from reactive client controller for text kafka
2022-01-31 11:36:07 [reactor-http-nio-2] INFO  c.m.d.r.e.q.w.c.s.i.TwitterElasticQueryWebClient - Querying by text kafka
2022-01-31 11:37:52 [reactor-http-nio-2] INFO  c.m.d.r.e.q.w.c.api.QueryController - Returning from reactive client controller for text kafka
2022-01-31 11:38:02 [reactor-http-nio-2] INFO  c.m.d.r.e.q.w.c.s.i.TwitterElasticQueryWebClient - Querying by text kafka
2022-01-31 11:38:07 [reactor-http-nio-2] INFO  c.m.d.r.e.q.w.c.api.QueryController - Returning from reactive client controller for text kafka
2022-01-31 11:47:24 [reactor-http-nio-6] INFO  c.m.d.r.e.q.w.c.s.i.TwitterElasticQueryWebClient - Querying by text kafka
2022-01-31 11:51:29 [reactor-http-nio-6] INFO  c.m.d.r.e.q.w.c.api.QueryController - Returning from reactive client controller for text kafka
2022-01-31 13:11:49 [background-preinit] INFO  o.h.validator.internal.util.Version - HV000001: Hibernate Validator 6.1.5.Final
2022-01-31 13:11:50 [main] INFO  o.s.c.c.c.ConfigServicePropertySourceLocator - Fetching config from server at : http://localhost:8888
2022-01-31 13:11:51 [main] INFO  o.s.c.c.c.ConfigServicePropertySourceLocator - Located environment: name=reactive-elastic-query-web-client,config-client, profiles=[reactive_elastic_query_web], label=null, version=091afca3a395796d736c9be90199926d8b405ae6, state=null
2022-01-31 13:11:51 [main] INFO  o.s.c.b.c.PropertySourceBootstrapConfiguration - Located property source: [BootstrapPropertySource {name='bootstrapProperties-configClient'}, BootstrapPropertySource {name='bootstrapProperties-https://github.com/dhambrimourad/spring-cloud-config-repository.git/config-client-reactive_elastic_query_web.yml'}, BootstrapPropertySource {name='bootstrapProperties-https://github.com/dhambrimourad/spring-cloud-config-repository.git/config-client.yml'}]
2022-01-31 13:11:51 [main] INFO  c.m.d.r.e.q.w.c.ReactiveElasticQueryWebClientApplication - The following profiles are active: reactive_elastic_query_web
2022-01-31 13:11:51 [main] INFO  o.s.cloud.context.scope.GenericScope - BeanFactory id=854ec152-58a3-3c62-8e7c-81132a4e46a2
2022-01-31 13:12:36 [main] INFO  o.s.b.a.s.r.ReactiveUserDetailsServiceAutoConfiguration - 

Using generated security password: e4a193ac-0aa7-4ec8-a6de-27d9613fc753

2022-01-31 13:12:38 [main] INFO  o.s.b.w.e.netty.NettyWebServer - Netty started on port(s): 8184
2022-01-31 13:12:39 [main] INFO  c.m.d.r.e.q.w.c.ReactiveElasticQueryWebClientApplication - Started ReactiveElasticQueryWebClientApplication in 51.599 seconds (JVM running for 52.16)
2022-01-31 13:13:12 [reactor-http-nio-2] INFO  c.m.d.r.e.q.w.c.s.i.TwitterElasticQueryWebClient - Querying by text kafka
2022-01-31 13:13:12 [reactor-http-nio-2] INFO  c.m.d.r.e.q.w.c.api.QueryController - Returning from reactive client controller for text kafka
2022-01-31 13:14:26 [reactor-http-nio-2] INFO  c.m.d.r.e.q.w.c.s.i.TwitterElasticQueryWebClient - Querying by text kafka
2022-01-31 13:14:26 [reactor-http-nio-2] INFO  c.m.d.r.e.q.w.c.api.QueryController - Returning from reactive client controller for text kafka
2022-01-31 13:17:20 [reactor-http-nio-2] INFO  c.m.d.r.e.q.w.c.s.i.TwitterElasticQueryWebClient - Querying by text kafka
2022-01-31 13:17:20 [reactor-http-nio-2] INFO  c.m.d.r.e.q.w.c.api.QueryController - Returning from reactive client controller for text kafka
2022-01-31 13:18:39 [reactor-http-nio-2] INFO  c.m.d.r.e.q.w.c.s.i.TwitterElasticQueryWebClient - Querying by text kafka
2022-01-31 13:23:43 [reactor-http-nio-2] INFO  c.m.d.r.e.q.w.c.api.QueryController - Returning from reactive client controller for text kafka
2022-01-31 13:24:04 [reactor-http-nio-2] INFO  c.m.d.r.e.q.w.c.s.i.TwitterElasticQueryWebClient - Querying by text kafka
2022-01-31 13:24:04 [reactor-http-nio-2] INFO  c.m.d.r.e.q.w.c.api.QueryController - Returning from reactive client controller for text kafka
2022-01-31 13:43:20 [reactor-http-nio-10] INFO  c.m.d.r.e.q.w.c.s.i.TwitterElasticQueryWebClient - Querying by text kafka
2022-01-31 13:43:20 [reactor-http-nio-10] INFO  c.m.d.r.e.q.w.c.api.QueryController - Returning from reactive client controller for text kafka
2022-01-31 13:43:33 [reactor-http-nio-10] INFO  c.m.d.r.e.q.w.c.s.i.TwitterElasticQueryWebClient - Querying by text kafka
2022-01-31 13:43:33 [reactor-http-nio-10] INFO  c.m.d.r.e.q.w.c.api.QueryController - Returning from reactive client controller for text kafka
2022-01-31 13:43:43 [reactor-http-nio-10] INFO  c.m.d.r.e.q.w.c.s.i.TwitterElasticQueryWebClient - Querying by text kafka
2022-01-31 13:43:43 [reactor-http-nio-10] INFO  c.m.d.r.e.q.w.c.api.QueryController - Returning from reactive client controller for text kafka
2022-01-31 13:43:55 [reactor-http-nio-10] INFO  c.m.d.r.e.q.w.c.s.i.TwitterElasticQueryWebClient - Querying by text kafka
2022-01-31 13:43:55 [reactor-http-nio-10] INFO  c.m.d.r.e.q.w.c.api.QueryController - Returning from reactive client controller for text kafka
