2022-02-03 20:43:14 [background-preinit] INFO  o.h.validator.internal.util.Version - HV000001: Hibernate Validator 6.1.5.Final
2022-02-03 20:43:15 [main] INFO  c.m.demo.config.server.ConfigServer - No active profile set, falling back to default profiles: default
2022-02-03 20:43:16 [main] INFO  o.s.cloud.context.scope.GenericScope - BeanFactory id=2a519873-3bf9-3410-9240-bed5bf7485b8
2022-02-03 20:43:16 [main] INFO  o.s.b.w.e.tomcat.TomcatWebServer - Tomcat initialized with port(s): 8888 (http)
2022-02-03 20:43:16 [main] INFO  o.a.coyote.http11.Http11NioProtocol - Initializing ProtocolHandler ["http-nio-8888"]
2022-02-03 20:43:16 [main] INFO  o.a.catalina.core.StandardService - Starting service [Tomcat]
2022-02-03 20:43:16 [main] INFO  o.a.catalina.core.StandardEngine - Starting Servlet engine: [Apache Tomcat/9.0.38]
2022-02-03 20:43:16 [main] INFO  o.a.c.c.C.[Tomcat].[localhost].[/] - Initializing Spring embedded WebApplicationContext
2022-02-03 20:43:16 [main] INFO  o.s.b.w.s.c.ServletWebServerApplicationContext - Root WebApplicationContext: initialization completed in 1158 ms
2022-02-03 20:43:17 [main] INFO  o.s.s.c.ThreadPoolTaskExecutor - Initializing ExecutorService 'applicationTaskExecutor'
2022-02-03 20:43:18 [main] INFO  o.s.s.web.DefaultSecurityFilterChain - Creating filter chain: Ant [pattern='/actuator/**'], []
2022-02-03 20:43:18 [main] INFO  o.s.s.web.DefaultSecurityFilterChain - Creating filter chain: Ant [pattern='/encrypt/**'], []
2022-02-03 20:43:18 [main] INFO  o.s.s.web.DefaultSecurityFilterChain - Creating filter chain: Ant [pattern='/decrypt/**'], []
2022-02-03 20:43:18 [main] INFO  o.s.s.web.DefaultSecurityFilterChain - Creating filter chain: any request, [org.springframework.security.web.context.request.async.WebAsyncManagerIntegrationFilter@2c154508, org.springframework.security.web.context.SecurityContextPersistenceFilter@6c75e3bc, org.springframework.security.web.header.HeaderWriterFilter@5b23c1f6, org.springframework.security.web.csrf.CsrfFilter@275902e1, org.springframework.security.web.authentication.logout.LogoutFilter@520c3dcb, org.springframework.security.web.authentication.UsernamePasswordAuthenticationFilter@7eefaca0, org.springframework.security.web.authentication.ui.DefaultLoginPageGeneratingFilter@6be8ce1b, org.springframework.security.web.authentication.ui.DefaultLogoutPageGeneratingFilter@395eb363, org.springframework.security.web.authentication.www.BasicAuthenticationFilter@2bd4780c, org.springframework.security.web.savedrequest.RequestCacheAwareFilter@2374452a, org.springframework.security.web.servletapi.SecurityContextHolderAwareRequestFilter@3516b881, org.springframework.security.web.authentication.AnonymousAuthenticationFilter@1e194966, org.springframework.security.web.session.SessionManagementFilter@3bf01a01, org.springframework.security.web.access.ExceptionTranslationFilter@799fb45e, org.springframework.security.web.access.intercept.FilterSecurityInterceptor@708f7386]
2022-02-03 20:43:19 [main] INFO  o.s.b.a.e.web.EndpointLinksResolver - Exposing 2 endpoint(s) beneath base path '/actuator'
2022-02-03 20:43:19 [main] INFO  o.a.coyote.http11.Http11NioProtocol - Starting ProtocolHandler ["http-nio-8888"]
2022-02-03 20:43:19 [main] INFO  o.s.b.w.e.tomcat.TomcatWebServer - Tomcat started on port(s): 8888 (http) with context path ''
2022-02-03 20:43:19 [main] INFO  c.m.demo.config.server.ConfigServer - Started ConfigServer in 6.148 seconds (JVM running for 6.681)
2022-02-03 20:43:36 [http-nio-8888-exec-1] INFO  o.a.c.c.C.[Tomcat].[localhost].[/] - Initializing Spring DispatcherServlet 'dispatcherServlet'
2022-02-03 20:43:36 [http-nio-8888-exec-1] INFO  o.s.web.servlet.DispatcherServlet - Initializing Servlet 'dispatcherServlet'
2022-02-03 20:43:36 [http-nio-8888-exec-1] INFO  o.s.web.servlet.DispatcherServlet - Completed initialization in 4 ms
2022-02-03 20:43:37 [http-nio-8888-exec-1] WARN  o.a.c.util.SessionIdGeneratorBase - Creation of SecureRandom instance for session ID generation using [SHA1PRNG] took [321] milliseconds.
2022-02-03 20:43:37 [http-nio-8888-exec-1] INFO  o.s.c.c.s.e.NativeEnvironmentRepository - Adding property source: file:/C:/Users/Mourad/AppData/Local/Temp/config-repo-11488733691403987907/config-client-reactive_elastic_query.yml
2022-02-03 20:43:37 [http-nio-8888-exec-1] INFO  o.s.c.c.s.e.NativeEnvironmentRepository - Adding property source: file:/C:/Users/Mourad/AppData/Local/Temp/config-repo-11488733691403987907/config-client.yml
2022-02-03 20:43:53 [http-nio-8888-exec-2] INFO  o.s.c.c.s.e.NativeEnvironmentRepository - Adding property source: file:/C:/Users/Mourad/AppData/Local/Temp/config-repo-11488733691403987907/config-client-reactive_elastic_query_web.yml
2022-02-03 20:43:53 [http-nio-8888-exec-2] INFO  o.s.c.c.s.e.NativeEnvironmentRepository - Adding property source: file:/C:/Users/Mourad/AppData/Local/Temp/config-repo-11488733691403987907/config-client.yml
2022-02-03 20:47:48 [background-preinit] INFO  o.h.validator.internal.util.Version - HV000001: Hibernate Validator 6.1.5.Final
2022-02-03 20:47:49 [main] INFO  c.m.demo.config.server.ConfigServer - No active profile set, falling back to default profiles: default
2022-02-03 20:47:50 [main] INFO  o.s.cloud.context.scope.GenericScope - BeanFactory id=2a519873-3bf9-3410-9240-bed5bf7485b8
2022-02-03 20:47:50 [main] INFO  o.s.b.w.e.tomcat.TomcatWebServer - Tomcat initialized with port(s): 8888 (http)
2022-02-03 20:47:50 [main] INFO  o.a.coyote.http11.Http11NioProtocol - Initializing ProtocolHandler ["http-nio-8888"]
2022-02-03 20:47:50 [main] INFO  o.a.catalina.core.StandardService - Starting service [Tomcat]
2022-02-03 20:47:50 [main] INFO  o.a.catalina.core.StandardEngine - Starting Servlet engine: [Apache Tomcat/9.0.38]
2022-02-03 20:47:50 [main] INFO  o.a.c.c.C.[Tomcat].[localhost].[/] - Initializing Spring embedded WebApplicationContext
2022-02-03 20:47:50 [main] INFO  o.s.b.w.s.c.ServletWebServerApplicationContext - Root WebApplicationContext: initialization completed in 1148 ms
2022-02-03 20:47:50 [main] INFO  o.s.s.c.ThreadPoolTaskExecutor - Initializing ExecutorService 'applicationTaskExecutor'
2022-02-03 20:47:52 [main] INFO  o.s.s.web.DefaultSecurityFilterChain - Creating filter chain: Ant [pattern='/actuator/**'], []
2022-02-03 20:47:52 [main] INFO  o.s.s.web.DefaultSecurityFilterChain - Creating filter chain: Ant [pattern='/encrypt/**'], []
2022-02-03 20:47:52 [main] INFO  o.s.s.web.DefaultSecurityFilterChain - Creating filter chain: Ant [pattern='/decrypt/**'], []
2022-02-03 20:47:52 [main] INFO  o.s.s.web.DefaultSecurityFilterChain - Creating filter chain: any request, [org.springframework.security.web.context.request.async.WebAsyncManagerIntegrationFilter@395eb363, org.springframework.security.web.context.SecurityContextPersistenceFilter@186f7434, org.springframework.security.web.header.HeaderWriterFilter@3f4964f2, org.springframework.security.web.csrf.CsrfFilter@1c788d08, org.springframework.security.web.authentication.logout.LogoutFilter@145fe8ab, org.springframework.security.web.authentication.UsernamePasswordAuthenticationFilter@7d5ef1c3, org.springframework.security.web.authentication.ui.DefaultLoginPageGeneratingFilter@e3c36d, org.springframework.security.web.authentication.ui.DefaultLogoutPageGeneratingFilter@1e194966, org.springframework.security.web.authentication.www.BasicAuthenticationFilter@2c154508, org.springframework.security.web.savedrequest.RequestCacheAwareFilter@6ffc6ea7, org.springframework.security.web.servletapi.SecurityContextHolderAwareRequestFilter@6be8ce1b, org.springframework.security.web.authentication.AnonymousAuthenticationFilter@160546b1, org.springframework.security.web.session.SessionManagementFilter@299cab08, org.springframework.security.web.access.ExceptionTranslationFilter@4f7ba0af, org.springframework.security.web.access.intercept.FilterSecurityInterceptor@377e90b0]
2022-02-03 20:47:53 [main] INFO  o.s.b.a.e.web.EndpointLinksResolver - Exposing 2 endpoint(s) beneath base path '/actuator'
2022-02-03 20:47:53 [main] INFO  o.a.coyote.http11.Http11NioProtocol - Starting ProtocolHandler ["http-nio-8888"]
2022-02-03 20:47:53 [main] INFO  o.s.b.w.e.tomcat.TomcatWebServer - Tomcat started on port(s): 8888 (http) with context path ''
2022-02-03 20:47:53 [main] INFO  c.m.demo.config.server.ConfigServer - Started ConfigServer in 5.83 seconds (JVM running for 6.283)
2022-02-03 20:48:12 [http-nio-8888-exec-1] INFO  o.a.c.c.C.[Tomcat].[localhost].[/] - Initializing Spring DispatcherServlet 'dispatcherServlet'
2022-02-03 20:48:12 [http-nio-8888-exec-1] INFO  o.s.web.servlet.DispatcherServlet - Initializing Servlet 'dispatcherServlet'
2022-02-03 20:48:12 [http-nio-8888-exec-1] INFO  o.s.web.servlet.DispatcherServlet - Completed initialization in 4 ms
2022-02-03 20:48:12 [http-nio-8888-exec-1] WARN  o.a.c.util.SessionIdGeneratorBase - Creation of SecureRandom instance for session ID generation using [SHA1PRNG] took [317] milliseconds.
2022-02-03 20:48:13 [http-nio-8888-exec-1] INFO  o.s.c.c.s.e.NativeEnvironmentRepository - Adding property source: file:/C:/Users/Mourad/AppData/Local/Temp/config-repo-15588964515874212880/config-client-reactive_elastic_query.yml
2022-02-03 20:48:13 [http-nio-8888-exec-1] INFO  o.s.c.c.s.e.NativeEnvironmentRepository - Adding property source: file:/C:/Users/Mourad/AppData/Local/Temp/config-repo-15588964515874212880/config-client.yml
2022-02-03 20:48:24 [http-nio-8888-exec-2] INFO  o.s.c.c.s.e.NativeEnvironmentRepository - Adding property source: file:/C:/Users/Mourad/AppData/Local/Temp/config-repo-15588964515874212880/config-client-reactive_elastic_query_web.yml
2022-02-03 20:48:24 [http-nio-8888-exec-2] INFO  o.s.c.c.s.e.NativeEnvironmentRepository - Adding property source: file:/C:/Users/Mourad/AppData/Local/Temp/config-repo-15588964515874212880/config-client.yml
2022-02-03 20:53:36 [background-preinit] INFO  o.h.validator.internal.util.Version - HV000001: Hibernate Validator 6.1.5.Final
2022-02-03 20:53:37 [main] INFO  c.m.demo.config.server.ConfigServer - No active profile set, falling back to default profiles: default
2022-02-03 20:53:38 [main] INFO  o.s.cloud.context.scope.GenericScope - BeanFactory id=2a519873-3bf9-3410-9240-bed5bf7485b8
2022-02-03 20:53:38 [main] INFO  o.s.b.w.e.tomcat.TomcatWebServer - Tomcat initialized with port(s): 8888 (http)
2022-02-03 20:53:38 [main] INFO  o.a.coyote.http11.Http11NioProtocol - Initializing ProtocolHandler ["http-nio-8888"]
2022-02-03 20:53:38 [main] INFO  o.a.catalina.core.StandardService - Starting service [Tomcat]
2022-02-03 20:53:38 [main] INFO  o.a.catalina.core.StandardEngine - Starting Servlet engine: [Apache Tomcat/9.0.38]
2022-02-03 20:53:38 [main] INFO  o.a.c.c.C.[Tomcat].[localhost].[/] - Initializing Spring embedded WebApplicationContext
2022-02-03 20:53:38 [main] INFO  o.s.b.w.s.c.ServletWebServerApplicationContext - Root WebApplicationContext: initialization completed in 1162 ms
2022-02-03 20:53:39 [main] INFO  o.s.s.c.ThreadPoolTaskExecutor - Initializing ExecutorService 'applicationTaskExecutor'
2022-02-03 20:53:40 [main] INFO  o.s.s.web.DefaultSecurityFilterChain - Creating filter chain: Ant [pattern='/actuator/**'], []
2022-02-03 20:53:40 [main] INFO  o.s.s.web.DefaultSecurityFilterChain - Creating filter chain: Ant [pattern='/encrypt/**'], []
2022-02-03 20:53:40 [main] INFO  o.s.s.web.DefaultSecurityFilterChain - Creating filter chain: Ant [pattern='/decrypt/**'], []
2022-02-03 20:53:40 [main] INFO  o.s.s.web.DefaultSecurityFilterChain - Creating filter chain: any request, [org.springframework.security.web.context.request.async.WebAsyncManagerIntegrationFilter@395eb363, org.springframework.security.web.context.SecurityContextPersistenceFilter@186f7434, org.springframework.security.web.header.HeaderWriterFilter@3f4964f2, org.springframework.security.web.csrf.CsrfFilter@1c788d08, org.springframework.security.web.authentication.logout.LogoutFilter@145fe8ab, org.springframework.security.web.authentication.UsernamePasswordAuthenticationFilter@7d5ef1c3, org.springframework.security.web.authentication.ui.DefaultLoginPageGeneratingFilter@e3c36d, org.springframework.security.web.authentication.ui.DefaultLogoutPageGeneratingFilter@1e194966, org.springframework.security.web.authentication.www.BasicAuthenticationFilter@2c154508, org.springframework.security.web.savedrequest.RequestCacheAwareFilter@6ffc6ea7, org.springframework.security.web.servletapi.SecurityContextHolderAwareRequestFilter@6be8ce1b, org.springframework.security.web.authentication.AnonymousAuthenticationFilter@160546b1, org.springframework.security.web.session.SessionManagementFilter@299cab08, org.springframework.security.web.access.ExceptionTranslationFilter@4f7ba0af, org.springframework.security.web.access.intercept.FilterSecurityInterceptor@377e90b0]
2022-02-03 20:53:41 [main] INFO  o.s.b.a.e.web.EndpointLinksResolver - Exposing 2 endpoint(s) beneath base path '/actuator'
2022-02-03 20:53:41 [main] INFO  o.a.coyote.http11.Http11NioProtocol - Starting ProtocolHandler ["http-nio-8888"]
2022-02-03 20:53:41 [main] INFO  o.s.b.w.e.tomcat.TomcatWebServer - Tomcat started on port(s): 8888 (http) with context path ''
2022-02-03 20:53:41 [main] INFO  c.m.demo.config.server.ConfigServer - Started ConfigServer in 6.074 seconds (JVM running for 6.534)
2022-02-03 20:53:58 [http-nio-8888-exec-1] INFO  o.a.c.c.C.[Tomcat].[localhost].[/] - Initializing Spring DispatcherServlet 'dispatcherServlet'
2022-02-03 20:53:58 [http-nio-8888-exec-1] INFO  o.s.web.servlet.DispatcherServlet - Initializing Servlet 'dispatcherServlet'
2022-02-03 20:53:58 [http-nio-8888-exec-1] INFO  o.s.web.servlet.DispatcherServlet - Completed initialization in 4 ms
2022-02-03 20:53:58 [http-nio-8888-exec-1] WARN  o.a.c.util.SessionIdGeneratorBase - Creation of SecureRandom instance for session ID generation using [SHA1PRNG] took [317] milliseconds.
2022-02-03 20:54:00 [http-nio-8888-exec-1] INFO  o.s.c.c.s.e.NativeEnvironmentRepository - Adding property source: file:/C:/Users/Mourad/AppData/Local/Temp/config-repo-3667976397536764024/config-client-reactive_elastic_query.yml
2022-02-03 20:54:00 [http-nio-8888-exec-1] INFO  o.s.c.c.s.e.NativeEnvironmentRepository - Adding property source: file:/C:/Users/Mourad/AppData/Local/Temp/config-repo-3667976397536764024/config-client.yml
2022-02-03 20:54:15 [http-nio-8888-exec-2] INFO  o.s.c.c.s.e.NativeEnvironmentRepository - Adding property source: file:/C:/Users/Mourad/AppData/Local/Temp/config-repo-3667976397536764024/config-client-reactive_elastic_query_web.yml
2022-02-03 20:54:15 [http-nio-8888-exec-2] INFO  o.s.c.c.s.e.NativeEnvironmentRepository - Adding property source: file:/C:/Users/Mourad/AppData/Local/Temp/config-repo-3667976397536764024/config-client.yml
2022-02-03 20:57:59 [http-nio-8888-exec-4] INFO  o.s.c.c.s.e.NativeEnvironmentRepository - Adding property source: file:/C:/Users/Mourad/AppData/Local/Temp/config-repo-3667976397536764024/config-client-reactive_elastic_query_web.yml
2022-02-03 20:57:59 [http-nio-8888-exec-4] INFO  o.s.c.c.s.e.NativeEnvironmentRepository - Adding property source: file:/C:/Users/Mourad/AppData/Local/Temp/config-repo-3667976397536764024/config-client.yml
2022-02-03 20:59:02 [http-nio-8888-exec-7] INFO  o.s.c.c.s.e.NativeEnvironmentRepository - Adding property source: file:/C:/Users/Mourad/AppData/Local/Temp/config-repo-3667976397536764024/config-client-reactive_elastic_query_web.yml
2022-02-03 20:59:02 [http-nio-8888-exec-7] INFO  o.s.c.c.s.e.NativeEnvironmentRepository - Adding property source: file:/C:/Users/Mourad/AppData/Local/Temp/config-repo-3667976397536764024/config-client.yml
