2022-01-29 20:23:09 [background-preinit] INFO  o.h.validator.internal.util.Version - HV000001: Hibernate Validator 6.1.5.Final
2022-01-29 20:23:10 [main] INFO  c.m.demo.config.server.ConfigServer - No active profile set, falling back to default profiles: default
2022-01-29 20:23:10 [main] INFO  o.s.cloud.context.scope.GenericScope - BeanFactory id=2a519873-3bf9-3410-9240-bed5bf7485b8
2022-01-29 20:23:11 [main] INFO  o.s.b.w.e.tomcat.TomcatWebServer - Tomcat initialized with port(s): 8888 (http)
2022-01-29 20:23:11 [main] INFO  o.a.coyote.http11.Http11NioProtocol - Initializing ProtocolHandler ["http-nio-8888"]
2022-01-29 20:23:11 [main] INFO  o.a.catalina.core.StandardService - Starting service [Tomcat]
2022-01-29 20:23:11 [main] INFO  o.a.catalina.core.StandardEngine - Starting Servlet engine: [Apache Tomcat/9.0.38]
2022-01-29 20:23:11 [main] INFO  o.a.c.c.C.[Tomcat].[localhost].[/] - Initializing Spring embedded WebApplicationContext
2022-01-29 20:23:11 [main] INFO  o.s.b.w.s.c.ServletWebServerApplicationContext - Root WebApplicationContext: initialization completed in 1219 ms
2022-01-29 20:23:11 [main] INFO  o.s.s.c.ThreadPoolTaskExecutor - Initializing ExecutorService 'applicationTaskExecutor'
2022-01-29 20:23:13 [main] INFO  o.s.s.web.DefaultSecurityFilterChain - Creating filter chain: Ant [pattern='/actuator/**'], []
2022-01-29 20:23:13 [main] INFO  o.s.s.web.DefaultSecurityFilterChain - Creating filter chain: Ant [pattern='/encrypt/**'], []
2022-01-29 20:23:13 [main] INFO  o.s.s.web.DefaultSecurityFilterChain - Creating filter chain: Ant [pattern='/decrypt/**'], []
2022-01-29 20:23:13 [main] INFO  o.s.s.web.DefaultSecurityFilterChain - Creating filter chain: any request, [org.springframework.security.web.context.request.async.WebAsyncManagerIntegrationFilter@1e194966, org.springframework.security.web.context.SecurityContextPersistenceFilter@2374452a, org.springframework.security.web.header.HeaderWriterFilter@3bf01a01, org.springframework.security.web.csrf.CsrfFilter@2adc1e84, org.springframework.security.web.authentication.logout.LogoutFilter@3b347439, org.springframework.security.web.authentication.UsernamePasswordAuthenticationFilter@33eab2e8, org.springframework.security.web.authentication.ui.DefaultLoginPageGeneratingFilter@397a10df, org.springframework.security.web.authentication.ui.DefaultLogoutPageGeneratingFilter@160546b1, org.springframework.security.web.authentication.www.BasicAuthenticationFilter@395eb363, org.springframework.security.web.savedrequest.RequestCacheAwareFilter@2c5708e7, org.springframework.security.web.servletapi.SecurityContextHolderAwareRequestFilter@e3c36d, org.springframework.security.web.authentication.AnonymousAuthenticationFilter@103e7c7c, org.springframework.security.web.session.SessionManagementFilter@6c75e3bc, org.springframework.security.web.access.ExceptionTranslationFilter@5b23c1f6, org.springframework.security.web.access.intercept.FilterSecurityInterceptor@27b490de]
2022-01-29 20:23:14 [main] INFO  o.s.b.a.e.web.EndpointLinksResolver - Exposing 2 endpoint(s) beneath base path '/actuator'
2022-01-29 20:23:14 [main] INFO  o.a.coyote.http11.Http11NioProtocol - Starting ProtocolHandler ["http-nio-8888"]
2022-01-29 20:23:14 [main] INFO  o.s.b.w.e.tomcat.TomcatWebServer - Tomcat started on port(s): 8888 (http) with context path ''
2022-01-29 20:23:14 [main] INFO  c.m.demo.config.server.ConfigServer - Started ConfigServer in 6.23 seconds (JVM running for 7.044)
2022-01-29 20:23:29 [http-nio-8888-exec-1] INFO  o.a.c.c.C.[Tomcat].[localhost].[/] - Initializing Spring DispatcherServlet 'dispatcherServlet'
2022-01-29 20:23:29 [http-nio-8888-exec-1] INFO  o.s.web.servlet.DispatcherServlet - Initializing Servlet 'dispatcherServlet'
2022-01-29 20:23:29 [http-nio-8888-exec-1] INFO  o.s.web.servlet.DispatcherServlet - Completed initialization in 4 ms
2022-01-29 20:23:30 [http-nio-8888-exec-1] WARN  o.a.c.util.SessionIdGeneratorBase - Creation of SecureRandom instance for session ID generation using [SHA1PRNG] took [341] milliseconds.
2022-01-29 20:23:30 [http-nio-8888-exec-1] INFO  o.s.c.c.s.e.NativeEnvironmentRepository - Adding property source: file:/C:/Users/Mourad/AppData/Local/Temp/config-repo-9916399619386132153/config-client-elastic_query.yml
2022-01-29 20:23:30 [http-nio-8888-exec-1] INFO  o.s.c.c.s.e.NativeEnvironmentRepository - Adding property source: file:/C:/Users/Mourad/AppData/Local/Temp/config-repo-9916399619386132153/config-client.yml
2022-01-29 20:24:00 [http-nio-8888-exec-2] INFO  o.s.c.c.s.e.NativeEnvironmentRepository - Adding property source: file:/C:/Users/Mourad/AppData/Local/Temp/config-repo-9916399619386132153/config-client-elastic_query_web.yml
2022-01-29 20:24:00 [http-nio-8888-exec-2] INFO  o.s.c.c.s.e.NativeEnvironmentRepository - Adding property source: file:/C:/Users/Mourad/AppData/Local/Temp/config-repo-9916399619386132153/config-client.yml
2022-01-29 20:29:12 [http-nio-8888-exec-5] INFO  o.s.c.c.s.e.NativeEnvironmentRepository - Adding property source: file:/C:/Users/Mourad/AppData/Local/Temp/config-repo-9916399619386132153/config-client-elastic_query_web.yml
2022-01-29 20:29:12 [http-nio-8888-exec-5] INFO  o.s.c.c.s.e.NativeEnvironmentRepository - Adding property source: file:/C:/Users/Mourad/AppData/Local/Temp/config-repo-9916399619386132153/config-client.yml
2022-01-29 20:32:07 [http-nio-8888-exec-7] INFO  o.s.c.c.s.e.NativeEnvironmentRepository - Adding property source: file:/C:/Users/Mourad/AppData/Local/Temp/config-repo-9916399619386132153/config-client-elastic_query_web.yml
2022-01-29 20:32:07 [http-nio-8888-exec-7] INFO  o.s.c.c.s.e.NativeEnvironmentRepository - Adding property source: file:/C:/Users/Mourad/AppData/Local/Temp/config-repo-9916399619386132153/config-client.yml
2022-01-29 20:35:31 [http-nio-8888-exec-9] INFO  o.s.c.c.s.e.NativeEnvironmentRepository - Adding property source: file:/C:/Users/Mourad/AppData/Local/Temp/config-repo-9916399619386132153/config-client-elastic_query_web.yml
2022-01-29 20:35:31 [http-nio-8888-exec-9] INFO  o.s.c.c.s.e.NativeEnvironmentRepository - Adding property source: file:/C:/Users/Mourad/AppData/Local/Temp/config-repo-9916399619386132153/config-client.yml
2022-01-29 20:38:26 [http-nio-8888-exec-1] INFO  o.s.c.c.s.e.NativeEnvironmentRepository - Adding property source: file:/C:/Users/Mourad/AppData/Local/Temp/config-repo-9916399619386132153/config-client-elastic_query_web.yml
2022-01-29 20:38:26 [http-nio-8888-exec-1] INFO  o.s.c.c.s.e.NativeEnvironmentRepository - Adding property source: file:/C:/Users/Mourad/AppData/Local/Temp/config-repo-9916399619386132153/config-client.yml
2022-01-29 20:39:31 [background-preinit] INFO  o.h.validator.internal.util.Version - HV000001: Hibernate Validator 6.1.5.Final
2022-01-29 20:39:32 [main] INFO  c.m.demo.config.server.ConfigServer - No active profile set, falling back to default profiles: default
2022-01-29 20:39:32 [main] INFO  o.s.cloud.context.scope.GenericScope - BeanFactory id=2a519873-3bf9-3410-9240-bed5bf7485b8
2022-01-29 20:39:33 [main] INFO  o.s.b.w.e.tomcat.TomcatWebServer - Tomcat initialized with port(s): 8888 (http)
2022-01-29 20:39:33 [main] INFO  o.a.coyote.http11.Http11NioProtocol - Initializing ProtocolHandler ["http-nio-8888"]
2022-01-29 20:39:33 [main] INFO  o.a.catalina.core.StandardService - Starting service [Tomcat]
2022-01-29 20:39:33 [main] INFO  o.a.catalina.core.StandardEngine - Starting Servlet engine: [Apache Tomcat/9.0.38]
2022-01-29 20:39:33 [main] INFO  o.a.c.c.C.[Tomcat].[localhost].[/] - Initializing Spring embedded WebApplicationContext
2022-01-29 20:39:33 [main] INFO  o.s.b.w.s.c.ServletWebServerApplicationContext - Root WebApplicationContext: initialization completed in 1174 ms
2022-01-29 20:39:33 [main] INFO  o.s.s.c.ThreadPoolTaskExecutor - Initializing ExecutorService 'applicationTaskExecutor'
2022-01-29 20:39:35 [main] INFO  o.s.s.web.DefaultSecurityFilterChain - Creating filter chain: Ant [pattern='/actuator/**'], []
2022-01-29 20:39:35 [main] INFO  o.s.s.web.DefaultSecurityFilterChain - Creating filter chain: Ant [pattern='/encrypt/**'], []
2022-01-29 20:39:35 [main] INFO  o.s.s.web.DefaultSecurityFilterChain - Creating filter chain: Ant [pattern='/decrypt/**'], []
2022-01-29 20:39:35 [main] INFO  o.s.s.web.DefaultSecurityFilterChain - Creating filter chain: any request, [org.springframework.security.web.context.request.async.WebAsyncManagerIntegrationFilter@5c3710b3, org.springframework.security.web.context.SecurityContextPersistenceFilter@4ffa078d, org.springframework.security.web.header.HeaderWriterFilter@186f7434, org.springframework.security.web.csrf.CsrfFilter@1df06ecd, org.springframework.security.web.authentication.logout.LogoutFilter@5960f17, org.springframework.security.web.authentication.UsernamePasswordAuthenticationFilter@3dec79f8, org.springframework.security.web.authentication.ui.DefaultLoginPageGeneratingFilter@a7bbdbc, org.springframework.security.web.authentication.ui.DefaultLogoutPageGeneratingFilter@8b1202a, org.springframework.security.web.authentication.www.BasicAuthenticationFilter@103e7c7c, org.springframework.security.web.savedrequest.RequestCacheAwareFilter@42238078, org.springframework.security.web.servletapi.SecurityContextHolderAwareRequestFilter@141dfcf9, org.springframework.security.web.authentication.AnonymousAuthenticationFilter@34bddf43, org.springframework.security.web.session.SessionManagementFilter@6ffc6ea7, org.springframework.security.web.access.ExceptionTranslationFilter@299cab08, org.springframework.security.web.access.intercept.FilterSecurityInterceptor@7eefaca0]
2022-01-29 20:39:35 [main] INFO  o.s.b.a.e.web.EndpointLinksResolver - Exposing 2 endpoint(s) beneath base path '/actuator'
2022-01-29 20:39:35 [main] INFO  o.a.coyote.http11.Http11NioProtocol - Starting ProtocolHandler ["http-nio-8888"]
2022-01-29 20:39:35 [main] INFO  o.s.b.w.e.tomcat.TomcatWebServer - Tomcat started on port(s): 8888 (http) with context path ''
2022-01-29 20:39:36 [main] INFO  c.m.demo.config.server.ConfigServer - Started ConfigServer in 5.964 seconds (JVM running for 6.425)
2022-01-29 20:39:47 [http-nio-8888-exec-1] INFO  o.a.c.c.C.[Tomcat].[localhost].[/] - Initializing Spring DispatcherServlet 'dispatcherServlet'
2022-01-29 20:39:47 [http-nio-8888-exec-1] INFO  o.s.web.servlet.DispatcherServlet - Initializing Servlet 'dispatcherServlet'
2022-01-29 20:39:47 [http-nio-8888-exec-1] INFO  o.s.web.servlet.DispatcherServlet - Completed initialization in 4 ms
2022-01-29 20:39:47 [http-nio-8888-exec-1] WARN  o.a.c.util.SessionIdGeneratorBase - Creation of SecureRandom instance for session ID generation using [SHA1PRNG] took [330] milliseconds.
2022-01-29 20:39:48 [http-nio-8888-exec-1] INFO  o.s.c.c.s.e.NativeEnvironmentRepository - Adding property source: file:/C:/Users/Mourad/AppData/Local/Temp/config-repo-3055535619984219559/config-client-elastic_query.yml
2022-01-29 20:39:48 [http-nio-8888-exec-1] INFO  o.s.c.c.s.e.NativeEnvironmentRepository - Adding property source: file:/C:/Users/Mourad/AppData/Local/Temp/config-repo-3055535619984219559/config-client.yml
2022-01-29 20:40:03 [http-nio-8888-exec-2] INFO  o.s.c.c.s.e.NativeEnvironmentRepository - Adding property source: file:/C:/Users/Mourad/AppData/Local/Temp/config-repo-3055535619984219559/config-client-elastic_query_web.yml
2022-01-29 20:40:03 [http-nio-8888-exec-2] INFO  o.s.c.c.s.e.NativeEnvironmentRepository - Adding property source: file:/C:/Users/Mourad/AppData/Local/Temp/config-repo-3055535619984219559/config-client.yml
2022-01-29 20:43:21 [http-nio-8888-exec-5] INFO  o.s.c.c.s.e.NativeEnvironmentRepository - Adding property source: file:/C:/Users/Mourad/AppData/Local/Temp/config-repo-3055535619984219559/config-client-elastic_query_web.yml
2022-01-29 20:43:21 [http-nio-8888-exec-5] INFO  o.s.c.c.s.e.NativeEnvironmentRepository - Adding property source: file:/C:/Users/Mourad/AppData/Local/Temp/config-repo-3055535619984219559/config-client.yml
