2022-01-30 18:10:45 [background-preinit] INFO  o.h.validator.internal.util.Version - HV000001: Hibernate Validator 6.1.5.Final
2022-01-30 18:10:46 [main] INFO  c.m.demo.config.server.ConfigServer - No active profile set, falling back to default profiles: default
2022-01-30 18:10:47 [main] INFO  o.s.cloud.context.scope.GenericScope - BeanFactory id=2a519873-3bf9-3410-9240-bed5bf7485b8
2022-01-30 18:10:47 [main] INFO  o.s.b.w.e.tomcat.TomcatWebServer - Tomcat initialized with port(s): 8888 (http)
2022-01-30 18:10:47 [main] INFO  o.a.coyote.http11.Http11NioProtocol - Initializing ProtocolHandler ["http-nio-8888"]
2022-01-30 18:10:47 [main] INFO  o.a.catalina.core.StandardService - Starting service [Tomcat]
2022-01-30 18:10:47 [main] INFO  o.a.catalina.core.StandardEngine - Starting Servlet engine: [Apache Tomcat/9.0.38]
2022-01-30 18:10:48 [main] INFO  o.a.c.c.C.[Tomcat].[localhost].[/] - Initializing Spring embedded WebApplicationContext
2022-01-30 18:10:48 [main] INFO  o.s.b.w.s.c.ServletWebServerApplicationContext - Root WebApplicationContext: initialization completed in 1190 ms
2022-01-30 18:10:48 [main] INFO  o.s.s.c.ThreadPoolTaskExecutor - Initializing ExecutorService 'applicationTaskExecutor'
2022-01-30 18:10:49 [main] INFO  o.s.s.web.DefaultSecurityFilterChain - Creating filter chain: Ant [pattern='/actuator/**'], []
2022-01-30 18:10:49 [main] INFO  o.s.s.web.DefaultSecurityFilterChain - Creating filter chain: Ant [pattern='/encrypt/**'], []
2022-01-30 18:10:49 [main] INFO  o.s.s.web.DefaultSecurityFilterChain - Creating filter chain: Ant [pattern='/decrypt/**'], []
2022-01-30 18:10:49 [main] INFO  o.s.s.web.DefaultSecurityFilterChain - Creating filter chain: any request, [org.springframework.security.web.context.request.async.WebAsyncManagerIntegrationFilter@395eb363, org.springframework.security.web.context.SecurityContextPersistenceFilter@186f7434, org.springframework.security.web.header.HeaderWriterFilter@3f4964f2, org.springframework.security.web.csrf.CsrfFilter@1c788d08, org.springframework.security.web.authentication.logout.LogoutFilter@145fe8ab, org.springframework.security.web.authentication.UsernamePasswordAuthenticationFilter@7d5ef1c3, org.springframework.security.web.authentication.ui.DefaultLoginPageGeneratingFilter@e3c36d, org.springframework.security.web.authentication.ui.DefaultLogoutPageGeneratingFilter@1e194966, org.springframework.security.web.authentication.www.BasicAuthenticationFilter@2c154508, org.springframework.security.web.savedrequest.RequestCacheAwareFilter@6ffc6ea7, org.springframework.security.web.servletapi.SecurityContextHolderAwareRequestFilter@6be8ce1b, org.springframework.security.web.authentication.AnonymousAuthenticationFilter@160546b1, org.springframework.security.web.session.SessionManagementFilter@299cab08, org.springframework.security.web.access.ExceptionTranslationFilter@4f7ba0af, org.springframework.security.web.access.intercept.FilterSecurityInterceptor@377e90b0]
2022-01-30 18:10:50 [main] INFO  o.s.b.a.e.web.EndpointLinksResolver - Exposing 2 endpoint(s) beneath base path '/actuator'
2022-01-30 18:10:50 [main] INFO  o.a.coyote.http11.Http11NioProtocol - Starting ProtocolHandler ["http-nio-8888"]
2022-01-30 18:10:50 [main] INFO  o.s.b.w.e.tomcat.TomcatWebServer - Tomcat started on port(s): 8888 (http) with context path ''
2022-01-30 18:10:51 [main] INFO  c.m.demo.config.server.ConfigServer - Started ConfigServer in 6.111 seconds (JVM running for 6.59)
2022-01-30 18:11:20 [http-nio-8888-exec-1] INFO  o.a.c.c.C.[Tomcat].[localhost].[/] - Initializing Spring DispatcherServlet 'dispatcherServlet'
2022-01-30 18:11:20 [http-nio-8888-exec-1] INFO  o.s.web.servlet.DispatcherServlet - Initializing Servlet 'dispatcherServlet'
2022-01-30 18:11:20 [http-nio-8888-exec-1] INFO  o.s.web.servlet.DispatcherServlet - Completed initialization in 4 ms
2022-01-30 18:11:20 [http-nio-8888-exec-1] WARN  o.a.c.util.SessionIdGeneratorBase - Creation of SecureRandom instance for session ID generation using [SHA1PRNG] took [316] milliseconds.
2022-01-30 18:11:21 [http-nio-8888-exec-1] INFO  o.s.c.c.s.e.NativeEnvironmentRepository - Adding property source: file:/C:/Users/Mourad/AppData/Local/Temp/config-repo-10918482039742018948/config-client-reactive_elastic_query.yml
2022-01-30 18:11:21 [http-nio-8888-exec-1] INFO  o.s.c.c.s.e.NativeEnvironmentRepository - Adding property source: file:/C:/Users/Mourad/AppData/Local/Temp/config-repo-10918482039742018948/config-client.yml
2022-01-30 18:11:53 [http-nio-8888-exec-3] INFO  o.s.c.c.s.e.NativeEnvironmentRepository - Adding property source: file:/C:/Users/Mourad/AppData/Local/Temp/config-repo-10918482039742018948/config-client-reactive_elastic_query_web.yml
2022-01-30 18:11:53 [http-nio-8888-exec-3] INFO  o.s.c.c.s.e.NativeEnvironmentRepository - Adding property source: file:/C:/Users/Mourad/AppData/Local/Temp/config-repo-10918482039742018948/config-client.yml
2022-01-30 18:16:53 [http-nio-8888-exec-5] INFO  o.s.c.c.s.e.NativeEnvironmentRepository - Adding property source: file:/C:/Users/Mourad/AppData/Local/Temp/config-repo-10918482039742018948/config-client-reactive_elastic_query_web.yml
2022-01-30 18:16:53 [http-nio-8888-exec-5] INFO  o.s.c.c.s.e.NativeEnvironmentRepository - Adding property source: file:/C:/Users/Mourad/AppData/Local/Temp/config-repo-10918482039742018948/config-client.yml
2022-01-30 18:19:24 [http-nio-8888-exec-7] INFO  o.s.c.c.s.e.NativeEnvironmentRepository - Adding property source: file:/C:/Users/Mourad/AppData/Local/Temp/config-repo-10918482039742018948/config-client-reactive_elastic_query_web.yml
2022-01-30 18:19:24 [http-nio-8888-exec-7] INFO  o.s.c.c.s.e.NativeEnvironmentRepository - Adding property source: file:/C:/Users/Mourad/AppData/Local/Temp/config-repo-10918482039742018948/config-client.yml
2022-01-30 18:20:05 [http-nio-8888-exec-9] INFO  o.s.c.c.s.e.NativeEnvironmentRepository - Adding property source: file:/C:/Users/Mourad/AppData/Local/Temp/config-repo-10918482039742018948/config-client-reactive_elastic_query_web.yml
2022-01-30 18:20:05 [http-nio-8888-exec-9] INFO  o.s.c.c.s.e.NativeEnvironmentRepository - Adding property source: file:/C:/Users/Mourad/AppData/Local/Temp/config-repo-10918482039742018948/config-client.yml
2022-01-30 18:23:24 [http-nio-8888-exec-1] INFO  o.s.c.c.s.e.NativeEnvironmentRepository - Adding property source: file:/C:/Users/Mourad/AppData/Local/Temp/config-repo-10918482039742018948/config-client-reactive_elastic_query_web.yml
2022-01-30 18:23:24 [http-nio-8888-exec-1] INFO  o.s.c.c.s.e.NativeEnvironmentRepository - Adding property source: file:/C:/Users/Mourad/AppData/Local/Temp/config-repo-10918482039742018948/config-client.yml
2022-01-30 18:28:28 [background-preinit] INFO  o.h.validator.internal.util.Version - HV000001: Hibernate Validator 6.1.5.Final
2022-01-30 18:28:29 [main] INFO  c.m.demo.config.server.ConfigServer - No active profile set, falling back to default profiles: default
2022-01-30 18:28:29 [main] INFO  o.s.cloud.context.scope.GenericScope - BeanFactory id=2a519873-3bf9-3410-9240-bed5bf7485b8
2022-01-30 18:28:30 [main] INFO  o.s.b.w.e.tomcat.TomcatWebServer - Tomcat initialized with port(s): 8888 (http)
2022-01-30 18:28:30 [main] INFO  o.a.coyote.http11.Http11NioProtocol - Initializing ProtocolHandler ["http-nio-8888"]
2022-01-30 18:28:30 [main] INFO  o.a.catalina.core.StandardService - Starting service [Tomcat]
2022-01-30 18:28:30 [main] INFO  o.a.catalina.core.StandardEngine - Starting Servlet engine: [Apache Tomcat/9.0.38]
2022-01-30 18:28:30 [main] INFO  o.a.c.c.C.[Tomcat].[localhost].[/] - Initializing Spring embedded WebApplicationContext
2022-01-30 18:28:30 [main] INFO  o.s.b.w.s.c.ServletWebServerApplicationContext - Root WebApplicationContext: initialization completed in 1210 ms
2022-01-30 18:28:30 [main] INFO  o.s.s.c.ThreadPoolTaskExecutor - Initializing ExecutorService 'applicationTaskExecutor'
2022-01-30 18:28:32 [main] INFO  o.s.s.web.DefaultSecurityFilterChain - Creating filter chain: Ant [pattern='/actuator/**'], []
2022-01-30 18:28:32 [main] INFO  o.s.s.web.DefaultSecurityFilterChain - Creating filter chain: Ant [pattern='/encrypt/**'], []
2022-01-30 18:28:32 [main] INFO  o.s.s.web.DefaultSecurityFilterChain - Creating filter chain: Ant [pattern='/decrypt/**'], []
2022-01-30 18:28:32 [main] INFO  o.s.s.web.DefaultSecurityFilterChain - Creating filter chain: any request, [org.springframework.security.web.context.request.async.WebAsyncManagerIntegrationFilter@160546b1, org.springframework.security.web.context.SecurityContextPersistenceFilter@6ffc6ea7, org.springframework.security.web.header.HeaderWriterFilter@299cab08, org.springframework.security.web.csrf.CsrfFilter@2a99fa07, org.springframework.security.web.authentication.logout.LogoutFilter@5d3634c8, org.springframework.security.web.authentication.UsernamePasswordAuthenticationFilter@34bf66af, org.springframework.security.web.authentication.ui.DefaultLoginPageGeneratingFilter@39a865c1, org.springframework.security.web.authentication.ui.DefaultLogoutPageGeneratingFilter@103e7c7c, org.springframework.security.web.authentication.www.BasicAuthenticationFilter@1e194966, org.springframework.security.web.savedrequest.RequestCacheAwareFilter@4ffa078d, org.springframework.security.web.servletapi.SecurityContextHolderAwareRequestFilter@397a10df, org.springframework.security.web.authentication.AnonymousAuthenticationFilter@5c3710b3, org.springframework.security.web.session.SessionManagementFilter@186f7434, org.springframework.security.web.access.ExceptionTranslationFilter@3f4964f2, org.springframework.security.web.access.intercept.FilterSecurityInterceptor@36cf16a6]
2022-01-30 18:28:32 [main] INFO  o.s.b.a.e.web.EndpointLinksResolver - Exposing 2 endpoint(s) beneath base path '/actuator'
2022-01-30 18:28:32 [main] INFO  o.a.coyote.http11.Http11NioProtocol - Starting ProtocolHandler ["http-nio-8888"]
2022-01-30 18:28:32 [main] INFO  o.s.b.w.e.tomcat.TomcatWebServer - Tomcat started on port(s): 8888 (http) with context path ''
2022-01-30 18:28:33 [main] INFO  c.m.demo.config.server.ConfigServer - Started ConfigServer in 6.047 seconds (JVM running for 6.5)
2022-01-30 18:28:45 [http-nio-8888-exec-1] INFO  o.a.c.c.C.[Tomcat].[localhost].[/] - Initializing Spring DispatcherServlet 'dispatcherServlet'
2022-01-30 18:28:45 [http-nio-8888-exec-1] INFO  o.s.web.servlet.DispatcherServlet - Initializing Servlet 'dispatcherServlet'
2022-01-30 18:28:45 [http-nio-8888-exec-1] INFO  o.s.web.servlet.DispatcherServlet - Completed initialization in 5 ms
2022-01-30 18:28:45 [http-nio-8888-exec-1] WARN  o.a.c.util.SessionIdGeneratorBase - Creation of SecureRandom instance for session ID generation using [SHA1PRNG] took [330] milliseconds.
2022-01-30 18:28:46 [http-nio-8888-exec-1] INFO  o.s.c.c.s.e.NativeEnvironmentRepository - Adding property source: file:/C:/Users/Mourad/AppData/Local/Temp/config-repo-13363535810043638477/config-client-reactive_elastic_query.yml
2022-01-30 18:28:46 [http-nio-8888-exec-1] INFO  o.s.c.c.s.e.NativeEnvironmentRepository - Adding property source: file:/C:/Users/Mourad/AppData/Local/Temp/config-repo-13363535810043638477/config-client.yml
2022-01-30 18:29:00 [http-nio-8888-exec-2] INFO  o.s.c.c.s.e.NativeEnvironmentRepository - Adding property source: file:/C:/Users/Mourad/AppData/Local/Temp/config-repo-13363535810043638477/config-client-reactive_elastic_query_web.yml
2022-01-30 18:29:00 [http-nio-8888-exec-2] INFO  o.s.c.c.s.e.NativeEnvironmentRepository - Adding property source: file:/C:/Users/Mourad/AppData/Local/Temp/config-repo-13363535810043638477/config-client.yml
2022-01-30 18:35:28 [background-preinit] INFO  o.h.validator.internal.util.Version - HV000001: Hibernate Validator 6.1.5.Final
2022-01-30 18:35:29 [main] INFO  c.m.demo.config.server.ConfigServer - No active profile set, falling back to default profiles: default
2022-01-30 18:35:29 [main] INFO  o.s.cloud.context.scope.GenericScope - BeanFactory id=2a519873-3bf9-3410-9240-bed5bf7485b8
2022-01-30 18:35:30 [main] INFO  o.s.b.w.e.tomcat.TomcatWebServer - Tomcat initialized with port(s): 8888 (http)
2022-01-30 18:35:30 [main] INFO  o.a.coyote.http11.Http11NioProtocol - Initializing ProtocolHandler ["http-nio-8888"]
2022-01-30 18:35:30 [main] INFO  o.a.catalina.core.StandardService - Starting service [Tomcat]
2022-01-30 18:35:30 [main] INFO  o.a.catalina.core.StandardEngine - Starting Servlet engine: [Apache Tomcat/9.0.38]
2022-01-30 18:35:30 [main] INFO  o.a.c.c.C.[Tomcat].[localhost].[/] - Initializing Spring embedded WebApplicationContext
2022-01-30 18:35:30 [main] INFO  o.s.b.w.s.c.ServletWebServerApplicationContext - Root WebApplicationContext: initialization completed in 1190 ms
2022-01-30 18:35:30 [main] INFO  o.s.s.c.ThreadPoolTaskExecutor - Initializing ExecutorService 'applicationTaskExecutor'
2022-01-30 18:35:32 [main] INFO  o.s.s.web.DefaultSecurityFilterChain - Creating filter chain: Ant [pattern='/actuator/**'], []
2022-01-30 18:35:32 [main] INFO  o.s.s.web.DefaultSecurityFilterChain - Creating filter chain: Ant [pattern='/encrypt/**'], []
2022-01-30 18:35:32 [main] INFO  o.s.s.web.DefaultSecurityFilterChain - Creating filter chain: Ant [pattern='/decrypt/**'], []
2022-01-30 18:35:32 [main] INFO  o.s.s.web.DefaultSecurityFilterChain - Creating filter chain: any request, [org.springframework.security.web.context.request.async.WebAsyncManagerIntegrationFilter@3dfc59c5, org.springframework.security.web.context.SecurityContextPersistenceFilter@397a10df, org.springframework.security.web.header.HeaderWriterFilter@49fe0bcd, org.springframework.security.web.csrf.CsrfFilter@7791ff50, org.springframework.security.web.authentication.logout.LogoutFilter@73da303e, org.springframework.security.web.authentication.UsernamePasswordAuthenticationFilter@1e194966, org.springframework.security.web.authentication.ui.DefaultLoginPageGeneratingFilter@71285693, org.springframework.security.web.authentication.ui.DefaultLogoutPageGeneratingFilter@2cff5aa3, org.springframework.security.web.authentication.www.BasicAuthenticationFilter@23708f14, org.springframework.security.web.savedrequest.RequestCacheAwareFilter@141dfcf9, org.springframework.security.web.servletapi.SecurityContextHolderAwareRequestFilter@56f72909, org.springframework.security.web.authentication.AnonymousAuthenticationFilter@b6136eb, org.springframework.security.web.session.SessionManagementFilter@6be8ce1b, org.springframework.security.web.access.ExceptionTranslationFilter@42238078, org.springframework.security.web.access.intercept.FilterSecurityInterceptor@11309dd4]
2022-01-30 18:35:33 [main] INFO  o.s.b.a.e.web.EndpointLinksResolver - Exposing 2 endpoint(s) beneath base path '/actuator'
2022-01-30 18:35:33 [main] INFO  o.a.coyote.http11.Http11NioProtocol - Starting ProtocolHandler ["http-nio-8888"]
2022-01-30 18:35:33 [main] INFO  o.s.b.w.e.tomcat.TomcatWebServer - Tomcat started on port(s): 8888 (http) with context path ''
2022-01-30 18:35:33 [main] INFO  c.m.demo.config.server.ConfigServer - Started ConfigServer in 6.091 seconds (JVM running for 6.537)
2022-01-30 18:35:40 [http-nio-8888-exec-1] INFO  o.a.c.c.C.[Tomcat].[localhost].[/] - Initializing Spring DispatcherServlet 'dispatcherServlet'
2022-01-30 18:35:40 [http-nio-8888-exec-1] INFO  o.s.web.servlet.DispatcherServlet - Initializing Servlet 'dispatcherServlet'
2022-01-30 18:35:40 [http-nio-8888-exec-1] INFO  o.s.web.servlet.DispatcherServlet - Completed initialization in 5 ms
2022-01-30 18:35:40 [http-nio-8888-exec-1] WARN  o.a.c.util.SessionIdGeneratorBase - Creation of SecureRandom instance for session ID generation using [SHA1PRNG] took [320] milliseconds.
2022-01-30 18:35:41 [http-nio-8888-exec-1] INFO  o.s.c.c.s.e.NativeEnvironmentRepository - Adding property source: file:/C:/Users/Mourad/AppData/Local/Temp/config-repo-4012779341440099586/config-client-elastic_query.yml
2022-01-30 18:35:41 [http-nio-8888-exec-1] INFO  o.s.c.c.s.e.NativeEnvironmentRepository - Adding property source: file:/C:/Users/Mourad/AppData/Local/Temp/config-repo-4012779341440099586/config-client.yml
2022-01-30 18:35:54 [http-nio-8888-exec-2] INFO  o.s.c.c.s.e.NativeEnvironmentRepository - Adding property source: file:/C:/Users/Mourad/AppData/Local/Temp/config-repo-4012779341440099586/config-client-elastic_query_web.yml
2022-01-30 18:35:54 [http-nio-8888-exec-2] INFO  o.s.c.c.s.e.NativeEnvironmentRepository - Adding property source: file:/C:/Users/Mourad/AppData/Local/Temp/config-repo-4012779341440099586/config-client.yml
2022-01-30 18:37:45 [background-preinit] INFO  o.h.validator.internal.util.Version - HV000001: Hibernate Validator 6.1.5.Final
2022-01-30 18:37:45 [main] INFO  c.m.demo.config.server.ConfigServer - No active profile set, falling back to default profiles: default
2022-01-30 18:37:46 [main] INFO  o.s.cloud.context.scope.GenericScope - BeanFactory id=2a519873-3bf9-3410-9240-bed5bf7485b8
2022-01-30 18:37:47 [main] INFO  o.s.b.w.e.tomcat.TomcatWebServer - Tomcat initialized with port(s): 8888 (http)
2022-01-30 18:37:47 [main] INFO  o.a.coyote.http11.Http11NioProtocol - Initializing ProtocolHandler ["http-nio-8888"]
2022-01-30 18:37:47 [main] INFO  o.a.catalina.core.StandardService - Starting service [Tomcat]
2022-01-30 18:37:47 [main] INFO  o.a.catalina.core.StandardEngine - Starting Servlet engine: [Apache Tomcat/9.0.38]
2022-01-30 18:37:47 [main] INFO  o.a.c.c.C.[Tomcat].[localhost].[/] - Initializing Spring embedded WebApplicationContext
2022-01-30 18:37:47 [main] INFO  o.s.b.w.s.c.ServletWebServerApplicationContext - Root WebApplicationContext: initialization completed in 1242 ms
2022-01-30 18:37:47 [main] INFO  o.s.s.c.ThreadPoolTaskExecutor - Initializing ExecutorService 'applicationTaskExecutor'
2022-01-30 18:37:49 [main] INFO  o.s.s.web.DefaultSecurityFilterChain - Creating filter chain: Ant [pattern='/actuator/**'], []
2022-01-30 18:37:49 [main] INFO  o.s.s.web.DefaultSecurityFilterChain - Creating filter chain: Ant [pattern='/encrypt/**'], []
2022-01-30 18:37:49 [main] INFO  o.s.s.web.DefaultSecurityFilterChain - Creating filter chain: Ant [pattern='/decrypt/**'], []
2022-01-30 18:37:49 [main] INFO  o.s.s.web.DefaultSecurityFilterChain - Creating filter chain: any request, [org.springframework.security.web.context.request.async.WebAsyncManagerIntegrationFilter@1e194966, org.springframework.security.web.context.SecurityContextPersistenceFilter@2374452a, org.springframework.security.web.header.HeaderWriterFilter@3bf01a01, org.springframework.security.web.csrf.CsrfFilter@2adc1e84, org.springframework.security.web.authentication.logout.LogoutFilter@3b347439, org.springframework.security.web.authentication.UsernamePasswordAuthenticationFilter@33eab2e8, org.springframework.security.web.authentication.ui.DefaultLoginPageGeneratingFilter@397a10df, org.springframework.security.web.authentication.ui.DefaultLogoutPageGeneratingFilter@160546b1, org.springframework.security.web.authentication.www.BasicAuthenticationFilter@395eb363, org.springframework.security.web.savedrequest.RequestCacheAwareFilter@2c5708e7, org.springframework.security.web.servletapi.SecurityContextHolderAwareRequestFilter@e3c36d, org.springframework.security.web.authentication.AnonymousAuthenticationFilter@103e7c7c, org.springframework.security.web.session.SessionManagementFilter@6c75e3bc, org.springframework.security.web.access.ExceptionTranslationFilter@5b23c1f6, org.springframework.security.web.access.intercept.FilterSecurityInterceptor@27b490de]
2022-01-30 18:37:49 [main] INFO  o.s.b.a.e.web.EndpointLinksResolver - Exposing 2 endpoint(s) beneath base path '/actuator'
2022-01-30 18:37:49 [main] INFO  o.a.coyote.http11.Http11NioProtocol - Starting ProtocolHandler ["http-nio-8888"]
2022-01-30 18:37:49 [main] INFO  o.s.b.w.e.tomcat.TomcatWebServer - Tomcat started on port(s): 8888 (http) with context path ''
2022-01-30 18:37:50 [main] INFO  c.m.demo.config.server.ConfigServer - Started ConfigServer in 6.28 seconds (JVM running for 6.717)
2022-01-30 18:38:09 [http-nio-8888-exec-1] INFO  o.a.c.c.C.[Tomcat].[localhost].[/] - Initializing Spring DispatcherServlet 'dispatcherServlet'
2022-01-30 18:38:09 [http-nio-8888-exec-1] INFO  o.s.web.servlet.DispatcherServlet - Initializing Servlet 'dispatcherServlet'
2022-01-30 18:38:09 [http-nio-8888-exec-1] INFO  o.s.web.servlet.DispatcherServlet - Completed initialization in 4 ms
2022-01-30 18:38:10 [http-nio-8888-exec-1] WARN  o.a.c.util.SessionIdGeneratorBase - Creation of SecureRandom instance for session ID generation using [SHA1PRNG] took [324] milliseconds.
2022-01-30 18:38:11 [http-nio-8888-exec-1] INFO  o.s.c.c.s.e.NativeEnvironmentRepository - Adding property source: file:/C:/Users/Mourad/AppData/Local/Temp/config-repo-11387363016204658965/config-client-reactive_elastic_query.yml
2022-01-30 18:38:11 [http-nio-8888-exec-1] INFO  o.s.c.c.s.e.NativeEnvironmentRepository - Adding property source: file:/C:/Users/Mourad/AppData/Local/Temp/config-repo-11387363016204658965/config-client.yml
2022-01-30 18:38:25 [http-nio-8888-exec-2] INFO  o.s.c.c.s.e.NativeEnvironmentRepository - Adding property source: file:/C:/Users/Mourad/AppData/Local/Temp/config-repo-11387363016204658965/config-client-reactive_elastic_query_web.yml
2022-01-30 18:38:25 [http-nio-8888-exec-2] INFO  o.s.c.c.s.e.NativeEnvironmentRepository - Adding property source: file:/C:/Users/Mourad/AppData/Local/Temp/config-repo-11387363016204658965/config-client.yml
2022-01-30 18:45:44 [background-preinit] INFO  o.h.validator.internal.util.Version - HV000001: Hibernate Validator 6.1.5.Final
2022-01-30 18:45:45 [main] INFO  c.m.demo.config.server.ConfigServer - No active profile set, falling back to default profiles: default
2022-01-30 18:45:45 [main] INFO  o.s.cloud.context.scope.GenericScope - BeanFactory id=2a519873-3bf9-3410-9240-bed5bf7485b8
2022-01-30 18:45:46 [main] INFO  o.s.b.w.e.tomcat.TomcatWebServer - Tomcat initialized with port(s): 8888 (http)
2022-01-30 18:45:46 [main] INFO  o.a.coyote.http11.Http11NioProtocol - Initializing ProtocolHandler ["http-nio-8888"]
2022-01-30 18:45:46 [main] INFO  o.a.catalina.core.StandardService - Starting service [Tomcat]
2022-01-30 18:45:46 [main] INFO  o.a.catalina.core.StandardEngine - Starting Servlet engine: [Apache Tomcat/9.0.38]
2022-01-30 18:45:46 [main] INFO  o.a.c.c.C.[Tomcat].[localhost].[/] - Initializing Spring embedded WebApplicationContext
2022-01-30 18:45:46 [main] INFO  o.s.b.w.s.c.ServletWebServerApplicationContext - Root WebApplicationContext: initialization completed in 1167 ms
2022-01-30 18:45:46 [main] INFO  o.s.s.c.ThreadPoolTaskExecutor - Initializing ExecutorService 'applicationTaskExecutor'
2022-01-30 18:45:48 [main] INFO  o.s.s.web.DefaultSecurityFilterChain - Creating filter chain: Ant [pattern='/actuator/**'], []
2022-01-30 18:45:48 [main] INFO  o.s.s.web.DefaultSecurityFilterChain - Creating filter chain: Ant [pattern='/encrypt/**'], []
2022-01-30 18:45:48 [main] INFO  o.s.s.web.DefaultSecurityFilterChain - Creating filter chain: Ant [pattern='/decrypt/**'], []
2022-01-30 18:45:48 [main] INFO  o.s.s.web.DefaultSecurityFilterChain - Creating filter chain: any request, [org.springframework.security.web.context.request.async.WebAsyncManagerIntegrationFilter@395eb363, org.springframework.security.web.context.SecurityContextPersistenceFilter@186f7434, org.springframework.security.web.header.HeaderWriterFilter@3f4964f2, org.springframework.security.web.csrf.CsrfFilter@1c788d08, org.springframework.security.web.authentication.logout.LogoutFilter@145fe8ab, org.springframework.security.web.authentication.UsernamePasswordAuthenticationFilter@7d5ef1c3, org.springframework.security.web.authentication.ui.DefaultLoginPageGeneratingFilter@e3c36d, org.springframework.security.web.authentication.ui.DefaultLogoutPageGeneratingFilter@1e194966, org.springframework.security.web.authentication.www.BasicAuthenticationFilter@2c154508, org.springframework.security.web.savedrequest.RequestCacheAwareFilter@6ffc6ea7, org.springframework.security.web.servletapi.SecurityContextHolderAwareRequestFilter@6be8ce1b, org.springframework.security.web.authentication.AnonymousAuthenticationFilter@160546b1, org.springframework.security.web.session.SessionManagementFilter@299cab08, org.springframework.security.web.access.ExceptionTranslationFilter@4f7ba0af, org.springframework.security.web.access.intercept.FilterSecurityInterceptor@377e90b0]
2022-01-30 18:45:48 [main] INFO  o.s.b.a.e.web.EndpointLinksResolver - Exposing 2 endpoint(s) beneath base path '/actuator'
2022-01-30 18:45:48 [main] INFO  o.a.coyote.http11.Http11NioProtocol - Starting ProtocolHandler ["http-nio-8888"]
2022-01-30 18:45:48 [main] INFO  o.s.b.w.e.tomcat.TomcatWebServer - Tomcat started on port(s): 8888 (http) with context path ''
2022-01-30 18:45:49 [main] INFO  c.m.demo.config.server.ConfigServer - Started ConfigServer in 6.071 seconds (JVM running for 6.51)
2022-01-30 18:45:57 [http-nio-8888-exec-1] INFO  o.a.c.c.C.[Tomcat].[localhost].[/] - Initializing Spring DispatcherServlet 'dispatcherServlet'
2022-01-30 18:45:57 [http-nio-8888-exec-1] INFO  o.s.web.servlet.DispatcherServlet - Initializing Servlet 'dispatcherServlet'
2022-01-30 18:45:57 [http-nio-8888-exec-1] INFO  o.s.web.servlet.DispatcherServlet - Completed initialization in 4 ms
2022-01-30 18:45:57 [http-nio-8888-exec-1] WARN  o.a.c.util.SessionIdGeneratorBase - Creation of SecureRandom instance for session ID generation using [SHA1PRNG] took [322] milliseconds.
2022-01-30 18:45:58 [http-nio-8888-exec-1] INFO  o.s.c.c.s.e.NativeEnvironmentRepository - Adding property source: file:/C:/Users/Mourad/AppData/Local/Temp/config-repo-10474803322124814512/config-client-reactive_elastic_query.yml
2022-01-30 18:45:58 [http-nio-8888-exec-1] INFO  o.s.c.c.s.e.NativeEnvironmentRepository - Adding property source: file:/C:/Users/Mourad/AppData/Local/Temp/config-repo-10474803322124814512/config-client.yml
2022-01-30 18:46:06 [http-nio-8888-exec-2] INFO  o.s.c.c.s.e.NativeEnvironmentRepository - Adding property source: file:/C:/Users/Mourad/AppData/Local/Temp/config-repo-10474803322124814512/config-client-reactive_elastic_query_web.yml
2022-01-30 18:46:06 [http-nio-8888-exec-2] INFO  o.s.c.c.s.e.NativeEnvironmentRepository - Adding property source: file:/C:/Users/Mourad/AppData/Local/Temp/config-repo-10474803322124814512/config-client.yml
