2022-01-24 01:18:03 [background-preinit] INFO  o.h.validator.internal.util.Version - HV000001: Hibernate Validator 6.1.5.Final
2022-01-24 01:18:04 [main] INFO  o.s.c.c.c.ConfigServicePropertySourceLocator - Fetching config from server at : http://config-server:8888
2022-01-24 01:18:04 [main] INFO  o.s.c.c.c.ConfigServicePropertySourceLocator - Located environment: name=elastic-query-service,config-client, profiles=[elastic_query], label=null, version=3b6007ccbf0dd8e7d7b998afe389eefb67a6e6fd, state=null
2022-01-24 01:18:04 [main] INFO  o.s.c.b.c.PropertySourceBootstrapConfiguration - Located property source: [BootstrapPropertySource {name='bootstrapProperties-configClient'}, BootstrapPropertySource {name='bootstrapProperties-https://github.com/dhambrimourad/spring-cloud-config-repository.git/config-client-elastic_query.yml'}, BootstrapPropertySource {name='bootstrapProperties-https://github.com/dhambrimourad/spring-cloud-config-repository.git/config-client.yml'}]
2022-01-24 01:18:04 [main] INFO  c.m.d.e.q.s.ElasticQueryServiceApplication - The following profiles are active: elastic_query
2022-01-24 01:18:05 [main] INFO  o.s.d.r.c.RepositoryConfigurationDelegate - Bootstrapping Spring Data Elasticsearch repositories in DEFAULT mode.
2022-01-24 01:18:05 [main] INFO  o.s.d.r.c.RepositoryConfigurationDelegate - Finished Spring Data repository scanning in 87ms. Found 1 Elasticsearch repository interfaces.
2022-01-24 01:18:06 [main] INFO  o.s.d.r.c.RepositoryConfigurationDelegate - Bootstrapping Spring Data Reactive Elasticsearch repositories in DEFAULT mode.
2022-01-24 01:18:06 [main] INFO  o.s.d.r.c.RepositoryConfigurationDelegate - Finished Spring Data repository scanning in 10ms. Found 0 Reactive Elasticsearch repository interfaces.
2022-01-24 01:18:06 [main] INFO  o.s.cloud.context.scope.GenericScope - BeanFactory id=3048891e-aa5a-3c23-8629-a4dbc267ad0e
2022-01-24 01:18:06 [main] INFO  o.s.b.w.e.tomcat.TomcatWebServer - Tomcat initialized with port(s): 8183 (http)
2022-01-24 01:18:06 [main] INFO  o.a.coyote.http11.Http11NioProtocol - Initializing ProtocolHandler ["http-nio-8183"]
2022-01-24 01:18:06 [main] INFO  o.a.catalina.core.StandardService - Starting service [Tomcat]
2022-01-24 01:18:06 [main] INFO  o.a.catalina.core.StandardEngine - Starting Servlet engine: [Apache Tomcat/9.0.38]
2022-01-24 01:18:06 [main] INFO  o.a.c.c.C.[.[.[/elastic-query-service] - Initializing Spring embedded WebApplicationContext
2022-01-24 01:18:06 [main] INFO  o.s.b.w.s.c.ServletWebServerApplicationContext - Root WebApplicationContext: initialization completed in 1809 ms
2022-01-24 01:18:06 [main] WARN  o.s.data.convert.CustomConversions - Registering converter from class org.springframework.data.geo.Point to interface java.util.Map as writing converter although it doesn't convert to a store-supported type! You might want to check your annotation setup at the converter implementation.
2022-01-24 01:18:06 [main] WARN  o.s.data.convert.CustomConversions - Registering converter from interface java.util.Map to class org.springframework.data.geo.Point as reading converter although it doesn't convert from a store-supported type! You might want to check your annotation setup at the converter implementation.
2022-01-24 01:18:06 [main] WARN  o.s.data.convert.CustomConversions - Registering converter from class org.springframework.data.elasticsearch.core.geo.GeoPoint to interface java.util.Map as writing converter although it doesn't convert to a store-supported type! You might want to check your annotation setup at the converter implementation.
2022-01-24 01:18:06 [main] WARN  o.s.data.convert.CustomConversions - Registering converter from interface java.util.Map to class org.springframework.data.elasticsearch.core.geo.GeoPoint as reading converter although it doesn't convert from a store-supported type! You might want to check your annotation setup at the converter implementation.
2022-01-24 01:18:06 [main] WARN  o.s.data.convert.CustomConversions - Registering converter from class org.springframework.data.geo.Point to interface java.util.Map as writing converter although it doesn't convert to a store-supported type! You might want to check your annotation setup at the converter implementation.
2022-01-24 01:18:06 [main] WARN  o.s.data.convert.CustomConversions - Registering converter from interface java.util.Map to class org.springframework.data.geo.Point as reading converter although it doesn't convert from a store-supported type! You might want to check your annotation setup at the converter implementation.
2022-01-24 01:18:06 [main] WARN  o.s.data.convert.CustomConversions - Registering converter from class org.springframework.data.elasticsearch.core.geo.GeoPoint to interface java.util.Map as writing converter although it doesn't convert to a store-supported type! You might want to check your annotation setup at the converter implementation.
2022-01-24 01:18:06 [main] WARN  o.s.data.convert.CustomConversions - Registering converter from interface java.util.Map to class org.springframework.data.elasticsearch.core.geo.GeoPoint as reading converter although it doesn't convert from a store-supported type! You might want to check your annotation setup at the converter implementation.
2022-01-24 01:18:07 [main] INFO  o.s.d.e.support.VersionInfo - Version Spring Data Elasticsearch: 4.0.4.RELEASE
2022-01-24 01:18:07 [main] INFO  o.s.d.e.support.VersionInfo - Version Elasticsearch Client in build: 7.6.2
2022-01-24 01:18:07 [main] INFO  o.s.d.e.support.VersionInfo - Version Elasticsearch Client used: 7.9.1
2022-01-24 01:18:07 [main] WARN  o.s.d.e.support.VersionInfo - Version mismatch in between Elasticsearch Clients build/use: 7.6.2 - 7.9.1
2022-01-24 01:18:07 [main] INFO  o.s.d.e.support.VersionInfo - Version Elasticsearch cluster: 7.9.1
2022-01-24 01:18:07 [main] INFO  o.s.s.web.DefaultSecurityFilterChain - Creating filter chain: Ant [pattern='/api-docs'], []
2022-01-24 01:18:07 [main] INFO  o.s.s.web.DefaultSecurityFilterChain - Creating filter chain: any request, [org.springframework.security.web.context.request.async.WebAsyncManagerIntegrationFilter@69c1ea07, org.springframework.security.web.context.SecurityContextPersistenceFilter@49fe0bcd, org.springframework.security.web.header.HeaderWriterFilter@4f7ba0af, org.springframework.security.web.authentication.logout.LogoutFilter@24068086, org.springframework.security.web.authentication.www.BasicAuthenticationFilter@570ed9c, org.springframework.security.web.savedrequest.RequestCacheAwareFilter@6be8ce1b, org.springframework.security.web.servletapi.SecurityContextHolderAwareRequestFilter@621392ea, org.springframework.security.web.authentication.AnonymousAuthenticationFilter@5cbe72b9, org.springframework.security.web.session.SessionManagementFilter@42238078, org.springframework.security.web.access.ExceptionTranslationFilter@10cb050, org.springframework.security.web.access.intercept.FilterSecurityInterceptor@12e2f5ab]
2022-01-24 01:18:07 [main] INFO  o.s.s.c.ThreadPoolTaskExecutor - Initializing ExecutorService 'applicationTaskExecutor'
2022-01-24 01:18:09 [main] INFO  o.a.coyote.http11.Http11NioProtocol - Starting ProtocolHandler ["http-nio-8183"]
2022-01-24 01:18:09 [main] INFO  o.s.b.w.e.tomcat.TomcatWebServer - Tomcat started on port(s): 8183 (http) with context path '/elastic-query-service'
2022-01-24 01:18:09 [main] INFO  c.m.d.e.q.s.ElasticQueryServiceApplication - Started ElasticQueryServiceApplication in 6.125 seconds (JVM running for 6.674)
2022-01-24 01:18:30 [http-nio-8183-exec-1] INFO  o.a.c.c.C.[.[.[/elastic-query-service] - Initializing Spring DispatcherServlet 'dispatcherServlet'
2022-01-24 01:18:30 [http-nio-8183-exec-1] INFO  o.s.web.servlet.DispatcherServlet - Initializing Servlet 'dispatcherServlet'
2022-01-24 01:18:30 [http-nio-8183-exec-1] INFO  o.s.web.servlet.DispatcherServlet - Completed initialization in 7 ms
2022-01-24 01:18:30 [http-nio-8183-exec-1] INFO  c.m.d.e.q.s.b.i.TwitterElasticQueryService - Querying all documents in elasticsearch!
2022-01-24 01:18:31 [http-nio-8183-exec-1] INFO  c.m.d.e.q.c.s.i.TwitterElasticRepositoryQueryClient - 1752 documents retrieved successfully
2022-01-24 01:18:31 [http-nio-8183-exec-1] INFO  c.m.d.e.q.s.a.ElasticDocumentController - Elasticsearch returned 1752 documents!
2022-01-24 01:18:49 [http-nio-8183-exec-3] INFO  c.m.d.e.q.s.b.i.TwitterElasticQueryService - Querying all documents in elasticsearch!
2022-01-24 01:18:49 [http-nio-8183-exec-3] INFO  c.m.d.e.q.c.s.i.TwitterElasticRepositoryQueryClient - 1777 documents retrieved successfully
2022-01-24 01:18:49 [http-nio-8183-exec-3] INFO  c.m.d.e.q.s.a.ElasticDocumentController - Elasticsearch returned 1777 documents!
2022-01-24 01:19:00 [http-nio-8183-exec-4] INFO  c.m.d.e.q.s.b.i.TwitterElasticQueryService - Querying all documents in elasticsearch!
2022-01-24 01:19:00 [http-nio-8183-exec-4] INFO  c.m.d.e.q.c.s.i.TwitterElasticRepositoryQueryClient - 1807 documents retrieved successfully
2022-01-24 01:19:00 [http-nio-8183-exec-4] INFO  c.m.d.e.q.s.a.ElasticDocumentController - Elasticsearch returned 1807 documents!
2022-01-24 01:19:12 [http-nio-8183-exec-5] INFO  c.m.d.e.q.s.b.i.TwitterElasticQueryService - Querying all documents in elasticsearch!
2022-01-24 01:19:12 [http-nio-8183-exec-5] INFO  c.m.d.e.q.c.s.i.TwitterElasticRepositoryQueryClient - 1829 documents retrieved successfully
2022-01-24 01:19:12 [http-nio-8183-exec-5] INFO  c.m.d.e.q.s.a.ElasticDocumentController - Elasticsearch returned 1829 documents!
2022-01-24 01:19:16 [http-nio-8183-exec-6] INFO  c.m.d.e.q.s.b.i.TwitterElasticQueryService - Querying all documents in elasticsearch!
2022-01-24 01:19:16 [http-nio-8183-exec-6] INFO  c.m.d.e.q.c.s.i.TwitterElasticRepositoryQueryClient - 1834 documents retrieved successfully
2022-01-24 01:19:16 [http-nio-8183-exec-6] INFO  c.m.d.e.q.s.a.ElasticDocumentController - Elasticsearch returned 1834 documents!
2022-01-24 01:19:20 [http-nio-8183-exec-7] INFO  c.m.d.e.q.s.b.i.TwitterElasticQueryService - Querying all documents in elasticsearch!
2022-01-24 01:19:20 [http-nio-8183-exec-7] INFO  c.m.d.e.q.c.s.i.TwitterElasticRepositoryQueryClient - 1838 documents retrieved successfully
2022-01-24 01:19:20 [http-nio-8183-exec-7] INFO  c.m.d.e.q.s.a.ElasticDocumentController - Elasticsearch returned 1838 documents!
2022-01-24 01:19:25 [http-nio-8183-exec-8] INFO  c.m.d.e.q.s.b.i.TwitterElasticQueryService - Querying all documents in elasticsearch!
2022-01-24 01:19:25 [http-nio-8183-exec-8] INFO  c.m.d.e.q.c.s.i.TwitterElasticRepositoryQueryClient - 1850 documents retrieved successfully
2022-01-24 01:19:25 [http-nio-8183-exec-8] INFO  c.m.d.e.q.s.a.ElasticDocumentController - Elasticsearch returned 1850 documents!
