2022-03-20 22:08:21 [main] INFO  o.s.c.c.c.ConfigServicePropertySourceLocator - Fetching config from server at : http://config-server:8888
2022-03-20 22:08:21 [main] INFO  o.s.c.c.c.ConfigServicePropertySourceLocator - Located environment: name=kafka-to-elastic-service,config-client, profiles=[kafka_to_elastic], label=null, version=d41226987382d48e19952fd61ec1143ba6d0ed6d, state=null
2022-03-20 22:08:21 [main] INFO  o.s.c.b.c.PropertySourceBootstrapConfiguration - Located property source: [BootstrapPropertySource {name='bootstrapProperties-configClient'}, BootstrapPropertySource {name='bootstrapProperties-https://github.com/dhambrimourad/spring-cloud-config-repository.git/config-client-kafka_to_elastic.yml'}, BootstrapPropertySource {name='bootstrapProperties-https://github.com/dhambrimourad/spring-cloud-config-repository.git/config-client.yml'}]
2022-03-20 22:08:21 [main] INFO  c.m.d.k.t.e.s.KafkaToElasticServiceApplication - The following profiles are active: kafka_to_elastic
2022-03-20 22:08:22 [main] INFO  o.s.d.r.c.RepositoryConfigurationDelegate - Bootstrapping Spring Data Elasticsearch repositories in DEFAULT mode.
2022-03-20 22:08:22 [main] INFO  o.s.d.r.c.RepositoryConfigurationDelegate - Finished Spring Data repository scanning in 176ms. Found 1 Elasticsearch repository interfaces.
2022-03-20 22:08:22 [main] INFO  o.s.d.r.c.RepositoryConfigurationDelegate - Bootstrapping Spring Data Reactive Elasticsearch repositories in DEFAULT mode.
2022-03-20 22:08:22 [main] INFO  o.s.d.r.c.RepositoryConfigurationDelegate - Finished Spring Data repository scanning in 7ms. Found 0 Reactive Elasticsearch repository interfaces.
2022-03-20 22:08:22 [main] INFO  o.s.cloud.context.scope.GenericScope - BeanFactory id=a4aacb1c-2bdf-3a09-9a2b-37d9512ba6cb
2022-03-20 22:08:22 [main] INFO  o.s.c.s.PostProcessorRegistrationDelegate$BeanPostProcessorChecker - Bean 'org.springframework.retry.annotation.RetryConfiguration' of type [org.springframework.retry.annotation.RetryConfiguration$$EnhancerBySpringCGLIB$$f44235b1] is not eligible for getting processed by all BeanPostProcessors (for example: not eligible for auto-proxying)
2022-03-20 22:08:22 [main] INFO  o.a.k.c.admin.AdminClientConfig - AdminClientConfig values: 
	bootstrap.servers = [kafka-broker-1:9092, kafka-broker-2:9092, kafka-broker-3:9092]
	client.dns.lookup = default
	client.id = 
	connections.max.idle.ms = 300000
	default.api.timeout.ms = 60000
	metadata.max.age.ms = 300000
	metric.reporters = []
	metrics.num.samples = 2
	metrics.recording.level = INFO
	metrics.sample.window.ms = 30000
	receive.buffer.bytes = 65536
	reconnect.backoff.max.ms = 1000
	reconnect.backoff.ms = 50
	request.timeout.ms = 30000
	retries = 2147483647
	retry.backoff.ms = 100
	sasl.client.callback.handler.class = null
	sasl.jaas.config = null
	sasl.kerberos.kinit.cmd = /usr/bin/kinit
	sasl.kerberos.min.time.before.relogin = 60000
	sasl.kerberos.service.name = null
	sasl.kerberos.ticket.renew.jitter = 0.05
	sasl.kerberos.ticket.renew.window.factor = 0.8
	sasl.login.callback.handler.class = null
	sasl.login.class = null
	sasl.login.refresh.buffer.seconds = 300
	sasl.login.refresh.min.period.seconds = 60
	sasl.login.refresh.window.factor = 0.8
	sasl.login.refresh.window.jitter = 0.05
	sasl.mechanism = GSSAPI
	security.protocol = PLAINTEXT
	security.providers = null
	send.buffer.bytes = 131072
	ssl.cipher.suites = null
	ssl.enabled.protocols = [TLSv1.2]
	ssl.endpoint.identification.algorithm = https
	ssl.key.password = null
	ssl.keymanager.algorithm = SunX509
	ssl.keystore.location = null
	ssl.keystore.password = null
	ssl.keystore.type = JKS
	ssl.protocol = TLSv1.2
	ssl.provider = null
	ssl.secure.random.implementation = null
	ssl.trustmanager.algorithm = PKIX
	ssl.truststore.location = null
	ssl.truststore.password = null
	ssl.truststore.type = JKS

2022-03-20 22:08:22 [main] INFO  o.a.kafka.common.utils.AppInfoParser - Kafka version: 2.5.1
2022-03-20 22:08:22 [main] INFO  o.a.kafka.common.utils.AppInfoParser - Kafka commitId: 0efa8fb0f4c73d92
2022-03-20 22:08:22 [main] INFO  o.a.kafka.common.utils.AppInfoParser - Kafka startTimeMs: 1647814102834
2022-03-20 22:08:23 [main] WARN  o.s.data.convert.CustomConversions - Registering converter from class org.springframework.data.geo.Point to interface java.util.Map as writing converter although it doesn't convert to a store-supported type! You might want to check your annotation setup at the converter implementation.
2022-03-20 22:08:23 [main] WARN  o.s.data.convert.CustomConversions - Registering converter from interface java.util.Map to class org.springframework.data.geo.Point as reading converter although it doesn't convert from a store-supported type! You might want to check your annotation setup at the converter implementation.
2022-03-20 22:08:23 [main] WARN  o.s.data.convert.CustomConversions - Registering converter from class org.springframework.data.elasticsearch.core.geo.GeoPoint to interface java.util.Map as writing converter although it doesn't convert to a store-supported type! You might want to check your annotation setup at the converter implementation.
2022-03-20 22:08:23 [main] WARN  o.s.data.convert.CustomConversions - Registering converter from interface java.util.Map to class org.springframework.data.elasticsearch.core.geo.GeoPoint as reading converter although it doesn't convert from a store-supported type! You might want to check your annotation setup at the converter implementation.
2022-03-20 22:08:23 [main] WARN  o.s.data.convert.CustomConversions - Registering converter from class org.springframework.data.geo.Point to interface java.util.Map as writing converter although it doesn't convert to a store-supported type! You might want to check your annotation setup at the converter implementation.
2022-03-20 22:08:23 [main] WARN  o.s.data.convert.CustomConversions - Registering converter from interface java.util.Map to class org.springframework.data.geo.Point as reading converter although it doesn't convert from a store-supported type! You might want to check your annotation setup at the converter implementation.
2022-03-20 22:08:23 [main] WARN  o.s.data.convert.CustomConversions - Registering converter from class org.springframework.data.elasticsearch.core.geo.GeoPoint to interface java.util.Map as writing converter although it doesn't convert to a store-supported type! You might want to check your annotation setup at the converter implementation.
2022-03-20 22:08:23 [main] WARN  o.s.data.convert.CustomConversions - Registering converter from interface java.util.Map to class org.springframework.data.elasticsearch.core.geo.GeoPoint as reading converter although it doesn't convert from a store-supported type! You might want to check your annotation setup at the converter implementation.
2022-03-20 22:08:23 [main] INFO  o.s.d.e.support.VersionInfo - Version Spring Data Elasticsearch: 4.0.4.RELEASE
2022-03-20 22:08:23 [main] INFO  o.s.d.e.support.VersionInfo - Version Elasticsearch Client in build: 7.6.2
2022-03-20 22:08:23 [main] INFO  o.s.d.e.support.VersionInfo - Version Elasticsearch Client used: 7.9.1
2022-03-20 22:08:23 [main] WARN  o.s.d.e.support.VersionInfo - Version mismatch in between Elasticsearch Clients build/use: 7.6.2 - 7.9.1
2022-03-20 22:08:23 [main] INFO  o.s.d.e.support.VersionInfo - Version Elasticsearch cluster: 7.9.1
2022-03-20 22:08:23 [main] INFO  o.s.b.a.s.r.ReactiveUserDetailsServiceAutoConfiguration - 

Using generated security password: b6200cac-51ff-419c-b916-1f3a590f34cc

2022-03-20 22:08:24 [main] INFO  o.s.b.w.e.netty.NettyWebServer - Netty started on port(s): 8182
2022-03-20 22:08:24 [main] INFO  c.m.d.k.t.e.s.KafkaToElasticServiceApplication - Started KafkaToElasticServiceApplication in 4.122 seconds (JVM running for 4.646)
2022-03-20 22:08:24 [main] INFO  c.m.d.k.a.client.KafkaAdminClient - Reading Kafka topic(s) [twitter-topic], attempt 0
2022-03-20 22:08:24 [main] INFO  c.m.d.k.t.e.s.c.i.TwitterKafkaConsumer - Topics with name twitter-topic ready for operations!
2022-03-20 22:08:24 [main] INFO  o.a.k.c.consumer.ConsumerConfig - ConsumerConfig values: 
	allow.auto.create.topics = true
	auto.commit.interval.ms = 5000
	auto.offset.reset = earliest
	bootstrap.servers = [kafka-broker-1:9092, kafka-broker-2:9092, kafka-broker-3:9092]
	check.crcs = true
	client.dns.lookup = default
	client.id = 
	client.rack = 
	connections.max.idle.ms = 540000
	default.api.timeout.ms = 60000
	enable.auto.commit = false
	exclude.internal.topics = true
	fetch.max.bytes = 52428800
	fetch.max.wait.ms = 500
	fetch.min.bytes = 1
	group.id = twitter-topic-consumer
	group.instance.id = null
	heartbeat.interval.ms = 3000
	interceptor.classes = []
	internal.leave.group.on.close = true
	isolation.level = read_uncommitted
	key.deserializer = class org.apache.kafka.common.serialization.LongDeserializer
	max.partition.fetch.bytes = 1048576
	max.poll.interval.ms = 300000
	max.poll.records = 500
	metadata.max.age.ms = 300000
	metric.reporters = []
	metrics.num.samples = 2
	metrics.recording.level = INFO
	metrics.sample.window.ms = 30000
	partition.assignment.strategy = [class org.apache.kafka.clients.consumer.RangeAssignor]
	receive.buffer.bytes = 65536
	reconnect.backoff.max.ms = 1000
	reconnect.backoff.ms = 50
	request.timeout.ms = 30000
	retry.backoff.ms = 100
	sasl.client.callback.handler.class = null
	sasl.jaas.config = null
	sasl.kerberos.kinit.cmd = /usr/bin/kinit
	sasl.kerberos.min.time.before.relogin = 60000
	sasl.kerberos.service.name = null
	sasl.kerberos.ticket.renew.jitter = 0.05
	sasl.kerberos.ticket.renew.window.factor = 0.8
	sasl.login.callback.handler.class = null
	sasl.login.class = null
	sasl.login.refresh.buffer.seconds = 300
	sasl.login.refresh.min.period.seconds = 60
	sasl.login.refresh.window.factor = 0.8
	sasl.login.refresh.window.jitter = 0.05
	sasl.mechanism = GSSAPI
	security.protocol = PLAINTEXT
	security.providers = null
	send.buffer.bytes = 131072
	session.timeout.ms = 10000
	ssl.cipher.suites = null
	ssl.enabled.protocols = [TLSv1.2]
	ssl.endpoint.identification.algorithm = https
	ssl.key.password = null
	ssl.keymanager.algorithm = SunX509
	ssl.keystore.location = null
	ssl.keystore.password = null
	ssl.keystore.type = JKS
	ssl.protocol = TLSv1.2
	ssl.provider = null
	ssl.secure.random.implementation = null
	ssl.trustmanager.algorithm = PKIX
	ssl.truststore.location = null
	ssl.truststore.password = null
	ssl.truststore.type = JKS
	value.deserializer = class io.confluent.kafka.serializers.KafkaAvroDeserializer

2022-03-20 22:08:24 [main] INFO  i.c.k.s.KafkaAvroDeserializerConfig - KafkaAvroDeserializerConfig values: 
	bearer.auth.token = [hidden]
	proxy.port = -1
	schema.reflection = false
	auto.register.schemas = true
	max.schemas.per.subject = 1000
	basic.auth.credentials.source = URL
	specific.avro.reader = true
	value.subject.name.strategy = class io.confluent.kafka.serializers.subject.TopicNameStrategy
	schema.registry.url = [http://schema-registry:8081]
	basic.auth.user.info = [hidden]
	proxy.host = 
	use.latest.version = false
	schema.registry.basic.auth.user.info = [hidden]
	bearer.auth.credentials.source = STATIC_TOKEN
	key.subject.name.strategy = class io.confluent.kafka.serializers.subject.TopicNameStrategy

2022-03-20 22:08:24 [main] INFO  o.a.kafka.common.utils.AppInfoParser - Kafka version: 2.5.1
2022-03-20 22:08:24 [main] INFO  o.a.kafka.common.utils.AppInfoParser - Kafka commitId: 0efa8fb0f4c73d92
2022-03-20 22:08:24 [main] INFO  o.a.kafka.common.utils.AppInfoParser - Kafka startTimeMs: 1647814104568
2022-03-20 22:08:24 [main] INFO  o.a.k.clients.consumer.KafkaConsumer - [Consumer clientId=consumer-twitter-topic-consumer-1, groupId=twitter-topic-consumer] Subscribed to topic(s): twitter-topic
2022-03-20 22:08:24 [main] INFO  o.s.s.c.ThreadPoolTaskScheduler - Initializing ExecutorService
2022-03-20 22:08:24 [main] INFO  o.a.k.c.consumer.ConsumerConfig - ConsumerConfig values: 
	allow.auto.create.topics = true
	auto.commit.interval.ms = 5000
	auto.offset.reset = earliest
	bootstrap.servers = [kafka-broker-1:9092, kafka-broker-2:9092, kafka-broker-3:9092]
	check.crcs = true
	client.dns.lookup = default
	client.id = 
	client.rack = 
	connections.max.idle.ms = 540000
	default.api.timeout.ms = 60000
	enable.auto.commit = false
	exclude.internal.topics = true
	fetch.max.bytes = 52428800
	fetch.max.wait.ms = 500
	fetch.min.bytes = 1
	group.id = twitter-topic-consumer
	group.instance.id = null
	heartbeat.interval.ms = 3000
	interceptor.classes = []
	internal.leave.group.on.close = true
	isolation.level = read_uncommitted
	key.deserializer = class org.apache.kafka.common.serialization.LongDeserializer
	max.partition.fetch.bytes = 1048576
	max.poll.interval.ms = 300000
	max.poll.records = 500
	metadata.max.age.ms = 300000
	metric.reporters = []
	metrics.num.samples = 2
	metrics.recording.level = INFO
	metrics.sample.window.ms = 30000
	partition.assignment.strategy = [class org.apache.kafka.clients.consumer.RangeAssignor]
	receive.buffer.bytes = 65536
	reconnect.backoff.max.ms = 1000
	reconnect.backoff.ms = 50
	request.timeout.ms = 30000
	retry.backoff.ms = 100
	sasl.client.callback.handler.class = null
	sasl.jaas.config = null
	sasl.kerberos.kinit.cmd = /usr/bin/kinit
	sasl.kerberos.min.time.before.relogin = 60000
	sasl.kerberos.service.name = null
	sasl.kerberos.ticket.renew.jitter = 0.05
	sasl.kerberos.ticket.renew.window.factor = 0.8
	sasl.login.callback.handler.class = null
	sasl.login.class = null
	sasl.login.refresh.buffer.seconds = 300
	sasl.login.refresh.min.period.seconds = 60
	sasl.login.refresh.window.factor = 0.8
	sasl.login.refresh.window.jitter = 0.05
	sasl.mechanism = GSSAPI
	security.protocol = PLAINTEXT
	security.providers = null
	send.buffer.bytes = 131072
	session.timeout.ms = 10000
	ssl.cipher.suites = null
	ssl.enabled.protocols = [TLSv1.2]
	ssl.endpoint.identification.algorithm = https
	ssl.key.password = null
	ssl.keymanager.algorithm = SunX509
	ssl.keystore.location = null
	ssl.keystore.password = null
	ssl.keystore.type = JKS
	ssl.protocol = TLSv1.2
	ssl.provider = null
	ssl.secure.random.implementation = null
	ssl.trustmanager.algorithm = PKIX
	ssl.truststore.location = null
	ssl.truststore.password = null
	ssl.truststore.type = JKS
	value.deserializer = class io.confluent.kafka.serializers.KafkaAvroDeserializer

2022-03-20 22:08:24 [main] INFO  i.c.k.s.KafkaAvroDeserializerConfig - KafkaAvroDeserializerConfig values: 
	bearer.auth.token = [hidden]
	proxy.port = -1
	schema.reflection = false
	auto.register.schemas = true
	max.schemas.per.subject = 1000
	basic.auth.credentials.source = URL
	specific.avro.reader = true
	value.subject.name.strategy = class io.confluent.kafka.serializers.subject.TopicNameStrategy
	schema.registry.url = [http://schema-registry:8081]
	basic.auth.user.info = [hidden]
	proxy.host = 
	use.latest.version = false
	schema.registry.basic.auth.user.info = [hidden]
	bearer.auth.credentials.source = STATIC_TOKEN
	key.subject.name.strategy = class io.confluent.kafka.serializers.subject.TopicNameStrategy

2022-03-20 22:08:24 [main] INFO  o.a.kafka.common.utils.AppInfoParser - Kafka version: 2.5.1
2022-03-20 22:08:24 [main] INFO  o.a.kafka.common.utils.AppInfoParser - Kafka commitId: 0efa8fb0f4c73d92
2022-03-20 22:08:24 [main] INFO  o.a.kafka.common.utils.AppInfoParser - Kafka startTimeMs: 1647814104596
2022-03-20 22:08:24 [main] INFO  o.a.k.clients.consumer.KafkaConsumer - [Consumer clientId=consumer-twitter-topic-consumer-2, groupId=twitter-topic-consumer] Subscribed to topic(s): twitter-topic
2022-03-20 22:08:24 [main] INFO  o.s.s.c.ThreadPoolTaskScheduler - Initializing ExecutorService
2022-03-20 22:08:24 [twitter-topic-consumer-0-C-1] INFO  org.apache.kafka.clients.Metadata - [Consumer clientId=consumer-twitter-topic-consumer-1, groupId=twitter-topic-consumer] Cluster ID: WIw6ieVzQxSxRJY6pW6Z5A
2022-03-20 22:08:24 [main] INFO  o.a.k.c.consumer.ConsumerConfig - ConsumerConfig values: 
	allow.auto.create.topics = true
	auto.commit.interval.ms = 5000
	auto.offset.reset = earliest
	bootstrap.servers = [kafka-broker-1:9092, kafka-broker-2:9092, kafka-broker-3:9092]
	check.crcs = true
	client.dns.lookup = default
	client.id = 
	client.rack = 
	connections.max.idle.ms = 540000
	default.api.timeout.ms = 60000
	enable.auto.commit = false
	exclude.internal.topics = true
	fetch.max.bytes = 52428800
	fetch.max.wait.ms = 500
	fetch.min.bytes = 1
	group.id = twitter-topic-consumer
	group.instance.id = null
	heartbeat.interval.ms = 3000
	interceptor.classes = []
	internal.leave.group.on.close = true
	isolation.level = read_uncommitted
	key.deserializer = class org.apache.kafka.common.serialization.LongDeserializer
	max.partition.fetch.bytes = 1048576
	max.poll.interval.ms = 300000
	max.poll.records = 500
	metadata.max.age.ms = 300000
	metric.reporters = []
	metrics.num.samples = 2
	metrics.recording.level = INFO
	metrics.sample.window.ms = 30000
	partition.assignment.strategy = [class org.apache.kafka.clients.consumer.RangeAssignor]
	receive.buffer.bytes = 65536
	reconnect.backoff.max.ms = 1000
	reconnect.backoff.ms = 50
	request.timeout.ms = 30000
	retry.backoff.ms = 100
	sasl.client.callback.handler.class = null
	sasl.jaas.config = null
	sasl.kerberos.kinit.cmd = /usr/bin/kinit
	sasl.kerberos.min.time.before.relogin = 60000
	sasl.kerberos.service.name = null
	sasl.kerberos.ticket.renew.jitter = 0.05
	sasl.kerberos.ticket.renew.window.factor = 0.8
	sasl.login.callback.handler.class = null
	sasl.login.class = null
	sasl.login.refresh.buffer.seconds = 300
	sasl.login.refresh.min.period.seconds = 60
	sasl.login.refresh.window.factor = 0.8
	sasl.login.refresh.window.jitter = 0.05
	sasl.mechanism = GSSAPI
	security.protocol = PLAINTEXT
	security.providers = null
	send.buffer.bytes = 131072
	session.timeout.ms = 10000
	ssl.cipher.suites = null
	ssl.enabled.protocols = [TLSv1.2]
	ssl.endpoint.identification.algorithm = https
	ssl.key.password = null
	ssl.keymanager.algorithm = SunX509
	ssl.keystore.location = null
	ssl.keystore.password = null
	ssl.keystore.type = JKS
	ssl.protocol = TLSv1.2
	ssl.provider = null
	ssl.secure.random.implementation = null
	ssl.trustmanager.algorithm = PKIX
	ssl.truststore.location = null
	ssl.truststore.password = null
	ssl.truststore.type = JKS
	value.deserializer = class io.confluent.kafka.serializers.KafkaAvroDeserializer

2022-03-20 22:08:24 [main] INFO  i.c.k.s.KafkaAvroDeserializerConfig - KafkaAvroDeserializerConfig values: 
	bearer.auth.token = [hidden]
	proxy.port = -1
	schema.reflection = false
	auto.register.schemas = true
	max.schemas.per.subject = 1000
	basic.auth.credentials.source = URL
	specific.avro.reader = true
	value.subject.name.strategy = class io.confluent.kafka.serializers.subject.TopicNameStrategy
	schema.registry.url = [http://schema-registry:8081]
	basic.auth.user.info = [hidden]
	proxy.host = 
	use.latest.version = false
	schema.registry.basic.auth.user.info = [hidden]
	bearer.auth.credentials.source = STATIC_TOKEN
	key.subject.name.strategy = class io.confluent.kafka.serializers.subject.TopicNameStrategy

2022-03-20 22:08:24 [twitter-topic-consumer-1-C-1] INFO  org.apache.kafka.clients.Metadata - [Consumer clientId=consumer-twitter-topic-consumer-2, groupId=twitter-topic-consumer] Cluster ID: WIw6ieVzQxSxRJY6pW6Z5A
2022-03-20 22:08:24 [main] INFO  o.a.kafka.common.utils.AppInfoParser - Kafka version: 2.5.1
2022-03-20 22:08:24 [main] INFO  o.a.kafka.common.utils.AppInfoParser - Kafka commitId: 0efa8fb0f4c73d92
2022-03-20 22:08:24 [main] INFO  o.a.kafka.common.utils.AppInfoParser - Kafka startTimeMs: 1647814104641
2022-03-20 22:08:24 [main] INFO  o.a.k.clients.consumer.KafkaConsumer - [Consumer clientId=consumer-twitter-topic-consumer-3, groupId=twitter-topic-consumer] Subscribed to topic(s): twitter-topic
2022-03-20 22:08:24 [main] INFO  o.s.s.c.ThreadPoolTaskScheduler - Initializing ExecutorService
2022-03-20 22:08:24 [twitter-topic-consumer-2-C-1] INFO  org.apache.kafka.clients.Metadata - [Consumer clientId=consumer-twitter-topic-consumer-3, groupId=twitter-topic-consumer] Cluster ID: WIw6ieVzQxSxRJY6pW6Z5A
2022-03-20 22:08:25 [twitter-topic-consumer-2-C-1] INFO  o.a.k.c.c.i.AbstractCoordinator - [Consumer clientId=consumer-twitter-topic-consumer-3, groupId=twitter-topic-consumer] Discovered group coordinator kafka-broker-2:9092 (id: 2147483645 rack: null)
2022-03-20 22:08:25 [twitter-topic-consumer-2-C-1] INFO  o.a.k.c.c.i.AbstractCoordinator - [Consumer clientId=consumer-twitter-topic-consumer-3, groupId=twitter-topic-consumer] (Re-)joining group
2022-03-20 22:08:25 [twitter-topic-consumer-1-C-1] INFO  o.a.k.c.c.i.AbstractCoordinator - [Consumer clientId=consumer-twitter-topic-consumer-2, groupId=twitter-topic-consumer] Discovered group coordinator kafka-broker-2:9092 (id: 2147483645 rack: null)
2022-03-20 22:08:25 [twitter-topic-consumer-1-C-1] INFO  o.a.k.c.c.i.AbstractCoordinator - [Consumer clientId=consumer-twitter-topic-consumer-2, groupId=twitter-topic-consumer] (Re-)joining group
2022-03-20 22:08:25 [twitter-topic-consumer-0-C-1] INFO  o.a.k.c.c.i.AbstractCoordinator - [Consumer clientId=consumer-twitter-topic-consumer-1, groupId=twitter-topic-consumer] Discovered group coordinator kafka-broker-2:9092 (id: 2147483645 rack: null)
2022-03-20 22:08:25 [twitter-topic-consumer-0-C-1] INFO  o.a.k.c.c.i.AbstractCoordinator - [Consumer clientId=consumer-twitter-topic-consumer-1, groupId=twitter-topic-consumer] (Re-)joining group
2022-03-20 22:08:31 [twitter-topic-consumer-2-C-1] INFO  o.a.k.c.c.i.ConsumerCoordinator - [Consumer clientId=consumer-twitter-topic-consumer-3, groupId=twitter-topic-consumer] Finished assignment for group at generation 1: {consumer-twitter-topic-consumer-3-bd69e710-79b3-40ba-a6fd-6487592fdb0f=Assignment(partitions=[twitter-topic-2]), consumer-twitter-topic-consumer-2-ecdf6e27-5dcf-4c63-9ef7-94b6619bfb5d=Assignment(partitions=[twitter-topic-1]), consumer-twitter-topic-consumer-1-958e4084-005b-4d27-90a9-b9405a19fd7c=Assignment(partitions=[twitter-topic-0])}
2022-03-20 22:08:31 [twitter-topic-consumer-2-C-1] INFO  o.a.k.c.c.i.AbstractCoordinator - [Consumer clientId=consumer-twitter-topic-consumer-3, groupId=twitter-topic-consumer] Successfully joined group with generation 1
2022-03-20 22:08:31 [twitter-topic-consumer-0-C-1] INFO  o.a.k.c.c.i.AbstractCoordinator - [Consumer clientId=consumer-twitter-topic-consumer-1, groupId=twitter-topic-consumer] Successfully joined group with generation 1
2022-03-20 22:08:31 [twitter-topic-consumer-1-C-1] INFO  o.a.k.c.c.i.AbstractCoordinator - [Consumer clientId=consumer-twitter-topic-consumer-2, groupId=twitter-topic-consumer] Successfully joined group with generation 1
2022-03-20 22:08:31 [twitter-topic-consumer-0-C-1] INFO  o.a.k.c.c.i.ConsumerCoordinator - [Consumer clientId=consumer-twitter-topic-consumer-1, groupId=twitter-topic-consumer] Adding newly assigned partitions: twitter-topic-0
2022-03-20 22:08:31 [twitter-topic-consumer-1-C-1] INFO  o.a.k.c.c.i.ConsumerCoordinator - [Consumer clientId=consumer-twitter-topic-consumer-2, groupId=twitter-topic-consumer] Adding newly assigned partitions: twitter-topic-1
2022-03-20 22:08:31 [twitter-topic-consumer-2-C-1] INFO  o.a.k.c.c.i.ConsumerCoordinator - [Consumer clientId=consumer-twitter-topic-consumer-3, groupId=twitter-topic-consumer] Adding newly assigned partitions: twitter-topic-2
2022-03-20 22:08:31 [twitter-topic-consumer-0-C-1] INFO  o.a.k.c.c.i.ConsumerCoordinator - [Consumer clientId=consumer-twitter-topic-consumer-1, groupId=twitter-topic-consumer] Found no committed offset for partition twitter-topic-0
2022-03-20 22:08:31 [twitter-topic-consumer-1-C-1] INFO  o.a.k.c.c.i.ConsumerCoordinator - [Consumer clientId=consumer-twitter-topic-consumer-2, groupId=twitter-topic-consumer] Found no committed offset for partition twitter-topic-1
2022-03-20 22:08:31 [twitter-topic-consumer-2-C-1] INFO  o.a.k.c.c.i.ConsumerCoordinator - [Consumer clientId=consumer-twitter-topic-consumer-3, groupId=twitter-topic-consumer] Found no committed offset for partition twitter-topic-2
2022-03-20 22:08:31 [twitter-topic-consumer-1-C-1] INFO  o.a.k.c.c.i.SubscriptionState - [Consumer clientId=consumer-twitter-topic-consumer-2, groupId=twitter-topic-consumer] Resetting offset for partition twitter-topic-1 to offset 0.
2022-03-20 22:08:31 [twitter-topic-consumer-1-C-1] INFO  o.s.k.l.KafkaMessageListenerContainer - twitter-topic-consumer: partitions assigned: [twitter-topic-1]
2022-03-20 22:08:31 [twitter-topic-consumer-0-C-1] INFO  o.a.k.c.c.i.SubscriptionState - [Consumer clientId=consumer-twitter-topic-consumer-1, groupId=twitter-topic-consumer] Resetting offset for partition twitter-topic-0 to offset 0.
2022-03-20 22:08:31 [twitter-topic-consumer-2-C-1] INFO  o.a.k.c.c.i.SubscriptionState - [Consumer clientId=consumer-twitter-topic-consumer-3, groupId=twitter-topic-consumer] Resetting offset for partition twitter-topic-2 to offset 0.
2022-03-20 22:08:31 [twitter-topic-consumer-0-C-1] INFO  o.s.k.l.KafkaMessageListenerContainer - twitter-topic-consumer: partitions assigned: [twitter-topic-0]
2022-03-20 22:08:31 [twitter-topic-consumer-2-C-1] INFO  o.s.k.l.KafkaMessageListenerContainer - twitter-topic-consumer: partitions assigned: [twitter-topic-2]
2022-03-20 22:08:31 [twitter-topic-consumer-1-C-1] INFO  c.m.d.k.t.e.s.c.i.TwitterKafkaConsumer - 18 number of messages received with keys [1497000076169945097, 1096520546987184130, 1284387954119585793, 1481048624834351106, 1068464871208046592, 993481654692958209, 1608823532, 96821309, 29731088, 1492841801627148289, 1254173397312892928, 634533128, 1126489292061204480, 888481798946267136, 633954250, 1497000076169945097, 201012915, 56327846], partitions [1, 1, 1, 1, 1, 1, 1, 1, 1, 1, 1, 1, 1, 1, 1, 1, 1, 1] and offsets [0, 1, 2, 3, 4, 5, 6, 7, 8, 9, 10, 11, 12, 13, 14, 15, 16, 17], sending it to Elastic: Thread id 69
2022-03-20 22:08:31 [twitter-topic-consumer-2-C-1] INFO  c.m.d.k.t.e.s.c.i.TwitterKafkaConsumer - 21 number of messages received with keys [1495192555817947151, 27677391, 1333087406904520705, 856120374626582528, 3714230715, 97979745, 1222673178, 320928309, 1418012817903468557, 88217826, 1296957554, 1449371214640787462, 426951699, 1059190638586052611, 122280584, 1013162831246774272, 2707919324, 238381227, 2201442792, 1052992374362828800, 16664309], partitions [2, 2, 2, 2, 2, 2, 2, 2, 2, 2, 2, 2, 2, 2, 2, 2, 2, 2, 2, 2, 2] and offsets [0, 1, 2, 3, 4, 5, 6, 7, 8, 9, 10, 11, 12, 13, 14, 15, 16, 17, 18, 19, 20], sending it to Elastic: Thread id 71
2022-03-20 22:08:31 [twitter-topic-consumer-0-C-1] INFO  c.m.d.k.t.e.s.c.i.TwitterKafkaConsumer - 27 number of messages received with keys [1339153432469360641, 347385613, 138077463, 1151086702519291904, 1486551157594107906, 1317239801775484928, 1346753686047920130, 1346753686047920130, 874882390090547201, 980928462763495424, 1296204201253576705, 494257268, 1358935899883532291, 1405697509112958976, 1276900855845801984, 1285297792739446784, 1480810215096287234, 1480810215096287234, 1251576322637410304, 1367461905728733184, 1109569060570886144, 711077108, 1188854350753472513, 1346753686047920130, 264078639, 701127717362786305, 1026535813625126913], partitions [0, 0, 0, 0, 0, 0, 0, 0, 0, 0, 0, 0, 0, 0, 0, 0, 0, 0, 0, 0, 0, 0, 0, 0, 0, 0, 0] and offsets [0, 1, 2, 3, 4, 5, 6, 7, 8, 9, 10, 11, 12, 13, 14, 15, 16, 17, 18, 19, 20, 21, 22, 23, 24, 25, 26], sending it to Elastic: Thread id 67
2022-03-20 22:08:32 [twitter-topic-consumer-1-C-1] INFO  c.m.d.e.i.c.s.i.TwitterElasticRepositoryIndexClient - Documents indexed successfully with type: com.microservices.demo.elastic.model.index.impl.TwitterIndexModel and ids: [1505667566349467648, 1505667568379785216, 1505667569415557123, 1505667572351770627, 1505667572355809281, 1505667573068795908, 1505667578798256128, 1505667580773617665, 1505667581067333634, 1505667589212499970, 1505667589690716160, 1505667591888588810, 1505667595554406402, 1505667595671846921, 1505667603532062720, 1505667604891021319, 1505667606753251330, 1505667610645475329]
2022-03-20 22:08:32 [twitter-topic-consumer-0-C-1] INFO  c.m.d.e.i.c.s.i.TwitterElasticRepositoryIndexClient - Documents indexed successfully with type: com.microservices.demo.elastic.model.index.impl.TwitterIndexModel and ids: [1505667564839456769, 1505667565720322048, 1505667566001348610, 1505667567276408843, 1505667567465160710, 1505667570594193415, 1505667570464014336, 1505667571475189761, 1505667573551034369, 1505667573735698442, 1505667574771630085, 1505667574150967296, 1505667576948568075, 1505667577305243649, 1505667582762053633, 1505667583189880832, 1505667584968241155, 1505667584913715202, 1505667596535975943, 1505667599358730245, 1505667599652167680, 1505667604303663106, 1505667606224777217, 1505667606807601154, 1505667608842022917, 1505667610171613187, 1505667610259738634]
2022-03-20 22:08:32 [twitter-topic-consumer-2-C-1] INFO  c.m.d.e.i.c.s.i.TwitterElasticRepositoryIndexClient - Documents indexed successfully with type: com.microservices.demo.elastic.model.index.impl.TwitterIndexModel and ids: [1505667563820404738, 1505667567511347204, 1505667569155461131, 1505667569604300807, 1505667569918820355, 1505667570006904837, 1505667570120249348, 1505667571277774854, 1505667576273252352, 1505667577816784902, 1505667579209302027, 1505667581813870596, 1505667590160535553, 1505667590387122177, 1505667592429572097, 1505667594870992896, 1505667594875187200, 1505667595231444998, 1505667600562462733, 1505667601560711175, 1505667608074498050]
2022-03-20 22:08:32 [twitter-topic-consumer-1-C-1] INFO  c.m.d.k.t.e.s.c.i.TwitterKafkaConsumer - Documents saved to Elasticsearch with ids 1505667566349467648
2022-03-20 22:08:32 [twitter-topic-consumer-0-C-1] INFO  c.m.d.k.t.e.s.c.i.TwitterKafkaConsumer - Documents saved to Elasticsearch with ids 1505667564839456769
2022-03-20 22:08:32 [twitter-topic-consumer-2-C-1] INFO  c.m.d.k.t.e.s.c.i.TwitterKafkaConsumer - Documents saved to Elasticsearch with ids 1505667563820404738
2022-03-20 22:08:32 [twitter-topic-consumer-0-C-1] INFO  c.m.d.k.t.e.s.c.i.TwitterKafkaConsumer - 1 number of messages received with keys [1346753686047920130], partitions [0] and offsets [27], sending it to Elastic: Thread id 67
2022-03-20 22:08:32 [twitter-topic-consumer-2-C-1] INFO  c.m.d.k.t.e.s.c.i.TwitterKafkaConsumer - 1 number of messages received with keys [167127690], partitions [2] and offsets [21], sending it to Elastic: Thread id 71
2022-03-20 22:08:32 [twitter-topic-consumer-1-C-1] INFO  c.m.d.k.t.e.s.c.i.TwitterKafkaConsumer - 1 number of messages received with keys [1390086876409733120], partitions [1] and offsets [18], sending it to Elastic: Thread id 69
2022-03-20 22:08:32 [twitter-topic-consumer-2-C-1] INFO  c.m.d.e.i.c.s.i.TwitterElasticRepositoryIndexClient - Documents indexed successfully with type: com.microservices.demo.elastic.model.index.impl.TwitterIndexModel and ids: [1505667614940487695]
2022-03-20 22:08:32 [twitter-topic-consumer-2-C-1] INFO  c.m.d.k.t.e.s.c.i.TwitterKafkaConsumer - Documents saved to Elasticsearch with ids 1505667614940487695
2022-03-20 22:08:32 [twitter-topic-consumer-0-C-1] INFO  c.m.d.e.i.c.s.i.TwitterElasticRepositoryIndexClient - Documents indexed successfully with type: com.microservices.demo.elastic.model.index.impl.TwitterIndexModel and ids: [1505667614496141312]
2022-03-20 22:08:32 [twitter-topic-consumer-0-C-1] INFO  c.m.d.k.t.e.s.c.i.TwitterKafkaConsumer - Documents saved to Elasticsearch with ids 1505667614496141312
2022-03-20 22:08:32 [twitter-topic-consumer-1-C-1] INFO  c.m.d.e.i.c.s.i.TwitterElasticRepositoryIndexClient - Documents indexed successfully with type: com.microservices.demo.elastic.model.index.impl.TwitterIndexModel and ids: [1505667615418564608]
2022-03-20 22:08:32 [twitter-topic-consumer-1-C-1] INFO  c.m.d.k.t.e.s.c.i.TwitterKafkaConsumer - Documents saved to Elasticsearch with ids 1505667615418564608
2022-03-20 22:08:32 [twitter-topic-consumer-2-C-1] INFO  c.m.d.k.t.e.s.c.i.TwitterKafkaConsumer - 1 number of messages received with keys [1438266048482922501], partitions [2] and offsets [22], sending it to Elastic: Thread id 71
2022-03-20 22:08:32 [twitter-topic-consumer-2-C-1] INFO  c.m.d.e.i.c.s.i.TwitterElasticRepositoryIndexClient - Documents indexed successfully with type: com.microservices.demo.elastic.model.index.impl.TwitterIndexModel and ids: [1505667616270331904]
2022-03-20 22:08:32 [twitter-topic-consumer-2-C-1] INFO  c.m.d.k.t.e.s.c.i.TwitterKafkaConsumer - Documents saved to Elasticsearch with ids 1505667616270331904
2022-03-20 22:08:32 [twitter-topic-consumer-1-C-1] INFO  c.m.d.k.t.e.s.c.i.TwitterKafkaConsumer - 1 number of messages received with keys [1180499283608526848], partitions [1] and offsets [19], sending it to Elastic: Thread id 69
2022-03-20 22:08:32 [twitter-topic-consumer-1-C-1] INFO  c.m.d.e.i.c.s.i.TwitterElasticRepositoryIndexClient - Documents indexed successfully with type: com.microservices.demo.elastic.model.index.impl.TwitterIndexModel and ids: [1505667616823783426]
2022-03-20 22:08:32 [twitter-topic-consumer-1-C-1] INFO  c.m.d.k.t.e.s.c.i.TwitterKafkaConsumer - Documents saved to Elasticsearch with ids 1505667616823783426
2022-03-20 22:08:32 [twitter-topic-consumer-1-C-1] INFO  c.m.d.k.t.e.s.c.i.TwitterKafkaConsumer - 1 number of messages received with keys [3679994415], partitions [1] and offsets [20], sending it to Elastic: Thread id 69
2022-03-20 22:08:32 [twitter-topic-consumer-2-C-1] INFO  c.m.d.k.t.e.s.c.i.TwitterKafkaConsumer - 1 number of messages received with keys [2818336050], partitions [2] and offsets [23], sending it to Elastic: Thread id 71
2022-03-20 22:08:32 [twitter-topic-consumer-1-C-1] INFO  c.m.d.e.i.c.s.i.TwitterElasticRepositoryIndexClient - Documents indexed successfully with type: com.microservices.demo.elastic.model.index.impl.TwitterIndexModel and ids: [1505667617171939328]
2022-03-20 22:08:32 [twitter-topic-consumer-1-C-1] INFO  c.m.d.k.t.e.s.c.i.TwitterKafkaConsumer - Documents saved to Elasticsearch with ids 1505667617171939328
2022-03-20 22:08:32 [twitter-topic-consumer-2-C-1] INFO  c.m.d.e.i.c.s.i.TwitterElasticRepositoryIndexClient - Documents indexed successfully with type: com.microservices.demo.elastic.model.index.impl.TwitterIndexModel and ids: [1505667617423507460]
2022-03-20 22:08:32 [twitter-topic-consumer-2-C-1] INFO  c.m.d.k.t.e.s.c.i.TwitterKafkaConsumer - Documents saved to Elasticsearch with ids 1505667617423507460
2022-03-20 22:08:32 [twitter-topic-consumer-0-C-1] INFO  c.m.d.k.t.e.s.c.i.TwitterKafkaConsumer - 1 number of messages received with keys [84443137], partitions [0] and offsets [28], sending it to Elastic: Thread id 67
2022-03-20 22:08:32 [twitter-topic-consumer-0-C-1] INFO  c.m.d.e.i.c.s.i.TwitterElasticRepositoryIndexClient - Documents indexed successfully with type: com.microservices.demo.elastic.model.index.impl.TwitterIndexModel and ids: [1505667618161704966]
2022-03-20 22:08:32 [twitter-topic-consumer-0-C-1] INFO  c.m.d.k.t.e.s.c.i.TwitterKafkaConsumer - Documents saved to Elasticsearch with ids 1505667618161704966
2022-03-20 22:08:32 [twitter-topic-consumer-2-C-1] INFO  c.m.d.k.t.e.s.c.i.TwitterKafkaConsumer - 1 number of messages received with keys [220569189], partitions [2] and offsets [24], sending it to Elastic: Thread id 71
2022-03-20 22:08:33 [twitter-topic-consumer-1-C-1] INFO  c.m.d.k.t.e.s.c.i.TwitterKafkaConsumer - 1 number of messages received with keys [205212511], partitions [1] and offsets [21], sending it to Elastic: Thread id 69
2022-03-20 22:08:33 [twitter-topic-consumer-2-C-1] INFO  c.m.d.e.i.c.s.i.TwitterElasticRepositoryIndexClient - Documents indexed successfully with type: com.microservices.demo.elastic.model.index.impl.TwitterIndexModel and ids: [1505667618061045763]
2022-03-20 22:08:33 [twitter-topic-consumer-2-C-1] INFO  c.m.d.k.t.e.s.c.i.TwitterKafkaConsumer - Documents saved to Elasticsearch with ids 1505667618061045763
2022-03-20 22:08:33 [twitter-topic-consumer-0-C-1] INFO  c.m.d.k.t.e.s.c.i.TwitterKafkaConsumer - 1 number of messages received with keys [266531537], partitions [0] and offsets [29], sending it to Elastic: Thread id 67
2022-03-20 22:08:33 [twitter-topic-consumer-1-C-1] INFO  c.m.d.e.i.c.s.i.TwitterElasticRepositoryIndexClient - Documents indexed successfully with type: com.microservices.demo.elastic.model.index.impl.TwitterIndexModel and ids: [1505667617758928897]
2022-03-20 22:08:33 [twitter-topic-consumer-1-C-1] INFO  c.m.d.k.t.e.s.c.i.TwitterKafkaConsumer - Documents saved to Elasticsearch with ids 1505667617758928897
2022-03-20 22:08:33 [twitter-topic-consumer-0-C-1] INFO  c.m.d.e.i.c.s.i.TwitterElasticRepositoryIndexClient - Documents indexed successfully with type: com.microservices.demo.elastic.model.index.impl.TwitterIndexModel and ids: [1505667618807689223]
2022-03-20 22:08:33 [twitter-topic-consumer-0-C-1] INFO  c.m.d.k.t.e.s.c.i.TwitterKafkaConsumer - Documents saved to Elasticsearch with ids 1505667618807689223
2022-03-20 22:08:33 [twitter-topic-consumer-0-C-1] INFO  c.m.d.k.t.e.s.c.i.TwitterKafkaConsumer - 1 number of messages received with keys [926184533355057153], partitions [0] and offsets [30], sending it to Elastic: Thread id 67
2022-03-20 22:08:33 [twitter-topic-consumer-0-C-1] INFO  c.m.d.e.i.c.s.i.TwitterElasticRepositoryIndexClient - Documents indexed successfully with type: com.microservices.demo.elastic.model.index.impl.TwitterIndexModel and ids: [1505667619118100491]
2022-03-20 22:08:33 [twitter-topic-consumer-0-C-1] INFO  c.m.d.k.t.e.s.c.i.TwitterKafkaConsumer - Documents saved to Elasticsearch with ids 1505667619118100491
2022-03-20 22:08:33 [twitter-topic-consumer-0-C-1] INFO  c.m.d.k.t.e.s.c.i.TwitterKafkaConsumer - 1 number of messages received with keys [4697347634], partitions [0] and offsets [31], sending it to Elastic: Thread id 67
2022-03-20 22:08:33 [twitter-topic-consumer-0-C-1] INFO  c.m.d.e.i.c.s.i.TwitterElasticRepositoryIndexClient - Documents indexed successfully with type: com.microservices.demo.elastic.model.index.impl.TwitterIndexModel and ids: [1505667621491986440]
2022-03-20 22:08:33 [twitter-topic-consumer-0-C-1] INFO  c.m.d.k.t.e.s.c.i.TwitterKafkaConsumer - Documents saved to Elasticsearch with ids 1505667621491986440
2022-03-20 22:08:33 [twitter-topic-consumer-1-C-1] INFO  c.m.d.k.t.e.s.c.i.TwitterKafkaConsumer - 1 number of messages received with keys [1470450657173856257], partitions [1] and offsets [22], sending it to Elastic: Thread id 69
2022-03-20 22:08:33 [twitter-topic-consumer-2-C-1] INFO  c.m.d.k.t.e.s.c.i.TwitterKafkaConsumer - 1 number of messages received with keys [1206118659455893504], partitions [2] and offsets [25], sending it to Elastic: Thread id 71
2022-03-20 22:08:33 [twitter-topic-consumer-2-C-1] INFO  c.m.d.e.i.c.s.i.TwitterElasticRepositoryIndexClient - Documents indexed successfully with type: com.microservices.demo.elastic.model.index.impl.TwitterIndexModel and ids: [1505667622024753153]
2022-03-20 22:08:33 [twitter-topic-consumer-1-C-1] INFO  c.m.d.e.i.c.s.i.TwitterElasticRepositoryIndexClient - Documents indexed successfully with type: com.microservices.demo.elastic.model.index.impl.TwitterIndexModel and ids: [1505667620871327745]
2022-03-20 22:08:33 [twitter-topic-consumer-2-C-1] INFO  c.m.d.k.t.e.s.c.i.TwitterKafkaConsumer - Documents saved to Elasticsearch with ids 1505667622024753153
2022-03-20 22:08:33 [twitter-topic-consumer-1-C-1] INFO  c.m.d.k.t.e.s.c.i.TwitterKafkaConsumer - Documents saved to Elasticsearch with ids 1505667620871327745
2022-03-20 22:08:33 [twitter-topic-consumer-2-C-1] INFO  c.m.d.k.t.e.s.c.i.TwitterKafkaConsumer - 2 number of messages received with keys [294914253, 1501427731950706688], partitions [2, 2] and offsets [26, 27], sending it to Elastic: Thread id 71
2022-03-20 22:08:34 [twitter-topic-consumer-2-C-1] INFO  c.m.d.e.i.c.s.i.TwitterElasticRepositoryIndexClient - Documents indexed successfully with type: com.microservices.demo.elastic.model.index.impl.TwitterIndexModel and ids: [1505667622452568065, 1505667622649700352]
2022-03-20 22:08:34 [twitter-topic-consumer-2-C-1] INFO  c.m.d.k.t.e.s.c.i.TwitterKafkaConsumer - Documents saved to Elasticsearch with ids 1505667622452568065
2022-03-20 22:08:34 [twitter-topic-consumer-0-C-1] INFO  c.m.d.k.t.e.s.c.i.TwitterKafkaConsumer - 1 number of messages received with keys [3300720066], partitions [0] and offsets [32], sending it to Elastic: Thread id 67
2022-03-20 22:08:34 [twitter-topic-consumer-0-C-1] INFO  c.m.d.e.i.c.s.i.TwitterElasticRepositoryIndexClient - Documents indexed successfully with type: com.microservices.demo.elastic.model.index.impl.TwitterIndexModel and ids: [1505667622834257923]
2022-03-20 22:08:34 [twitter-topic-consumer-0-C-1] INFO  c.m.d.k.t.e.s.c.i.TwitterKafkaConsumer - Documents saved to Elasticsearch with ids 1505667622834257923
2022-03-20 22:08:34 [twitter-topic-consumer-0-C-1] INFO  c.m.d.k.t.e.s.c.i.TwitterKafkaConsumer - 1 number of messages received with keys [743983794173009920], partitions [0] and offsets [33], sending it to Elastic: Thread id 67
2022-03-20 22:08:34 [twitter-topic-consumer-0-C-1] INFO  c.m.d.e.i.c.s.i.TwitterElasticRepositoryIndexClient - Documents indexed successfully with type: com.microservices.demo.elastic.model.index.impl.TwitterIndexModel and ids: [1505667623349997572]
2022-03-20 22:08:34 [twitter-topic-consumer-0-C-1] INFO  c.m.d.k.t.e.s.c.i.TwitterKafkaConsumer - Documents saved to Elasticsearch with ids 1505667623349997572
2022-03-20 22:08:34 [twitter-topic-consumer-0-C-1] INFO  c.m.d.k.t.e.s.c.i.TwitterKafkaConsumer - 1 number of messages received with keys [879496410294571009], partitions [0] and offsets [34], sending it to Elastic: Thread id 67
2022-03-20 22:08:34 [twitter-topic-consumer-0-C-1] INFO  c.m.d.e.i.c.s.i.TwitterElasticRepositoryIndexClient - Documents indexed successfully with type: com.microservices.demo.elastic.model.index.impl.TwitterIndexModel and ids: [1505667623324991489]
2022-03-20 22:08:34 [twitter-topic-consumer-0-C-1] INFO  c.m.d.k.t.e.s.c.i.TwitterKafkaConsumer - Documents saved to Elasticsearch with ids 1505667623324991489
2022-03-20 22:08:34 [twitter-topic-consumer-1-C-1] INFO  c.m.d.k.t.e.s.c.i.TwitterKafkaConsumer - 1 number of messages received with keys [1600035806], partitions [1] and offsets [23], sending it to Elastic: Thread id 69
2022-03-20 22:08:34 [twitter-topic-consumer-1-C-1] INFO  c.m.d.e.i.c.s.i.TwitterElasticRepositoryIndexClient - Documents indexed successfully with type: com.microservices.demo.elastic.model.index.impl.TwitterIndexModel and ids: [1505667623970742276]
2022-03-20 22:08:34 [twitter-topic-consumer-1-C-1] INFO  c.m.d.k.t.e.s.c.i.TwitterKafkaConsumer - Documents saved to Elasticsearch with ids 1505667623970742276
2022-03-20 22:08:34 [twitter-topic-consumer-2-C-1] INFO  c.m.d.k.t.e.s.c.i.TwitterKafkaConsumer - 1 number of messages received with keys [737266591784636417], partitions [2] and offsets [28], sending it to Elastic: Thread id 71
2022-03-20 22:08:34 [twitter-topic-consumer-2-C-1] INFO  c.m.d.e.i.c.s.i.TwitterElasticRepositoryIndexClient - Documents indexed successfully with type: com.microservices.demo.elastic.model.index.impl.TwitterIndexModel and ids: [1505667624981651460]
2022-03-20 22:08:34 [twitter-topic-consumer-2-C-1] INFO  c.m.d.k.t.e.s.c.i.TwitterKafkaConsumer - Documents saved to Elasticsearch with ids 1505667624981651460
2022-03-20 22:08:34 [twitter-topic-consumer-2-C-1] INFO  c.m.d.k.t.e.s.c.i.TwitterKafkaConsumer - 1 number of messages received with keys [1285020633966030848], partitions [2] and offsets [29], sending it to Elastic: Thread id 71
2022-03-20 22:08:34 [twitter-topic-consumer-2-C-1] INFO  c.m.d.e.i.c.s.i.TwitterElasticRepositoryIndexClient - Documents indexed successfully with type: com.microservices.demo.elastic.model.index.impl.TwitterIndexModel and ids: [1505667626089000967]
2022-03-20 22:08:34 [twitter-topic-consumer-2-C-1] INFO  c.m.d.k.t.e.s.c.i.TwitterKafkaConsumer - Documents saved to Elasticsearch with ids 1505667626089000967
2022-03-20 22:08:35 [twitter-topic-consumer-2-C-1] INFO  c.m.d.k.t.e.s.c.i.TwitterKafkaConsumer - 1 number of messages received with keys [37438284], partitions [2] and offsets [30], sending it to Elastic: Thread id 71
2022-03-20 22:08:35 [twitter-topic-consumer-0-C-1] INFO  c.m.d.k.t.e.s.c.i.TwitterKafkaConsumer - 1 number of messages received with keys [1353284502433509376], partitions [0] and offsets [35], sending it to Elastic: Thread id 67
2022-03-20 22:08:35 [twitter-topic-consumer-2-C-1] INFO  c.m.d.e.i.c.s.i.TwitterElasticRepositoryIndexClient - Documents indexed successfully with type: com.microservices.demo.elastic.model.index.impl.TwitterIndexModel and ids: [1505667626663505921]
2022-03-20 22:08:35 [twitter-topic-consumer-0-C-1] INFO  c.m.d.e.i.c.s.i.TwitterElasticRepositoryIndexClient - Documents indexed successfully with type: com.microservices.demo.elastic.model.index.impl.TwitterIndexModel and ids: [1505667628198776835]
2022-03-20 22:08:35 [twitter-topic-consumer-2-C-1] INFO  c.m.d.k.t.e.s.c.i.TwitterKafkaConsumer - Documents saved to Elasticsearch with ids 1505667626663505921
2022-03-20 22:08:35 [twitter-topic-consumer-0-C-1] INFO  c.m.d.k.t.e.s.c.i.TwitterKafkaConsumer - Documents saved to Elasticsearch with ids 1505667628198776835
2022-03-20 22:08:35 [twitter-topic-consumer-1-C-1] INFO  c.m.d.k.t.e.s.c.i.TwitterKafkaConsumer - 1 number of messages received with keys [1276271510076796931], partitions [1] and offsets [24], sending it to Elastic: Thread id 69
2022-03-20 22:08:35 [twitter-topic-consumer-1-C-1] INFO  c.m.d.e.i.c.s.i.TwitterElasticRepositoryIndexClient - Documents indexed successfully with type: com.microservices.demo.elastic.model.index.impl.TwitterIndexModel and ids: [1505667628643221507]
2022-03-20 22:08:35 [twitter-topic-consumer-1-C-1] INFO  c.m.d.k.t.e.s.c.i.TwitterKafkaConsumer - Documents saved to Elasticsearch with ids 1505667628643221507
2022-03-20 22:08:35 [twitter-topic-consumer-0-C-1] INFO  c.m.d.k.t.e.s.c.i.TwitterKafkaConsumer - 2 number of messages received with keys [1346753686047920130, 1328457438874492928], partitions [0, 0] and offsets [36, 37], sending it to Elastic: Thread id 67
2022-03-20 22:08:35 [twitter-topic-consumer-0-C-1] INFO  c.m.d.e.i.c.s.i.TwitterElasticRepositoryIndexClient - Documents indexed successfully with type: com.microservices.demo.elastic.model.index.impl.TwitterIndexModel and ids: [1505667628878413824, 1505667629356359683]
2022-03-20 22:08:35 [twitter-topic-consumer-0-C-1] INFO  c.m.d.k.t.e.s.c.i.TwitterKafkaConsumer - Documents saved to Elasticsearch with ids 1505667628878413824
2022-03-20 22:08:35 [twitter-topic-consumer-2-C-1] INFO  c.m.d.k.t.e.s.c.i.TwitterKafkaConsumer - 1 number of messages received with keys [1367653774882390016], partitions [2] and offsets [31], sending it to Elastic: Thread id 71
2022-03-20 22:08:35 [twitter-topic-consumer-2-C-1] INFO  c.m.d.e.i.c.s.i.TwitterElasticRepositoryIndexClient - Documents indexed successfully with type: com.microservices.demo.elastic.model.index.impl.TwitterIndexModel and ids: [1505667630002319366]
2022-03-20 22:08:35 [twitter-topic-consumer-2-C-1] INFO  c.m.d.k.t.e.s.c.i.TwitterKafkaConsumer - Documents saved to Elasticsearch with ids 1505667630002319366
2022-03-20 22:08:35 [twitter-topic-consumer-0-C-1] INFO  c.m.d.k.t.e.s.c.i.TwitterKafkaConsumer - 1 number of messages received with keys [961678255450357760], partitions [0] and offsets [38], sending it to Elastic: Thread id 67
2022-03-20 22:08:35 [twitter-topic-consumer-2-C-1] INFO  c.m.d.k.t.e.s.c.i.TwitterKafkaConsumer - 1 number of messages received with keys [1372498422301925378], partitions [2] and offsets [32], sending it to Elastic: Thread id 71
2022-03-20 22:08:35 [twitter-topic-consumer-0-C-1] INFO  c.m.d.e.i.c.s.i.TwitterElasticRepositoryIndexClient - Documents indexed successfully with type: com.microservices.demo.elastic.model.index.impl.TwitterIndexModel and ids: [1505667630358622213]
2022-03-20 22:08:35 [twitter-topic-consumer-0-C-1] INFO  c.m.d.k.t.e.s.c.i.TwitterKafkaConsumer - Documents saved to Elasticsearch with ids 1505667630358622213
2022-03-20 22:08:35 [twitter-topic-consumer-2-C-1] INFO  c.m.d.e.i.c.s.i.TwitterElasticRepositoryIndexClient - Documents indexed successfully with type: com.microservices.demo.elastic.model.index.impl.TwitterIndexModel and ids: [1505667630560169994]
2022-03-20 22:08:35 [twitter-topic-consumer-2-C-1] INFO  c.m.d.k.t.e.s.c.i.TwitterKafkaConsumer - Documents saved to Elasticsearch with ids 1505667630560169994
2022-03-20 22:08:36 [twitter-topic-consumer-0-C-1] INFO  c.m.d.k.t.e.s.c.i.TwitterKafkaConsumer - 1 number of messages received with keys [1346753686047920130], partitions [0] and offsets [39], sending it to Elastic: Thread id 67
2022-03-20 22:08:36 [twitter-topic-consumer-0-C-1] INFO  c.m.d.e.i.c.s.i.TwitterElasticRepositoryIndexClient - Documents indexed successfully with type: com.microservices.demo.elastic.model.index.impl.TwitterIndexModel and ids: [1505667630895869953]
2022-03-20 22:08:36 [twitter-topic-consumer-0-C-1] INFO  c.m.d.k.t.e.s.c.i.TwitterKafkaConsumer - Documents saved to Elasticsearch with ids 1505667630895869953
2022-03-20 22:08:36 [twitter-topic-consumer-0-C-1] INFO  c.m.d.k.t.e.s.c.i.TwitterKafkaConsumer - 1 number of messages received with keys [1346753686047920130], partitions [0] and offsets [40], sending it to Elastic: Thread id 67
2022-03-20 22:08:36 [twitter-topic-consumer-0-C-1] INFO  c.m.d.e.i.c.s.i.TwitterElasticRepositoryIndexClient - Documents indexed successfully with type: com.microservices.demo.elastic.model.index.impl.TwitterIndexModel and ids: [1505667631516295169]
2022-03-20 22:08:36 [twitter-topic-consumer-0-C-1] INFO  c.m.d.k.t.e.s.c.i.TwitterKafkaConsumer - Documents saved to Elasticsearch with ids 1505667631516295169
2022-03-20 22:08:36 [twitter-topic-consumer-2-C-1] INFO  c.m.d.k.t.e.s.c.i.TwitterKafkaConsumer - 1 number of messages received with keys [480662194], partitions [2] and offsets [33], sending it to Elastic: Thread id 71
2022-03-20 22:08:36 [twitter-topic-consumer-2-C-1] INFO  c.m.d.e.i.c.s.i.TwitterElasticRepositoryIndexClient - Documents indexed successfully with type: com.microservices.demo.elastic.model.index.impl.TwitterIndexModel and ids: [1505667632099471364]
2022-03-20 22:08:36 [twitter-topic-consumer-2-C-1] INFO  c.m.d.k.t.e.s.c.i.TwitterKafkaConsumer - Documents saved to Elasticsearch with ids 1505667632099471364
2022-03-20 22:08:36 [twitter-topic-consumer-2-C-1] INFO  c.m.d.k.t.e.s.c.i.TwitterKafkaConsumer - 1 number of messages received with keys [1198757169803362304], partitions [2] and offsets [34], sending it to Elastic: Thread id 71
2022-03-20 22:08:36 [twitter-topic-consumer-2-C-1] INFO  c.m.d.e.i.c.s.i.TwitterElasticRepositoryIndexClient - Documents indexed successfully with type: com.microservices.demo.elastic.model.index.impl.TwitterIndexModel and ids: [1505667633940553732]
2022-03-20 22:08:36 [twitter-topic-consumer-2-C-1] INFO  c.m.d.k.t.e.s.c.i.TwitterKafkaConsumer - Documents saved to Elasticsearch with ids 1505667633940553732
2022-03-20 22:08:36 [twitter-topic-consumer-0-C-1] INFO  c.m.d.k.t.e.s.c.i.TwitterKafkaConsumer - 1 number of messages received with keys [109148509], partitions [0] and offsets [41], sending it to Elastic: Thread id 67
2022-03-20 22:08:36 [twitter-topic-consumer-0-C-1] INFO  c.m.d.e.i.c.s.i.TwitterElasticRepositoryIndexClient - Documents indexed successfully with type: com.microservices.demo.elastic.model.index.impl.TwitterIndexModel and ids: [1505667633886203913]
2022-03-20 22:08:36 [twitter-topic-consumer-0-C-1] INFO  c.m.d.k.t.e.s.c.i.TwitterKafkaConsumer - Documents saved to Elasticsearch with ids 1505667633886203913
2022-03-20 22:08:37 [twitter-topic-consumer-2-C-1] INFO  c.m.d.k.t.e.s.c.i.TwitterKafkaConsumer - 1 number of messages received with keys [1428092977218473984], partitions [2] and offsets [35], sending it to Elastic: Thread id 71
2022-03-20 22:08:37 [twitter-topic-consumer-2-C-1] INFO  c.m.d.e.i.c.s.i.TwitterElasticRepositoryIndexClient - Documents indexed successfully with type: com.microservices.demo.elastic.model.index.impl.TwitterIndexModel and ids: [1505667635354161158]
2022-03-20 22:08:37 [twitter-topic-consumer-2-C-1] INFO  c.m.d.k.t.e.s.c.i.TwitterKafkaConsumer - Documents saved to Elasticsearch with ids 1505667635354161158
2022-03-20 22:08:37 [twitter-topic-consumer-1-C-1] INFO  c.m.d.k.t.e.s.c.i.TwitterKafkaConsumer - 1 number of messages received with keys [1205957214898286592], partitions [1] and offsets [25], sending it to Elastic: Thread id 69
2022-03-20 22:08:37 [twitter-topic-consumer-1-C-1] INFO  c.m.d.e.i.c.s.i.TwitterElasticRepositoryIndexClient - Documents indexed successfully with type: com.microservices.demo.elastic.model.index.impl.TwitterIndexModel and ids: [1505667635966476289]
2022-03-20 22:08:37 [twitter-topic-consumer-1-C-1] INFO  c.m.d.k.t.e.s.c.i.TwitterKafkaConsumer - Documents saved to Elasticsearch with ids 1505667635966476289
2022-03-20 22:08:37 [twitter-topic-consumer-0-C-1] INFO  c.m.d.k.t.e.s.c.i.TwitterKafkaConsumer - 1 number of messages received with keys [1459065383781081093], partitions [0] and offsets [42], sending it to Elastic: Thread id 67
2022-03-20 22:08:37 [twitter-topic-consumer-0-C-1] INFO  c.m.d.e.i.c.s.i.TwitterElasticRepositoryIndexClient - Documents indexed successfully with type: com.microservices.demo.elastic.model.index.impl.TwitterIndexModel and ids: [1505667636423712769]
2022-03-20 22:08:37 [twitter-topic-consumer-0-C-1] INFO  c.m.d.k.t.e.s.c.i.TwitterKafkaConsumer - Documents saved to Elasticsearch with ids 1505667636423712769
2022-03-20 22:08:37 [twitter-topic-consumer-0-C-1] INFO  c.m.d.k.t.e.s.c.i.TwitterKafkaConsumer - 1 number of messages received with keys [1087424403892330496], partitions [0] and offsets [43], sending it to Elastic: Thread id 67
2022-03-20 22:08:37 [twitter-topic-consumer-0-C-1] INFO  c.m.d.e.i.c.s.i.TwitterElasticRepositoryIndexClient - Documents indexed successfully with type: com.microservices.demo.elastic.model.index.impl.TwitterIndexModel and ids: [1505667636956438529]
2022-03-20 22:08:37 [twitter-topic-consumer-0-C-1] INFO  c.m.d.k.t.e.s.c.i.TwitterKafkaConsumer - Documents saved to Elasticsearch with ids 1505667636956438529
2022-03-20 22:08:37 [twitter-topic-consumer-0-C-1] INFO  c.m.d.k.t.e.s.c.i.TwitterKafkaConsumer - 1 number of messages received with keys [2405288660], partitions [0] and offsets [44], sending it to Elastic: Thread id 67
2022-03-20 22:08:37 [twitter-topic-consumer-0-C-1] INFO  c.m.d.e.i.c.s.i.TwitterElasticRepositoryIndexClient - Documents indexed successfully with type: com.microservices.demo.elastic.model.index.impl.TwitterIndexModel and ids: [1505667636172046339]
2022-03-20 22:08:37 [twitter-topic-consumer-0-C-1] INFO  c.m.d.k.t.e.s.c.i.TwitterKafkaConsumer - Documents saved to Elasticsearch with ids 1505667636172046339
2022-03-20 22:08:37 [twitter-topic-consumer-0-C-1] INFO  c.m.d.k.t.e.s.c.i.TwitterKafkaConsumer - 1 number of messages received with keys [1346753686047920130], partitions [0] and offsets [45], sending it to Elastic: Thread id 67
2022-03-20 22:08:37 [twitter-topic-consumer-0-C-1] INFO  c.m.d.e.i.c.s.i.TwitterElasticRepositoryIndexClient - Documents indexed successfully with type: com.microservices.demo.elastic.model.index.impl.TwitterIndexModel and ids: [1505667638759809024]
2022-03-20 22:08:37 [twitter-topic-consumer-0-C-1] INFO  c.m.d.k.t.e.s.c.i.TwitterKafkaConsumer - Documents saved to Elasticsearch with ids 1505667638759809024
2022-03-20 22:08:38 [twitter-topic-consumer-0-C-1] INFO  c.m.d.k.t.e.s.c.i.TwitterKafkaConsumer - 1 number of messages received with keys [159384766], partitions [0] and offsets [46], sending it to Elastic: Thread id 67
2022-03-20 22:08:38 [twitter-topic-consumer-1-C-1] INFO  c.m.d.k.t.e.s.c.i.TwitterKafkaConsumer - 1 number of messages received with keys [20730319], partitions [1] and offsets [26], sending it to Elastic: Thread id 69
2022-03-20 22:08:38 [twitter-topic-consumer-0-C-1] INFO  c.m.d.e.i.c.s.i.TwitterElasticRepositoryIndexClient - Documents indexed successfully with type: com.microservices.demo.elastic.model.index.impl.TwitterIndexModel and ids: [1505667640403980288]
2022-03-20 22:08:38 [twitter-topic-consumer-0-C-1] INFO  c.m.d.k.t.e.s.c.i.TwitterKafkaConsumer - Documents saved to Elasticsearch with ids 1505667640403980288
2022-03-20 22:08:38 [twitter-topic-consumer-1-C-1] INFO  c.m.d.e.i.c.s.i.TwitterElasticRepositoryIndexClient - Documents indexed successfully with type: com.microservices.demo.elastic.model.index.impl.TwitterIndexModel and ids: [1505667640483893252]
2022-03-20 22:08:38 [twitter-topic-consumer-1-C-1] INFO  c.m.d.k.t.e.s.c.i.TwitterKafkaConsumer - Documents saved to Elasticsearch with ids 1505667640483893252
2022-03-20 22:08:38 [twitter-topic-consumer-2-C-1] INFO  c.m.d.k.t.e.s.c.i.TwitterKafkaConsumer - 1 number of messages received with keys [804579889], partitions [2] and offsets [36], sending it to Elastic: Thread id 71
2022-03-20 22:08:38 [twitter-topic-consumer-2-C-1] INFO  c.m.d.e.i.c.s.i.TwitterElasticRepositoryIndexClient - Documents indexed successfully with type: com.microservices.demo.elastic.model.index.impl.TwitterIndexModel and ids: [1505667641880555520]
2022-03-20 22:08:38 [twitter-topic-consumer-2-C-1] INFO  c.m.d.k.t.e.s.c.i.TwitterKafkaConsumer - Documents saved to Elasticsearch with ids 1505667641880555520
2022-03-20 22:08:38 [twitter-topic-consumer-2-C-1] INFO  c.m.d.k.t.e.s.c.i.TwitterKafkaConsumer - 1 number of messages received with keys [1450592223645536258], partitions [2] and offsets [37], sending it to Elastic: Thread id 71
2022-03-20 22:08:38 [twitter-topic-consumer-2-C-1] INFO  c.m.d.e.i.c.s.i.TwitterElasticRepositoryIndexClient - Documents indexed successfully with type: com.microservices.demo.elastic.model.index.impl.TwitterIndexModel and ids: [1505667642530672656]
2022-03-20 22:08:38 [twitter-topic-consumer-2-C-1] INFO  c.m.d.k.t.e.s.c.i.TwitterKafkaConsumer - Documents saved to Elasticsearch with ids 1505667642530672656
2022-03-20 22:08:38 [twitter-topic-consumer-0-C-1] INFO  c.m.d.k.t.e.s.c.i.TwitterKafkaConsumer - 1 number of messages received with keys [1346753686047920130], partitions [0] and offsets [47], sending it to Elastic: Thread id 67
2022-03-20 22:08:38 [twitter-topic-consumer-0-C-1] INFO  c.m.d.e.i.c.s.i.TwitterElasticRepositoryIndexClient - Documents indexed successfully with type: com.microservices.demo.elastic.model.index.impl.TwitterIndexModel and ids: [1505667642480218118]
2022-03-20 22:08:38 [twitter-topic-consumer-0-C-1] INFO  c.m.d.k.t.e.s.c.i.TwitterKafkaConsumer - Documents saved to Elasticsearch with ids 1505667642480218118
2022-03-20 22:08:39 [twitter-topic-consumer-0-C-1] INFO  c.m.d.k.t.e.s.c.i.TwitterKafkaConsumer - 1 number of messages received with keys [2336035717], partitions [0] and offsets [48], sending it to Elastic: Thread id 67
2022-03-20 22:08:39 [twitter-topic-consumer-2-C-1] INFO  c.m.d.k.t.e.s.c.i.TwitterKafkaConsumer - 1 number of messages received with keys [1493625556562231301], partitions [2] and offsets [38], sending it to Elastic: Thread id 71
2022-03-20 22:08:39 [twitter-topic-consumer-2-C-1] INFO  c.m.d.e.i.c.s.i.TwitterElasticRepositoryIndexClient - Documents indexed successfully with type: com.microservices.demo.elastic.model.index.impl.TwitterIndexModel and ids: [1505667644485218309]
2022-03-20 22:08:39 [twitter-topic-consumer-0-C-1] INFO  c.m.d.e.i.c.s.i.TwitterElasticRepositoryIndexClient - Documents indexed successfully with type: com.microservices.demo.elastic.model.index.impl.TwitterIndexModel and ids: [1505667644514398209]
2022-03-20 22:08:39 [twitter-topic-consumer-2-C-1] INFO  c.m.d.k.t.e.s.c.i.TwitterKafkaConsumer - Documents saved to Elasticsearch with ids 1505667644485218309
2022-03-20 22:08:39 [twitter-topic-consumer-0-C-1] INFO  c.m.d.k.t.e.s.c.i.TwitterKafkaConsumer - Documents saved to Elasticsearch with ids 1505667644514398209
2022-03-20 22:08:39 [twitter-topic-consumer-0-C-1] INFO  c.m.d.k.t.e.s.c.i.TwitterKafkaConsumer - 1 number of messages received with keys [1346753686047920130], partitions [0] and offsets [49], sending it to Elastic: Thread id 67
2022-03-20 22:08:39 [twitter-topic-consumer-0-C-1] INFO  c.m.d.e.i.c.s.i.TwitterElasticRepositoryIndexClient - Documents indexed successfully with type: com.microservices.demo.elastic.model.index.impl.TwitterIndexModel and ids: [1505667644112117761]
2022-03-20 22:08:39 [twitter-topic-consumer-0-C-1] INFO  c.m.d.k.t.e.s.c.i.TwitterKafkaConsumer - Documents saved to Elasticsearch with ids 1505667644112117761
2022-03-20 22:08:39 [twitter-topic-consumer-0-C-1] INFO  c.m.d.k.t.e.s.c.i.TwitterKafkaConsumer - 1 number of messages received with keys [119473384], partitions [0] and offsets [50], sending it to Elastic: Thread id 67
2022-03-20 22:08:39 [twitter-topic-consumer-0-C-1] INFO  c.m.d.e.i.c.s.i.TwitterElasticRepositoryIndexClient - Documents indexed successfully with type: com.microservices.demo.elastic.model.index.impl.TwitterIndexModel and ids: [1505667646209069063]
2022-03-20 22:08:39 [twitter-topic-consumer-0-C-1] INFO  c.m.d.k.t.e.s.c.i.TwitterKafkaConsumer - Documents saved to Elasticsearch with ids 1505667646209069063
2022-03-20 22:08:39 [twitter-topic-consumer-0-C-1] INFO  c.m.d.k.t.e.s.c.i.TwitterKafkaConsumer - 1 number of messages received with keys [1329236609166925827], partitions [0] and offsets [51], sending it to Elastic: Thread id 67
2022-03-20 22:08:39 [twitter-topic-consumer-0-C-1] INFO  c.m.d.e.i.c.s.i.TwitterElasticRepositoryIndexClient - Documents indexed successfully with type: com.microservices.demo.elastic.model.index.impl.TwitterIndexModel and ids: [1505667646557143041]
2022-03-20 22:08:39 [twitter-topic-consumer-0-C-1] INFO  c.m.d.k.t.e.s.c.i.TwitterKafkaConsumer - Documents saved to Elasticsearch with ids 1505667646557143041
2022-03-20 22:08:39 [twitter-topic-consumer-2-C-1] INFO  c.m.d.k.t.e.s.c.i.TwitterKafkaConsumer - 1 number of messages received with keys [559071065], partitions [2] and offsets [39], sending it to Elastic: Thread id 71
2022-03-20 22:08:39 [twitter-topic-consumer-2-C-1] INFO  c.m.d.e.i.c.s.i.TwitterElasticRepositoryIndexClient - Documents indexed successfully with type: com.microservices.demo.elastic.model.index.impl.TwitterIndexModel and ids: [1505667646729199620]
2022-03-20 22:08:39 [twitter-topic-consumer-2-C-1] INFO  c.m.d.k.t.e.s.c.i.TwitterKafkaConsumer - Documents saved to Elasticsearch with ids 1505667646729199620
2022-03-20 22:08:39 [twitter-topic-consumer-0-C-1] INFO  c.m.d.k.t.e.s.c.i.TwitterKafkaConsumer - 1 number of messages received with keys [1301137656873734145], partitions [0] and offsets [52], sending it to Elastic: Thread id 67
2022-03-20 22:08:39 [twitter-topic-consumer-0-C-1] INFO  c.m.d.e.i.c.s.i.TwitterElasticRepositoryIndexClient - Documents indexed successfully with type: com.microservices.demo.elastic.model.index.impl.TwitterIndexModel and ids: [1505667647249207297]
2022-03-20 22:08:39 [twitter-topic-consumer-0-C-1] INFO  c.m.d.k.t.e.s.c.i.TwitterKafkaConsumer - Documents saved to Elasticsearch with ids 1505667647249207297
2022-03-20 22:08:39 [twitter-topic-consumer-0-C-1] INFO  c.m.d.k.t.e.s.c.i.TwitterKafkaConsumer - 1 number of messages received with keys [1472315966352764936], partitions [0] and offsets [53], sending it to Elastic: Thread id 67
2022-03-20 22:08:39 [twitter-topic-consumer-2-C-1] INFO  c.m.d.k.t.e.s.c.i.TwitterKafkaConsumer - 1 number of messages received with keys [1469422763240787977], partitions [2] and offsets [40], sending it to Elastic: Thread id 71
2022-03-20 22:08:39 [twitter-topic-consumer-0-C-1] INFO  c.m.d.e.i.c.s.i.TwitterElasticRepositoryIndexClient - Documents indexed successfully with type: com.microservices.demo.elastic.model.index.impl.TwitterIndexModel and ids: [1505667646708236295]
2022-03-20 22:08:39 [twitter-topic-consumer-0-C-1] INFO  c.m.d.k.t.e.s.c.i.TwitterKafkaConsumer - Documents saved to Elasticsearch with ids 1505667646708236295
2022-03-20 22:08:39 [twitter-topic-consumer-2-C-1] INFO  c.m.d.e.i.c.s.i.TwitterElasticRepositoryIndexClient - Documents indexed successfully with type: com.microservices.demo.elastic.model.index.impl.TwitterIndexModel and ids: [1505667647580606468]
2022-03-20 22:08:39 [twitter-topic-consumer-2-C-1] INFO  c.m.d.k.t.e.s.c.i.TwitterKafkaConsumer - Documents saved to Elasticsearch with ids 1505667647580606468
2022-03-20 22:08:40 [twitter-topic-consumer-0-C-1] INFO  c.m.d.k.t.e.s.c.i.TwitterKafkaConsumer - 1 number of messages received with keys [158799097], partitions [0] and offsets [54], sending it to Elastic: Thread id 67
2022-03-20 22:08:40 [twitter-topic-consumer-1-C-1] INFO  c.m.d.k.t.e.s.c.i.TwitterKafkaConsumer - 1 number of messages received with keys [2172502387], partitions [1] and offsets [27], sending it to Elastic: Thread id 69
2022-03-20 22:08:40 [twitter-topic-consumer-0-C-1] INFO  c.m.d.e.i.c.s.i.TwitterElasticRepositoryIndexClient - Documents indexed successfully with type: com.microservices.demo.elastic.model.index.impl.TwitterIndexModel and ids: [1505667648545337351]
2022-03-20 22:08:40 [twitter-topic-consumer-0-C-1] INFO  c.m.d.k.t.e.s.c.i.TwitterKafkaConsumer - Documents saved to Elasticsearch with ids 1505667648545337351
2022-03-20 22:08:40 [twitter-topic-consumer-0-C-1] INFO  c.m.d.k.t.e.s.c.i.TwitterKafkaConsumer - 1 number of messages received with keys [507460060], partitions [0] and offsets [55], sending it to Elastic: Thread id 67
2022-03-20 22:08:40 [twitter-topic-consumer-0-C-1] INFO  c.m.d.e.i.c.s.i.TwitterElasticRepositoryIndexClient - Documents indexed successfully with type: com.microservices.demo.elastic.model.index.impl.TwitterIndexModel and ids: [1505667648570470403]
2022-03-20 22:08:40 [twitter-topic-consumer-1-C-1] INFO  c.m.d.e.i.c.s.i.TwitterElasticRepositoryIndexClient - Documents indexed successfully with type: com.microservices.demo.elastic.model.index.impl.TwitterIndexModel and ids: [1505667648721494017]
2022-03-20 22:08:40 [twitter-topic-consumer-0-C-1] INFO  c.m.d.k.t.e.s.c.i.TwitterKafkaConsumer - Documents saved to Elasticsearch with ids 1505667648570470403
2022-03-20 22:08:40 [twitter-topic-consumer-1-C-1] INFO  c.m.d.k.t.e.s.c.i.TwitterKafkaConsumer - Documents saved to Elasticsearch with ids 1505667648721494017
2022-03-20 22:08:40 [twitter-topic-consumer-0-C-1] INFO  c.m.d.k.t.e.s.c.i.TwitterKafkaConsumer - 1 number of messages received with keys [1902012866], partitions [0] and offsets [56], sending it to Elastic: Thread id 67
2022-03-20 22:08:40 [twitter-topic-consumer-1-C-1] INFO  c.m.d.k.t.e.s.c.i.TwitterKafkaConsumer - 1 number of messages received with keys [1418256314610892802], partitions [1] and offsets [28], sending it to Elastic: Thread id 69
2022-03-20 22:08:40 [twitter-topic-consumer-0-C-1] INFO  c.m.d.e.i.c.s.i.TwitterElasticRepositoryIndexClient - Documents indexed successfully with type: com.microservices.demo.elastic.model.index.impl.TwitterIndexModel and ids: [1505667647698087936]
2022-03-20 22:08:40 [twitter-topic-consumer-0-C-1] INFO  c.m.d.k.t.e.s.c.i.TwitterKafkaConsumer - Documents saved to Elasticsearch with ids 1505667647698087936
2022-03-20 22:08:40 [twitter-topic-consumer-1-C-1] INFO  c.m.d.e.i.c.s.i.TwitterElasticRepositoryIndexClient - Documents indexed successfully with type: com.microservices.demo.elastic.model.index.impl.TwitterIndexModel and ids: [1505667649400983552]
2022-03-20 22:08:40 [twitter-topic-consumer-1-C-1] INFO  c.m.d.k.t.e.s.c.i.TwitterKafkaConsumer - Documents saved to Elasticsearch with ids 1505667649400983552
2022-03-20 22:08:40 [twitter-topic-consumer-0-C-1] INFO  c.m.d.k.t.e.s.c.i.TwitterKafkaConsumer - 1 number of messages received with keys [14256894], partitions [0] and offsets [57], sending it to Elastic: Thread id 67
2022-03-20 22:08:40 [twitter-topic-consumer-0-C-1] INFO  c.m.d.e.i.c.s.i.TwitterElasticRepositoryIndexClient - Documents indexed successfully with type: com.microservices.demo.elastic.model.index.impl.TwitterIndexModel and ids: [1505667650269102081]
2022-03-20 22:08:40 [twitter-topic-consumer-0-C-1] INFO  c.m.d.k.t.e.s.c.i.TwitterKafkaConsumer - Documents saved to Elasticsearch with ids 1505667650269102081
2022-03-20 22:08:40 [twitter-topic-consumer-0-C-1] INFO  c.m.d.k.t.e.s.c.i.TwitterKafkaConsumer - 1 number of messages received with keys [1481853409947189248], partitions [0] and offsets [58], sending it to Elastic: Thread id 67
2022-03-20 22:08:40 [twitter-topic-consumer-0-C-1] INFO  c.m.d.e.i.c.s.i.TwitterElasticRepositoryIndexClient - Documents indexed successfully with type: com.microservices.demo.elastic.model.index.impl.TwitterIndexModel and ids: [1505667650663288832]
2022-03-20 22:08:40 [twitter-topic-consumer-0-C-1] INFO  c.m.d.k.t.e.s.c.i.TwitterKafkaConsumer - Documents saved to Elasticsearch with ids 1505667650663288832
2022-03-20 22:08:40 [twitter-topic-consumer-0-C-1] INFO  c.m.d.k.t.e.s.c.i.TwitterKafkaConsumer - 1 number of messages received with keys [1346753686047920130], partitions [0] and offsets [59], sending it to Elastic: Thread id 67
2022-03-20 22:08:40 [twitter-topic-consumer-0-C-1] INFO  c.m.d.e.i.c.s.i.TwitterElasticRepositoryIndexClient - Documents indexed successfully with type: com.microservices.demo.elastic.model.index.impl.TwitterIndexModel and ids: [1505667650240000003]
2022-03-20 22:08:40 [twitter-topic-consumer-0-C-1] INFO  c.m.d.k.t.e.s.c.i.TwitterKafkaConsumer - Documents saved to Elasticsearch with ids 1505667650240000003
2022-03-20 22:08:40 [twitter-topic-consumer-0-C-1] INFO  c.m.d.k.t.e.s.c.i.TwitterKafkaConsumer - 1 number of messages received with keys [1136537914588913665], partitions [0] and offsets [60], sending it to Elastic: Thread id 67
2022-03-20 22:08:40 [twitter-topic-consumer-1-C-1] INFO  c.m.d.k.t.e.s.c.i.TwitterKafkaConsumer - 1 number of messages received with keys [1034444547177304064], partitions [1] and offsets [29], sending it to Elastic: Thread id 69
2022-03-20 22:08:40 [twitter-topic-consumer-0-C-1] INFO  c.m.d.e.i.c.s.i.TwitterElasticRepositoryIndexClient - Documents indexed successfully with type: com.microservices.demo.elastic.model.index.impl.TwitterIndexModel and ids: [1505667651691225088]
2022-03-20 22:08:40 [twitter-topic-consumer-0-C-1] INFO  c.m.d.k.t.e.s.c.i.TwitterKafkaConsumer - Documents saved to Elasticsearch with ids 1505667651691225088
2022-03-20 22:08:40 [twitter-topic-consumer-0-C-1] INFO  c.m.d.k.t.e.s.c.i.TwitterKafkaConsumer - 1 number of messages received with keys [900813608904519680], partitions [0] and offsets [61], sending it to Elastic: Thread id 67
2022-03-20 22:08:40 [twitter-topic-consumer-1-C-1] INFO  c.m.d.e.i.c.s.i.TwitterElasticRepositoryIndexClient - Documents indexed successfully with type: com.microservices.demo.elastic.model.index.impl.TwitterIndexModel and ids: [1505667651191853061]
2022-03-20 22:08:40 [twitter-topic-consumer-1-C-1] INFO  c.m.d.k.t.e.s.c.i.TwitterKafkaConsumer - Documents saved to Elasticsearch with ids 1505667651191853061
2022-03-20 22:08:40 [twitter-topic-consumer-0-C-1] INFO  c.m.d.e.i.c.s.i.TwitterElasticRepositoryIndexClient - Documents indexed successfully with type: com.microservices.demo.elastic.model.index.impl.TwitterIndexModel and ids: [1505667651657506820]
2022-03-20 22:08:40 [twitter-topic-consumer-0-C-1] INFO  c.m.d.k.t.e.s.c.i.TwitterKafkaConsumer - Documents saved to Elasticsearch with ids 1505667651657506820
2022-03-20 22:08:41 [twitter-topic-consumer-2-C-1] INFO  c.m.d.k.t.e.s.c.i.TwitterKafkaConsumer - 1 number of messages received with keys [830434566695485441], partitions [2] and offsets [41], sending it to Elastic: Thread id 71
2022-03-20 22:08:41 [twitter-topic-consumer-2-C-1] INFO  c.m.d.e.i.c.s.i.TwitterElasticRepositoryIndexClient - Documents indexed successfully with type: com.microservices.demo.elastic.model.index.impl.TwitterIndexModel and ids: [1505667652781494277]
2022-03-20 22:08:41 [twitter-topic-consumer-2-C-1] INFO  c.m.d.k.t.e.s.c.i.TwitterKafkaConsumer - Documents saved to Elasticsearch with ids 1505667652781494277
2022-03-20 22:08:41 [twitter-topic-consumer-1-C-1] INFO  c.m.d.k.t.e.s.c.i.TwitterKafkaConsumer - 1 number of messages received with keys [1142147346], partitions [1] and offsets [30], sending it to Elastic: Thread id 69
2022-03-20 22:08:41 [twitter-topic-consumer-1-C-1] INFO  c.m.d.e.i.c.s.i.TwitterElasticRepositoryIndexClient - Documents indexed successfully with type: com.microservices.demo.elastic.model.index.impl.TwitterIndexModel and ids: [1505667653221842946]
2022-03-20 22:08:41 [twitter-topic-consumer-1-C-1] INFO  c.m.d.k.t.e.s.c.i.TwitterKafkaConsumer - Documents saved to Elasticsearch with ids 1505667653221842946
2022-03-20 22:08:41 [twitter-topic-consumer-1-C-1] INFO  c.m.d.k.t.e.s.c.i.TwitterKafkaConsumer - 1 number of messages received with keys [1096665978929217536], partitions [1] and offsets [31], sending it to Elastic: Thread id 69
2022-03-20 22:08:41 [twitter-topic-consumer-2-C-1] INFO  c.m.d.k.t.e.s.c.i.TwitterKafkaConsumer - 1 number of messages received with keys [2840708255], partitions [2] and offsets [42], sending it to Elastic: Thread id 71
2022-03-20 22:08:41 [twitter-topic-consumer-0-C-1] INFO  c.m.d.k.t.e.s.c.i.TwitterKafkaConsumer - 1 number of messages received with keys [1243415073864814593], partitions [0] and offsets [62], sending it to Elastic: Thread id 67
2022-03-20 22:08:41 [twitter-topic-consumer-1-C-1] INFO  c.m.d.e.i.c.s.i.TwitterElasticRepositoryIndexClient - Documents indexed successfully with type: com.microservices.demo.elastic.model.index.impl.TwitterIndexModel and ids: [1505667654488854531]
2022-03-20 22:08:41 [twitter-topic-consumer-2-C-1] INFO  c.m.d.e.i.c.s.i.TwitterElasticRepositoryIndexClient - Documents indexed successfully with type: com.microservices.demo.elastic.model.index.impl.TwitterIndexModel and ids: [1505667654333480960]
2022-03-20 22:08:41 [twitter-topic-consumer-0-C-1] INFO  c.m.d.e.i.c.s.i.TwitterElasticRepositoryIndexClient - Documents indexed successfully with type: com.microservices.demo.elastic.model.index.impl.TwitterIndexModel and ids: [1505667654467547137]
2022-03-20 22:08:41 [twitter-topic-consumer-1-C-1] INFO  c.m.d.k.t.e.s.c.i.TwitterKafkaConsumer - Documents saved to Elasticsearch with ids 1505667654488854531
2022-03-20 22:08:41 [twitter-topic-consumer-2-C-1] INFO  c.m.d.k.t.e.s.c.i.TwitterKafkaConsumer - Documents saved to Elasticsearch with ids 1505667654333480960
2022-03-20 22:08:41 [twitter-topic-consumer-0-C-1] INFO  c.m.d.k.t.e.s.c.i.TwitterKafkaConsumer - Documents saved to Elasticsearch with ids 1505667654467547137
2022-03-20 22:08:41 [twitter-topic-consumer-1-C-1] INFO  c.m.d.k.t.e.s.c.i.TwitterKafkaConsumer - 1 number of messages received with keys [2604918971], partitions [1] and offsets [32], sending it to Elastic: Thread id 69
2022-03-20 22:08:41 [twitter-topic-consumer-1-C-1] INFO  c.m.d.e.i.c.s.i.TwitterElasticRepositoryIndexClient - Documents indexed successfully with type: com.microservices.demo.elastic.model.index.impl.TwitterIndexModel and ids: [1505667655331721223]
2022-03-20 22:08:41 [twitter-topic-consumer-1-C-1] INFO  c.m.d.k.t.e.s.c.i.TwitterKafkaConsumer - Documents saved to Elasticsearch with ids 1505667655331721223
2022-03-20 22:08:41 [twitter-topic-consumer-1-C-1] INFO  c.m.d.k.t.e.s.c.i.TwitterKafkaConsumer - 1 number of messages received with keys [948117402327420929], partitions [1] and offsets [33], sending it to Elastic: Thread id 69
2022-03-20 22:08:41 [twitter-topic-consumer-1-C-1] INFO  c.m.d.e.i.c.s.i.TwitterElasticRepositoryIndexClient - Documents indexed successfully with type: com.microservices.demo.elastic.model.index.impl.TwitterIndexModel and ids: [1505667655763738627]
2022-03-20 22:08:41 [twitter-topic-consumer-1-C-1] INFO  c.m.d.k.t.e.s.c.i.TwitterKafkaConsumer - Documents saved to Elasticsearch with ids 1505667655763738627
2022-03-20 22:08:41 [twitter-topic-consumer-2-C-1] INFO  c.m.d.k.t.e.s.c.i.TwitterKafkaConsumer - 1 number of messages received with keys [1286794397489623040], partitions [2] and offsets [43], sending it to Elastic: Thread id 71
2022-03-20 22:08:41 [twitter-topic-consumer-1-C-1] INFO  c.m.d.k.t.e.s.c.i.TwitterKafkaConsumer - 1 number of messages received with keys [62825908], partitions [1] and offsets [34], sending it to Elastic: Thread id 69
2022-03-20 22:08:41 [twitter-topic-consumer-2-C-1] INFO  c.m.d.e.i.c.s.i.TwitterElasticRepositoryIndexClient - Documents indexed successfully with type: com.microservices.demo.elastic.model.index.impl.TwitterIndexModel and ids: [1505667655742676999]
2022-03-20 22:08:41 [twitter-topic-consumer-2-C-1] INFO  c.m.d.k.t.e.s.c.i.TwitterKafkaConsumer - Documents saved to Elasticsearch with ids 1505667655742676999
2022-03-20 22:08:41 [twitter-topic-consumer-1-C-1] INFO  c.m.d.e.i.c.s.i.TwitterElasticRepositoryIndexClient - Documents indexed successfully with type: com.microservices.demo.elastic.model.index.impl.TwitterIndexModel and ids: [1505667656048906251]
2022-03-20 22:08:41 [twitter-topic-consumer-1-C-1] INFO  c.m.d.k.t.e.s.c.i.TwitterKafkaConsumer - Documents saved to Elasticsearch with ids 1505667656048906251
2022-03-20 22:08:42 [twitter-topic-consumer-2-C-1] INFO  c.m.d.k.t.e.s.c.i.TwitterKafkaConsumer - 1 number of messages received with keys [1083481515810480128], partitions [2] and offsets [44], sending it to Elastic: Thread id 71
2022-03-20 22:08:42 [twitter-topic-consumer-2-C-1] INFO  c.m.d.e.i.c.s.i.TwitterElasticRepositoryIndexClient - Documents indexed successfully with type: com.microservices.demo.elastic.model.index.impl.TwitterIndexModel and ids: [1505667656485023745]
2022-03-20 22:08:42 [twitter-topic-consumer-2-C-1] INFO  c.m.d.k.t.e.s.c.i.TwitterKafkaConsumer - Documents saved to Elasticsearch with ids 1505667656485023745
2022-03-20 22:08:42 [twitter-topic-consumer-1-C-1] INFO  c.m.d.k.t.e.s.c.i.TwitterKafkaConsumer - 1 number of messages received with keys [1440808592479686661], partitions [1] and offsets [35], sending it to Elastic: Thread id 69
2022-03-20 22:08:42 [twitter-topic-consumer-1-C-1] INFO  c.m.d.e.i.c.s.i.TwitterElasticRepositoryIndexClient - Documents indexed successfully with type: com.microservices.demo.elastic.model.index.impl.TwitterIndexModel and ids: [1505667657370152961]
2022-03-20 22:08:42 [twitter-topic-consumer-1-C-1] INFO  c.m.d.k.t.e.s.c.i.TwitterKafkaConsumer - Documents saved to Elasticsearch with ids 1505667657370152961
2022-03-20 22:08:42 [twitter-topic-consumer-1-C-1] INFO  c.m.d.k.t.e.s.c.i.TwitterKafkaConsumer - 1 number of messages received with keys [1140428654213832704], partitions [1] and offsets [36], sending it to Elastic: Thread id 69
2022-03-20 22:08:42 [twitter-topic-consumer-1-C-1] INFO  c.m.d.e.i.c.s.i.TwitterElasticRepositoryIndexClient - Documents indexed successfully with type: com.microservices.demo.elastic.model.index.impl.TwitterIndexModel and ids: [1505667657298817027]
2022-03-20 22:08:42 [twitter-topic-consumer-1-C-1] INFO  c.m.d.k.t.e.s.c.i.TwitterKafkaConsumer - Documents saved to Elasticsearch with ids 1505667657298817027
2022-03-20 22:08:42 [twitter-topic-consumer-1-C-1] INFO  c.m.d.k.t.e.s.c.i.TwitterKafkaConsumer - 1 number of messages received with keys [1427079519878459392], partitions [1] and offsets [37], sending it to Elastic: Thread id 69
2022-03-20 22:08:42 [twitter-topic-consumer-1-C-1] INFO  c.m.d.e.i.c.s.i.TwitterElasticRepositoryIndexClient - Documents indexed successfully with type: com.microservices.demo.elastic.model.index.impl.TwitterIndexModel and ids: [1505667659089784836]
2022-03-20 22:08:42 [twitter-topic-consumer-1-C-1] INFO  c.m.d.k.t.e.s.c.i.TwitterKafkaConsumer - Documents saved to Elasticsearch with ids 1505667659089784836
2022-03-20 22:08:42 [twitter-topic-consumer-1-C-1] INFO  c.m.d.k.t.e.s.c.i.TwitterKafkaConsumer - 1 number of messages received with keys [1470866353477279746], partitions [1] and offsets [38], sending it to Elastic: Thread id 69
2022-03-20 22:08:42 [twitter-topic-consumer-1-C-1] INFO  c.m.d.e.i.c.s.i.TwitterElasticRepositoryIndexClient - Documents indexed successfully with type: com.microservices.demo.elastic.model.index.impl.TwitterIndexModel and ids: [1505667659026812928]
2022-03-20 22:08:42 [twitter-topic-consumer-1-C-1] INFO  c.m.d.k.t.e.s.c.i.TwitterKafkaConsumer - Documents saved to Elasticsearch with ids 1505667659026812928
2022-03-20 22:08:43 [twitter-topic-consumer-2-C-1] INFO  c.m.d.k.t.e.s.c.i.TwitterKafkaConsumer - 1 number of messages received with keys [1231195140087308289], partitions [2] and offsets [45], sending it to Elastic: Thread id 71
2022-03-20 22:08:43 [twitter-topic-consumer-2-C-1] INFO  c.m.d.e.i.c.s.i.TwitterElasticRepositoryIndexClient - Documents indexed successfully with type: com.microservices.demo.elastic.model.index.impl.TwitterIndexModel and ids: [1505667660536762373]
2022-03-20 22:08:43 [twitter-topic-consumer-2-C-1] INFO  c.m.d.k.t.e.s.c.i.TwitterKafkaConsumer - Documents saved to Elasticsearch with ids 1505667660536762373
2022-03-20 22:08:43 [twitter-topic-consumer-2-C-1] INFO  c.m.d.k.t.e.s.c.i.TwitterKafkaConsumer - 1 number of messages received with keys [1044577949482070019], partitions [2] and offsets [46], sending it to Elastic: Thread id 71
2022-03-20 22:08:43 [twitter-topic-consumer-2-C-1] INFO  c.m.d.e.i.c.s.i.TwitterElasticRepositoryIndexClient - Documents indexed successfully with type: com.microservices.demo.elastic.model.index.impl.TwitterIndexModel and ids: [1505667661304193028]
2022-03-20 22:08:43 [twitter-topic-consumer-2-C-1] INFO  c.m.d.k.t.e.s.c.i.TwitterKafkaConsumer - Documents saved to Elasticsearch with ids 1505667661304193028
2022-03-20 22:08:43 [twitter-topic-consumer-2-C-1] INFO  c.m.d.k.t.e.s.c.i.TwitterKafkaConsumer - 1 number of messages received with keys [1117645941392257029], partitions [2] and offsets [47], sending it to Elastic: Thread id 71
2022-03-20 22:08:43 [twitter-topic-consumer-2-C-1] INFO  c.m.d.e.i.c.s.i.TwitterElasticRepositoryIndexClient - Documents indexed successfully with type: com.microservices.demo.elastic.model.index.impl.TwitterIndexModel and ids: [1505667661476343812]
2022-03-20 22:08:43 [twitter-topic-consumer-2-C-1] INFO  c.m.d.k.t.e.s.c.i.TwitterKafkaConsumer - Documents saved to Elasticsearch with ids 1505667661476343812
2022-03-20 22:08:43 [twitter-topic-consumer-2-C-1] INFO  c.m.d.k.t.e.s.c.i.TwitterKafkaConsumer - 1 number of messages received with keys [1264230602], partitions [2] and offsets [48], sending it to Elastic: Thread id 71
2022-03-20 22:08:43 [twitter-topic-consumer-2-C-1] INFO  c.m.d.e.i.c.s.i.TwitterElasticRepositoryIndexClient - Documents indexed successfully with type: com.microservices.demo.elastic.model.index.impl.TwitterIndexModel and ids: [1505667662009049093]
2022-03-20 22:08:43 [twitter-topic-consumer-2-C-1] INFO  c.m.d.k.t.e.s.c.i.TwitterKafkaConsumer - Documents saved to Elasticsearch with ids 1505667662009049093
2022-03-20 22:08:43 [twitter-topic-consumer-1-C-1] INFO  c.m.d.k.t.e.s.c.i.TwitterKafkaConsumer - 1 number of messages received with keys [1339659000531595270], partitions [1] and offsets [39], sending it to Elastic: Thread id 69
2022-03-20 22:08:43 [twitter-topic-consumer-1-C-1] INFO  c.m.d.e.i.c.s.i.TwitterElasticRepositoryIndexClient - Documents indexed successfully with type: com.microservices.demo.elastic.model.index.impl.TwitterIndexModel and ids: [1505667663539982348]
2022-03-20 22:08:43 [twitter-topic-consumer-1-C-1] INFO  c.m.d.k.t.e.s.c.i.TwitterKafkaConsumer - Documents saved to Elasticsearch with ids 1505667663539982348
2022-03-20 22:08:44 [twitter-topic-consumer-0-C-1] INFO  c.m.d.k.t.e.s.c.i.TwitterKafkaConsumer - 1 number of messages received with keys [896568317598507008], partitions [0] and offsets [63], sending it to Elastic: Thread id 67
2022-03-20 22:08:44 [twitter-topic-consumer-0-C-1] INFO  c.m.d.e.i.c.s.i.TwitterElasticRepositoryIndexClient - Documents indexed successfully with type: com.microservices.demo.elastic.model.index.impl.TwitterIndexModel and ids: [1505667665423224833]
2022-03-20 22:08:44 [twitter-topic-consumer-0-C-1] INFO  c.m.d.k.t.e.s.c.i.TwitterKafkaConsumer - Documents saved to Elasticsearch with ids 1505667665423224833
2022-03-20 22:08:44 [twitter-topic-consumer-2-C-1] INFO  c.m.d.k.t.e.s.c.i.TwitterKafkaConsumer - 1 number of messages received with keys [724333723597066242], partitions [2] and offsets [49], sending it to Elastic: Thread id 71
2022-03-20 22:08:44 [twitter-topic-consumer-0-C-1] INFO  c.m.d.k.t.e.s.c.i.TwitterKafkaConsumer - 1 number of messages received with keys [1351243951559229440], partitions [0] and offsets [64], sending it to Elastic: Thread id 67
2022-03-20 22:08:44 [twitter-topic-consumer-2-C-1] INFO  c.m.d.e.i.c.s.i.TwitterElasticRepositoryIndexClient - Documents indexed successfully with type: com.microservices.demo.elastic.model.index.impl.TwitterIndexModel and ids: [1505667665666490371]
2022-03-20 22:08:44 [twitter-topic-consumer-2-C-1] INFO  c.m.d.k.t.e.s.c.i.TwitterKafkaConsumer - Documents saved to Elasticsearch with ids 1505667665666490371
2022-03-20 22:08:44 [twitter-topic-consumer-0-C-1] INFO  c.m.d.e.i.c.s.i.TwitterElasticRepositoryIndexClient - Documents indexed successfully with type: com.microservices.demo.elastic.model.index.impl.TwitterIndexModel and ids: [1505667665855057921]
2022-03-20 22:08:44 [twitter-topic-consumer-0-C-1] INFO  c.m.d.k.t.e.s.c.i.TwitterKafkaConsumer - Documents saved to Elasticsearch with ids 1505667665855057921
