2022-03-20 22:15:22 [main] INFO  o.s.c.c.c.ConfigServicePropertySourceLocator - Fetching config from server at : http://config-server:8888
2022-03-20 22:15:23 [main] INFO  o.s.c.c.c.ConfigServicePropertySourceLocator - Located environment: name=twitter-to-kafka-service,config-client, profiles=[twitter_to_kafka], label=null, version=d41226987382d48e19952fd61ec1143ba6d0ed6d, state=null
2022-03-20 22:15:23 [main] INFO  o.s.c.b.c.PropertySourceBootstrapConfiguration - Located property source: [BootstrapPropertySource {name='bootstrapProperties-configClient'}, BootstrapPropertySource {name='bootstrapProperties-https://github.com/dhambrimourad/spring-cloud-config-repository.git/config-client-twitter_to_kafka.yml'}, BootstrapPropertySource {name='bootstrapProperties-https://github.com/dhambrimourad/spring-cloud-config-repository.git/config-client.yml'}]
2022-03-20 22:15:23 [main] INFO  c.m.d.t.t.k.s.TwitterToKafkaServiceApplication - The following profiles are active: twitter_to_kafka
2022-03-20 22:15:23 [main] INFO  o.s.cloud.context.scope.GenericScope - BeanFactory id=0aad26c4-deb2-3bbf-828d-9ca699eefe66
2022-03-20 22:15:24 [main] INFO  o.s.c.s.PostProcessorRegistrationDelegate$BeanPostProcessorChecker - Bean 'org.springframework.retry.annotation.RetryConfiguration' of type [org.springframework.retry.annotation.RetryConfiguration$$EnhancerBySpringCGLIB$$94ae4913] is not eligible for getting processed by all BeanPostProcessors (for example: not eligible for auto-proxying)
2022-03-20 22:15:24 [main] INFO  o.a.k.c.admin.AdminClientConfig - AdminClientConfig values: 
	bootstrap.servers = [kafka-broker-1:9092, kafka-broker-2:9092, kafka-broker-3:9092]
	client.dns.lookup = default
	client.id = 
	connections.max.idle.ms = 300000
	default.api.timeout.ms = 60000
	metadata.max.age.ms = 300000
	metric.reporters = []
	metrics.num.samples = 2
	metrics.recording.level = INFO
	metrics.sample.window.ms = 30000
	receive.buffer.bytes = 65536
	reconnect.backoff.max.ms = 1000
	reconnect.backoff.ms = 50
	request.timeout.ms = 30000
	retries = 2147483647
	retry.backoff.ms = 100
	sasl.client.callback.handler.class = null
	sasl.jaas.config = null
	sasl.kerberos.kinit.cmd = /usr/bin/kinit
	sasl.kerberos.min.time.before.relogin = 60000
	sasl.kerberos.service.name = null
	sasl.kerberos.ticket.renew.jitter = 0.05
	sasl.kerberos.ticket.renew.window.factor = 0.8
	sasl.login.callback.handler.class = null
	sasl.login.class = null
	sasl.login.refresh.buffer.seconds = 300
	sasl.login.refresh.min.period.seconds = 60
	sasl.login.refresh.window.factor = 0.8
	sasl.login.refresh.window.jitter = 0.05
	sasl.mechanism = GSSAPI
	security.protocol = PLAINTEXT
	security.providers = null
	send.buffer.bytes = 131072
	ssl.cipher.suites = null
	ssl.enabled.protocols = [TLSv1.2]
	ssl.endpoint.identification.algorithm = https
	ssl.key.password = null
	ssl.keymanager.algorithm = SunX509
	ssl.keystore.location = null
	ssl.keystore.password = null
	ssl.keystore.type = JKS
	ssl.protocol = TLSv1.2
	ssl.provider = null
	ssl.secure.random.implementation = null
	ssl.trustmanager.algorithm = PKIX
	ssl.truststore.location = null
	ssl.truststore.password = null
	ssl.truststore.type = JKS

2022-03-20 22:15:34 [main] WARN  org.apache.kafka.clients.ClientUtils - Couldn't resolve server kafka-broker-1:9092 from bootstrap.servers as DNS resolution failed for kafka-broker-1
2022-03-20 22:15:34 [main] INFO  o.a.kafka.common.utils.AppInfoParser - Kafka version: 2.5.1
2022-03-20 22:15:34 [main] INFO  o.a.kafka.common.utils.AppInfoParser - Kafka commitId: 0efa8fb0f4c73d92
2022-03-20 22:15:34 [main] INFO  o.a.kafka.common.utils.AppInfoParser - Kafka startTimeMs: 1647814534377
2022-03-20 22:15:34 [main] INFO  o.s.b.a.s.r.ReactiveUserDetailsServiceAutoConfiguration - 

Using generated security password: b67c5dfe-487e-4ec4-b834-1c1ece0edcd5

2022-03-20 22:15:35 [main] INFO  o.s.b.w.e.netty.NettyWebServer - Netty started on port(s): 8181
2022-03-20 22:15:35 [main] INFO  c.m.d.t.t.k.s.TwitterToKafkaServiceApplication - Started TwitterToKafkaServiceApplication in 14.607 seconds (JVM running for 15.751)
2022-03-20 22:15:35 [main] INFO  c.m.d.t.t.k.s.TwitterToKafkaServiceApplication - App starts...
2022-03-20 22:15:35 [main] INFO  c.m.d.k.a.client.KafkaAdminClient - Creating 1 topic(s), attempt 0
2022-03-20 22:15:35 [main] INFO  c.m.d.k.a.client.KafkaAdminClient - Reading Kafka topic(s) [twitter-topic], attempt 0
2022-03-20 22:51:31 [main] INFO  o.s.b.a.l.ConditionEvaluationReportLoggingListener - 

Error starting ApplicationContext. To display the conditions report re-run your application with 'debug' enabled.
2022-03-20 22:51:31 [main] INFO  c.m.d.t.t.k.s.r.i.TwitterToKafkaStreamRunner - Closing twitter stream!
2022-03-20 22:51:31 [main] INFO  c.m.d.k.p.s.i.TwitterKafkaProducer - Closing Kafka producer!
2022-03-20 22:51:33 [main] ERROR o.s.boot.SpringApplication - Application run failed
java.lang.IllegalStateException: Failed to execute CommandLineRunner
	at org.springframework.boot.SpringApplication.callRunner(SpringApplication.java:798)
	at org.springframework.boot.SpringApplication.callRunners(SpringApplication.java:779)
	at org.springframework.boot.SpringApplication.run(SpringApplication.java:322)
	at org.springframework.boot.SpringApplication.run(SpringApplication.java:1237)
	at org.springframework.boot.SpringApplication.run(SpringApplication.java:1226)
	at com.microservices.demo.twitter.to.kafka.service.TwitterToKafkaServiceApplication.main(TwitterToKafkaServiceApplication.java:27)
	at java.base/jdk.internal.reflect.NativeMethodAccessorImpl.invoke0(Native Method)
	at java.base/jdk.internal.reflect.NativeMethodAccessorImpl.invoke(Unknown Source)
	at java.base/jdk.internal.reflect.DelegatingMethodAccessorImpl.invoke(Unknown Source)
	at java.base/java.lang.reflect.Method.invoke(Unknown Source)
	at org.springframework.boot.loader.MainMethodRunner.run(MainMethodRunner.java:49)
	at org.springframework.boot.loader.Launcher.launch(Launcher.java:107)
	at org.springframework.boot.loader.Launcher.launch(Launcher.java:58)
	at org.springframework.boot.loader.JarLauncher.main(JarLauncher.java:88)
Caused by: com.microservices.demo.kafka.admin.exception.KafkaClientException: Reached max number of retry for reading Kafka topic(s)!
	at com.microservices.demo.kafka.admin.client.KafkaAdminClient.checkMaxRetry(KafkaAdminClient.java:112)
	at com.microservices.demo.kafka.admin.client.KafkaAdminClient.checkSchemaRegistry(KafkaAdminClient.java:83)
	at com.microservices.demo.twitter.to.kafka.service.init.impl.KafkaStreamInitializer.init(KafkaStreamInitializer.java:26)
	at com.microservices.demo.twitter.to.kafka.service.TwitterToKafkaServiceApplication.run(TwitterToKafkaServiceApplication.java:33)
	at org.springframework.boot.SpringApplication.callRunner(SpringApplication.java:795)
	... 13 common frames omitted
