2022-01-30 18:11:19 [background-preinit] INFO  o.h.validator.internal.util.Version - HV000001: Hibernate Validator 6.1.5.Final
2022-01-30 18:11:20 [main] INFO  o.s.c.c.c.ConfigServicePropertySourceLocator - Fetching config from server at : http://localhost:8888
2022-01-30 18:11:21 [main] INFO  o.s.c.c.c.ConfigServicePropertySourceLocator - Located environment: name=reactive-elastic-query-service,config-client, profiles=[reactive_elastic_query], label=null, version=091afca3a395796d736c9be90199926d8b405ae6, state=null
2022-01-30 18:11:21 [main] INFO  o.s.c.b.c.PropertySourceBootstrapConfiguration - Located property source: [BootstrapPropertySource {name='bootstrapProperties-configClient'}, BootstrapPropertySource {name='bootstrapProperties-https://github.com/dhambrimourad/spring-cloud-config-repository.git/config-client-reactive_elastic_query.yml'}, BootstrapPropertySource {name='bootstrapProperties-https://github.com/dhambrimourad/spring-cloud-config-repository.git/config-client.yml'}]
2022-01-30 18:11:21 [main] INFO  c.m.d.r.e.q.s.ReactiveElasticQueryServiceApplication - The following profiles are active: reactive_elastic_query
2022-01-30 18:11:21 [main] INFO  o.s.d.r.c.RepositoryConfigurationDelegate - Bootstrapping Spring Data Elasticsearch repositories in DEFAULT mode.
2022-01-30 18:11:22 [main] INFO  o.s.d.r.c.RepositoryConfigurationDelegate - Finished Spring Data repository scanning in 110ms. Found 0 Elasticsearch repository interfaces.
2022-01-30 18:11:22 [main] INFO  o.s.d.r.c.RepositoryConfigurationDelegate - Bootstrapping Spring Data Reactive Elasticsearch repositories in DEFAULT mode.
2022-01-30 18:11:22 [main] INFO  o.s.d.r.c.RepositoryConfigurationDelegate - Finished Spring Data repository scanning in 12ms. Found 1 Reactive Elasticsearch repository interfaces.
2022-01-30 18:11:22 [main] INFO  o.s.cloud.context.scope.GenericScope - BeanFactory id=d39f8dcc-aa69-3315-8955-73ec0ec47085
2022-01-30 18:11:22 [main] WARN  o.s.data.convert.CustomConversions - Registering converter from class org.springframework.data.geo.Point to interface java.util.Map as writing converter although it doesn't convert to a store-supported type! You might want to check your annotation setup at the converter implementation.
2022-01-30 18:11:22 [main] WARN  o.s.data.convert.CustomConversions - Registering converter from interface java.util.Map to class org.springframework.data.geo.Point as reading converter although it doesn't convert from a store-supported type! You might want to check your annotation setup at the converter implementation.
2022-01-30 18:11:22 [main] WARN  o.s.data.convert.CustomConversions - Registering converter from class org.springframework.data.elasticsearch.core.geo.GeoPoint to interface java.util.Map as writing converter although it doesn't convert to a store-supported type! You might want to check your annotation setup at the converter implementation.
2022-01-30 18:11:22 [main] WARN  o.s.data.convert.CustomConversions - Registering converter from interface java.util.Map to class org.springframework.data.elasticsearch.core.geo.GeoPoint as reading converter although it doesn't convert from a store-supported type! You might want to check your annotation setup at the converter implementation.
2022-01-30 18:11:23 [reactor-http-nio-1] INFO  o.s.d.e.support.VersionInfo - Version Spring Data Elasticsearch: 4.0.4.RELEASE
2022-01-30 18:11:23 [main] INFO  o.s.b.a.s.r.ReactiveUserDetailsServiceAutoConfiguration - 

Using generated security password: 32612d3f-b2c6-4824-a852-dbd7e3d07309

2022-01-30 18:11:23 [reactor-http-nio-1] INFO  o.s.d.e.support.VersionInfo - Version Elasticsearch Client in build: 7.6.2
2022-01-30 18:11:23 [reactor-http-nio-1] INFO  o.s.d.e.support.VersionInfo - Version Elasticsearch Client used: 7.9.1
2022-01-30 18:11:23 [reactor-http-nio-1] WARN  o.s.d.e.support.VersionInfo - Version mismatch in between Elasticsearch Clients build/use: 7.6.2 - 7.9.1
2022-01-30 18:11:23 [reactor-http-nio-1] INFO  o.s.d.e.support.VersionInfo - Version Elasticsearch cluster: 7.9.1
2022-01-30 18:11:25 [main] INFO  o.s.b.w.e.netty.NettyWebServer - Netty started on port(s): 8183
2022-01-30 18:11:26 [main] INFO  c.m.d.r.e.q.s.ReactiveElasticQueryServiceApplication - Started ReactiveElasticQueryServiceApplication in 8.636 seconds (JVM running for 9.284)
2022-01-30 18:28:44 [background-preinit] INFO  o.h.validator.internal.util.Version - HV000001: Hibernate Validator 6.1.5.Final
2022-01-30 18:28:45 [main] INFO  o.s.c.c.c.ConfigServicePropertySourceLocator - Fetching config from server at : http://localhost:8888
2022-01-30 18:28:46 [main] INFO  o.s.c.c.c.ConfigServicePropertySourceLocator - Located environment: name=reactive-elastic-query-service,config-client, profiles=[reactive_elastic_query], label=null, version=091afca3a395796d736c9be90199926d8b405ae6, state=null
2022-01-30 18:28:46 [main] INFO  o.s.c.b.c.PropertySourceBootstrapConfiguration - Located property source: [BootstrapPropertySource {name='bootstrapProperties-configClient'}, BootstrapPropertySource {name='bootstrapProperties-https://github.com/dhambrimourad/spring-cloud-config-repository.git/config-client-reactive_elastic_query.yml'}, BootstrapPropertySource {name='bootstrapProperties-https://github.com/dhambrimourad/spring-cloud-config-repository.git/config-client.yml'}]
2022-01-30 18:28:46 [main] INFO  c.m.d.r.e.q.s.ReactiveElasticQueryServiceApplication - The following profiles are active: reactive_elastic_query
2022-01-30 18:28:47 [main] INFO  o.s.d.r.c.RepositoryConfigurationDelegate - Bootstrapping Spring Data Elasticsearch repositories in DEFAULT mode.
2022-01-30 18:28:47 [main] INFO  o.s.d.r.c.RepositoryConfigurationDelegate - Finished Spring Data repository scanning in 128ms. Found 0 Elasticsearch repository interfaces.
2022-01-30 18:28:47 [main] INFO  o.s.d.r.c.RepositoryConfigurationDelegate - Bootstrapping Spring Data Reactive Elasticsearch repositories in DEFAULT mode.
2022-01-30 18:28:47 [main] INFO  o.s.d.r.c.RepositoryConfigurationDelegate - Finished Spring Data repository scanning in 15ms. Found 1 Reactive Elasticsearch repository interfaces.
2022-01-30 18:28:47 [main] INFO  o.s.cloud.context.scope.GenericScope - BeanFactory id=d39f8dcc-aa69-3315-8955-73ec0ec47085
2022-01-30 18:28:48 [main] WARN  o.s.data.convert.CustomConversions - Registering converter from class org.springframework.data.geo.Point to interface java.util.Map as writing converter although it doesn't convert to a store-supported type! You might want to check your annotation setup at the converter implementation.
2022-01-30 18:28:48 [main] WARN  o.s.data.convert.CustomConversions - Registering converter from interface java.util.Map to class org.springframework.data.geo.Point as reading converter although it doesn't convert from a store-supported type! You might want to check your annotation setup at the converter implementation.
2022-01-30 18:28:48 [main] WARN  o.s.data.convert.CustomConversions - Registering converter from class org.springframework.data.elasticsearch.core.geo.GeoPoint to interface java.util.Map as writing converter although it doesn't convert to a store-supported type! You might want to check your annotation setup at the converter implementation.
2022-01-30 18:28:48 [main] WARN  o.s.data.convert.CustomConversions - Registering converter from interface java.util.Map to class org.springframework.data.elasticsearch.core.geo.GeoPoint as reading converter although it doesn't convert from a store-supported type! You might want to check your annotation setup at the converter implementation.
2022-01-30 18:28:49 [reactor-http-nio-1] INFO  o.s.d.e.support.VersionInfo - Version Spring Data Elasticsearch: 4.0.4.RELEASE
2022-01-30 18:28:49 [reactor-http-nio-1] INFO  o.s.d.e.support.VersionInfo - Version Elasticsearch Client in build: 7.6.2
2022-01-30 18:28:49 [reactor-http-nio-1] INFO  o.s.d.e.support.VersionInfo - Version Elasticsearch Client used: 7.9.1
2022-01-30 18:28:49 [reactor-http-nio-1] WARN  o.s.d.e.support.VersionInfo - Version mismatch in between Elasticsearch Clients build/use: 7.6.2 - 7.9.1
2022-01-30 18:28:49 [reactor-http-nio-1] INFO  o.s.d.e.support.VersionInfo - Version Elasticsearch cluster: 7.9.1
2022-01-30 18:28:49 [main] INFO  o.s.b.a.s.r.ReactiveUserDetailsServiceAutoConfiguration - 

Using generated security password: 8c6b7299-9e02-4e49-a623-754808c8c47b

2022-01-30 18:28:51 [main] INFO  o.s.b.w.e.netty.NettyWebServer - Netty started on port(s): 8183
2022-01-30 18:28:52 [main] INFO  c.m.d.r.e.q.s.ReactiveElasticQueryServiceApplication - Started ReactiveElasticQueryServiceApplication in 9.245 seconds (JVM running for 10.345)
2022-01-30 18:38:08 [background-preinit] INFO  o.h.validator.internal.util.Version - HV000001: Hibernate Validator 6.1.5.Final
2022-01-30 18:38:09 [main] INFO  o.s.c.c.c.ConfigServicePropertySourceLocator - Fetching config from server at : http://localhost:8888
2022-01-30 18:38:11 [main] INFO  o.s.c.c.c.ConfigServicePropertySourceLocator - Located environment: name=reactive-elastic-query-service,config-client, profiles=[reactive_elastic_query], label=null, version=091afca3a395796d736c9be90199926d8b405ae6, state=null
2022-01-30 18:38:11 [main] INFO  o.s.c.b.c.PropertySourceBootstrapConfiguration - Located property source: [BootstrapPropertySource {name='bootstrapProperties-configClient'}, BootstrapPropertySource {name='bootstrapProperties-https://github.com/dhambrimourad/spring-cloud-config-repository.git/config-client-reactive_elastic_query.yml'}, BootstrapPropertySource {name='bootstrapProperties-https://github.com/dhambrimourad/spring-cloud-config-repository.git/config-client.yml'}]
2022-01-30 18:38:11 [main] INFO  c.m.d.r.e.q.s.ReactiveElasticQueryServiceApplication - The following profiles are active: reactive_elastic_query
2022-01-30 18:38:11 [main] INFO  o.s.d.r.c.RepositoryConfigurationDelegate - Bootstrapping Spring Data Elasticsearch repositories in DEFAULT mode.
2022-01-30 18:38:11 [main] INFO  o.s.d.r.c.RepositoryConfigurationDelegate - Finished Spring Data repository scanning in 124ms. Found 0 Elasticsearch repository interfaces.
2022-01-30 18:38:11 [main] INFO  o.s.d.r.c.RepositoryConfigurationDelegate - Bootstrapping Spring Data Reactive Elasticsearch repositories in DEFAULT mode.
2022-01-30 18:38:11 [main] INFO  o.s.d.r.c.RepositoryConfigurationDelegate - Finished Spring Data repository scanning in 14ms. Found 1 Reactive Elasticsearch repository interfaces.
2022-01-30 18:38:12 [main] INFO  o.s.cloud.context.scope.GenericScope - BeanFactory id=d39f8dcc-aa69-3315-8955-73ec0ec47085
2022-01-30 18:38:12 [main] WARN  o.s.data.convert.CustomConversions - Registering converter from class org.springframework.data.geo.Point to interface java.util.Map as writing converter although it doesn't convert to a store-supported type! You might want to check your annotation setup at the converter implementation.
2022-01-30 18:38:12 [main] WARN  o.s.data.convert.CustomConversions - Registering converter from interface java.util.Map to class org.springframework.data.geo.Point as reading converter although it doesn't convert from a store-supported type! You might want to check your annotation setup at the converter implementation.
2022-01-30 18:38:12 [main] WARN  o.s.data.convert.CustomConversions - Registering converter from class org.springframework.data.elasticsearch.core.geo.GeoPoint to interface java.util.Map as writing converter although it doesn't convert to a store-supported type! You might want to check your annotation setup at the converter implementation.
2022-01-30 18:38:12 [main] WARN  o.s.data.convert.CustomConversions - Registering converter from interface java.util.Map to class org.springframework.data.elasticsearch.core.geo.GeoPoint as reading converter although it doesn't convert from a store-supported type! You might want to check your annotation setup at the converter implementation.
2022-01-30 18:38:13 [reactor-http-nio-1] INFO  o.s.d.e.support.VersionInfo - Version Spring Data Elasticsearch: 4.0.4.RELEASE
2022-01-30 18:38:13 [reactor-http-nio-1] INFO  o.s.d.e.support.VersionInfo - Version Elasticsearch Client in build: 7.6.2
2022-01-30 18:38:13 [reactor-http-nio-1] INFO  o.s.d.e.support.VersionInfo - Version Elasticsearch Client used: 7.9.1
2022-01-30 18:38:13 [reactor-http-nio-1] WARN  o.s.d.e.support.VersionInfo - Version mismatch in between Elasticsearch Clients build/use: 7.6.2 - 7.9.1
2022-01-30 18:38:13 [reactor-http-nio-1] INFO  o.s.d.e.support.VersionInfo - Version Elasticsearch cluster: 7.9.1
2022-01-30 18:38:13 [main] INFO  o.s.b.a.s.r.ReactiveUserDetailsServiceAutoConfiguration - 

Using generated security password: 1ad4e4b5-4684-4142-9401-716840c052e2

2022-01-30 18:38:15 [main] INFO  o.s.b.w.e.netty.NettyWebServer - Netty started on port(s): 8183
2022-01-30 18:38:16 [main] INFO  c.m.d.r.e.q.s.ReactiveElasticQueryServiceApplication - Started ReactiveElasticQueryServiceApplication in 9.007 seconds (JVM running for 9.659)
2022-01-30 18:45:55 [background-preinit] INFO  o.h.validator.internal.util.Version - HV000001: Hibernate Validator 6.1.5.Final
2022-01-30 18:45:56 [main] INFO  o.s.c.c.c.ConfigServicePropertySourceLocator - Fetching config from server at : http://localhost:8888
2022-01-30 18:45:58 [main] INFO  o.s.c.c.c.ConfigServicePropertySourceLocator - Located environment: name=reactive-elastic-query-service,config-client, profiles=[reactive_elastic_query], label=null, version=091afca3a395796d736c9be90199926d8b405ae6, state=null
2022-01-30 18:45:58 [main] INFO  o.s.c.b.c.PropertySourceBootstrapConfiguration - Located property source: [BootstrapPropertySource {name='bootstrapProperties-configClient'}, BootstrapPropertySource {name='bootstrapProperties-https://github.com/dhambrimourad/spring-cloud-config-repository.git/config-client-reactive_elastic_query.yml'}, BootstrapPropertySource {name='bootstrapProperties-https://github.com/dhambrimourad/spring-cloud-config-repository.git/config-client.yml'}]
2022-01-30 18:45:58 [main] INFO  c.m.d.r.e.q.s.ReactiveElasticQueryServiceApplication - The following profiles are active: reactive_elastic_query
2022-01-30 18:45:58 [main] INFO  o.s.d.r.c.RepositoryConfigurationDelegate - Bootstrapping Spring Data Elasticsearch repositories in DEFAULT mode.
2022-01-30 18:45:58 [main] INFO  o.s.d.r.c.RepositoryConfigurationDelegate - Finished Spring Data repository scanning in 118ms. Found 0 Elasticsearch repository interfaces.
2022-01-30 18:45:58 [main] INFO  o.s.d.r.c.RepositoryConfigurationDelegate - Bootstrapping Spring Data Reactive Elasticsearch repositories in DEFAULT mode.
2022-01-30 18:45:59 [main] INFO  o.s.d.r.c.RepositoryConfigurationDelegate - Finished Spring Data repository scanning in 13ms. Found 1 Reactive Elasticsearch repository interfaces.
2022-01-30 18:45:59 [main] INFO  o.s.cloud.context.scope.GenericScope - BeanFactory id=d39f8dcc-aa69-3315-8955-73ec0ec47085
2022-01-30 18:45:59 [main] WARN  o.s.data.convert.CustomConversions - Registering converter from class org.springframework.data.geo.Point to interface java.util.Map as writing converter although it doesn't convert to a store-supported type! You might want to check your annotation setup at the converter implementation.
2022-01-30 18:45:59 [main] WARN  o.s.data.convert.CustomConversions - Registering converter from interface java.util.Map to class org.springframework.data.geo.Point as reading converter although it doesn't convert from a store-supported type! You might want to check your annotation setup at the converter implementation.
2022-01-30 18:45:59 [main] WARN  o.s.data.convert.CustomConversions - Registering converter from class org.springframework.data.elasticsearch.core.geo.GeoPoint to interface java.util.Map as writing converter although it doesn't convert to a store-supported type! You might want to check your annotation setup at the converter implementation.
2022-01-30 18:45:59 [main] WARN  o.s.data.convert.CustomConversions - Registering converter from interface java.util.Map to class org.springframework.data.elasticsearch.core.geo.GeoPoint as reading converter although it doesn't convert from a store-supported type! You might want to check your annotation setup at the converter implementation.
2022-01-30 18:46:00 [reactor-http-nio-1] INFO  o.s.d.e.support.VersionInfo - Version Spring Data Elasticsearch: 4.0.4.RELEASE
2022-01-30 18:46:00 [reactor-http-nio-1] INFO  o.s.d.e.support.VersionInfo - Version Elasticsearch Client in build: 7.6.2
2022-01-30 18:46:00 [reactor-http-nio-1] INFO  o.s.d.e.support.VersionInfo - Version Elasticsearch Client used: 7.9.1
2022-01-30 18:46:00 [reactor-http-nio-1] WARN  o.s.d.e.support.VersionInfo - Version mismatch in between Elasticsearch Clients build/use: 7.6.2 - 7.9.1
2022-01-30 18:46:00 [reactor-http-nio-1] INFO  o.s.d.e.support.VersionInfo - Version Elasticsearch cluster: 7.9.1
2022-01-30 18:46:00 [main] INFO  o.s.b.a.s.r.ReactiveUserDetailsServiceAutoConfiguration - 

Using generated security password: df5bc556-c8a4-49df-99d4-64f106285fa3

2022-01-30 18:46:03 [main] INFO  o.s.b.w.e.netty.NettyWebServer - Netty started on port(s): 8183
2022-01-30 18:46:04 [main] INFO  c.m.d.r.e.q.s.ReactiveElasticQueryServiceApplication - Started ReactiveElasticQueryServiceApplication in 9.475 seconds (JVM running for 10.076)
