2022-01-13 01:17:17 [background-preinit] INFO  o.h.validator.internal.util.Version - HV000001: Hibernate Validator 6.1.5.Final
2022-01-13 01:17:20 [main] INFO  c.m.demo.config.server.ConfigServer - No active profile set, falling back to default profiles: default
2022-01-13 01:17:21 [main] INFO  o.s.cloud.context.scope.GenericScope - BeanFactory id=2a519873-3bf9-3410-9240-bed5bf7485b8
2022-01-13 01:17:22 [main] INFO  o.s.b.w.e.tomcat.TomcatWebServer - Tomcat initialized with port(s): 8888 (http)
2022-01-13 01:17:22 [main] INFO  o.a.coyote.http11.Http11NioProtocol - Initializing ProtocolHandler ["http-nio-8888"]
2022-01-13 01:17:22 [main] INFO  o.a.catalina.core.StandardService - Starting service [Tomcat]
2022-01-13 01:17:22 [main] INFO  o.a.catalina.core.StandardEngine - Starting Servlet engine: [Apache Tomcat/9.0.38]
2022-01-13 01:17:23 [main] INFO  o.a.c.c.C.[Tomcat].[localhost].[/] - Initializing Spring embedded WebApplicationContext
2022-01-13 01:17:23 [main] INFO  o.s.b.w.s.c.ServletWebServerApplicationContext - Root WebApplicationContext: initialization completed in 2883 ms
2022-01-13 01:17:23 [main] INFO  o.s.s.c.ThreadPoolTaskExecutor - Initializing ExecutorService 'applicationTaskExecutor'
2022-01-13 01:17:26 [main] INFO  o.s.s.web.DefaultSecurityFilterChain - Creating filter chain: Ant [pattern='/actuator/**'], []
2022-01-13 01:17:26 [main] INFO  o.s.s.web.DefaultSecurityFilterChain - Creating filter chain: Ant [pattern='/encrypt/**'], []
2022-01-13 01:17:26 [main] INFO  o.s.s.web.DefaultSecurityFilterChain - Creating filter chain: Ant [pattern='/decrypt/**'], []
2022-01-13 01:17:26 [main] INFO  o.s.s.web.DefaultSecurityFilterChain - Creating filter chain: any request, [org.springframework.security.web.context.request.async.WebAsyncManagerIntegrationFilter@16944b58, org.springframework.security.web.context.SecurityContextPersistenceFilter@14d81f2c, org.springframework.security.web.header.HeaderWriterFilter@77998ea7, org.springframework.security.web.csrf.CsrfFilter@2f61de04, org.springframework.security.web.authentication.logout.LogoutFilter@484302ee, org.springframework.security.web.authentication.UsernamePasswordAuthenticationFilter@213ceb4e, org.springframework.security.web.authentication.ui.DefaultLoginPageGeneratingFilter@5dce5c03, org.springframework.security.web.authentication.ui.DefaultLogoutPageGeneratingFilter@1dbc607d, org.springframework.security.web.authentication.www.BasicAuthenticationFilter@2a984952, org.springframework.security.web.savedrequest.RequestCacheAwareFilter@774013dc, org.springframework.security.web.servletapi.SecurityContextHolderAwareRequestFilter@7d3bcd3, org.springframework.security.web.authentication.AnonymousAuthenticationFilter@62b42406, org.springframework.security.web.session.SessionManagementFilter@36638b59, org.springframework.security.web.access.ExceptionTranslationFilter@86377d5, org.springframework.security.web.access.intercept.FilterSecurityInterceptor@77d54a41]
2022-01-13 01:17:27 [main] INFO  o.s.b.a.e.web.EndpointLinksResolver - Exposing 2 endpoint(s) beneath base path '/actuator'
2022-01-13 01:17:27 [main] INFO  o.a.coyote.http11.Http11NioProtocol - Starting ProtocolHandler ["http-nio-8888"]
2022-01-13 01:17:27 [main] INFO  o.s.b.w.e.tomcat.TomcatWebServer - Tomcat started on port(s): 8888 (http) with context path ''
2022-01-13 01:17:27 [main] INFO  c.m.demo.config.server.ConfigServer - Started ConfigServer in 10.369 seconds (JVM running for 11.992)
2022-01-13 01:17:28 [http-nio-8888-exec-1] INFO  o.a.c.c.C.[Tomcat].[localhost].[/] - Initializing Spring DispatcherServlet 'dispatcherServlet'
2022-01-13 01:17:28 [http-nio-8888-exec-1] INFO  o.s.web.servlet.DispatcherServlet - Initializing Servlet 'dispatcherServlet'
2022-01-13 01:17:28 [http-nio-8888-exec-1] INFO  o.s.web.servlet.DispatcherServlet - Completed initialization in 5 ms
2022-01-13 01:17:33 [http-nio-8888-exec-2] INFO  o.s.c.c.s.e.NativeEnvironmentRepository - Adding property source: file:/tmp/config-repo-6584610627657231315/config-client-twitter_to_kafka.yml
2022-01-13 01:17:33 [http-nio-8888-exec-2] INFO  o.s.c.c.s.e.NativeEnvironmentRepository - Adding property source: file:/tmp/config-repo-6584610627657231315/config-client.yml
2022-01-13 01:18:01 [http-nio-8888-exec-3] INFO  o.s.c.c.s.e.NativeEnvironmentRepository - Adding property source: file:/tmp/config-repo-6584610627657231315/config-client-elastic_query.yml
2022-01-13 01:18:01 [http-nio-8888-exec-3] INFO  o.s.c.c.s.e.NativeEnvironmentRepository - Adding property source: file:/tmp/config-repo-6584610627657231315/config-client.yml
2022-01-13 01:21:32 [http-nio-8888-exec-7] INFO  o.s.c.c.s.e.NativeEnvironmentRepository - Adding property source: file:/tmp/config-repo-6584610627657231315/config-client-kafka_to_elastic.yml
2022-01-13 01:21:32 [http-nio-8888-exec-7] INFO  o.s.c.c.s.e.NativeEnvironmentRepository - Adding property source: file:/tmp/config-repo-6584610627657231315/config-client.yml
2022-01-13 01:21:35 [http-nio-8888-exec-8] INFO  o.s.c.c.s.e.NativeEnvironmentRepository - Adding property source: file:/tmp/config-repo-6584610627657231315/config-client-twitter_to_kafka.yml
2022-01-13 01:21:35 [http-nio-8888-exec-8] INFO  o.s.c.c.s.e.NativeEnvironmentRepository - Adding property source: file:/tmp/config-repo-6584610627657231315/config-client.yml
2022-01-13 01:26:02 [SpringContextShutdownHook] INFO  o.s.s.c.ThreadPoolTaskExecutor - Shutting down ExecutorService 'applicationTaskExecutor'
2022-01-13 01:41:10 [background-preinit] INFO  o.h.validator.internal.util.Version - HV000001: Hibernate Validator 6.1.5.Final
2022-01-13 01:41:11 [main] INFO  c.m.demo.config.server.ConfigServer - No active profile set, falling back to default profiles: default
2022-01-13 01:41:13 [main] INFO  o.s.cloud.context.scope.GenericScope - BeanFactory id=2a519873-3bf9-3410-9240-bed5bf7485b8
2022-01-13 01:41:13 [main] INFO  o.s.b.w.e.tomcat.TomcatWebServer - Tomcat initialized with port(s): 8888 (http)
2022-01-13 01:41:14 [main] INFO  o.a.coyote.http11.Http11NioProtocol - Initializing ProtocolHandler ["http-nio-8888"]
2022-01-13 01:41:14 [main] INFO  o.a.catalina.core.StandardService - Starting service [Tomcat]
2022-01-13 01:41:14 [main] INFO  o.a.catalina.core.StandardEngine - Starting Servlet engine: [Apache Tomcat/9.0.38]
2022-01-13 01:41:14 [main] INFO  o.a.c.c.C.[Tomcat].[localhost].[/] - Initializing Spring embedded WebApplicationContext
2022-01-13 01:41:14 [main] INFO  o.s.b.w.s.c.ServletWebServerApplicationContext - Root WebApplicationContext: initialization completed in 2225 ms
2022-01-13 01:41:14 [main] INFO  o.s.s.c.ThreadPoolTaskExecutor - Initializing ExecutorService 'applicationTaskExecutor'
2022-01-13 01:41:17 [main] INFO  o.s.s.web.DefaultSecurityFilterChain - Creating filter chain: Ant [pattern='/actuator/**'], []
2022-01-13 01:41:17 [main] INFO  o.s.s.web.DefaultSecurityFilterChain - Creating filter chain: Ant [pattern='/encrypt/**'], []
2022-01-13 01:41:17 [main] INFO  o.s.s.web.DefaultSecurityFilterChain - Creating filter chain: Ant [pattern='/decrypt/**'], []
2022-01-13 01:41:17 [main] INFO  o.s.s.web.DefaultSecurityFilterChain - Creating filter chain: any request, [org.springframework.security.web.context.request.async.WebAsyncManagerIntegrationFilter@5d74507c, org.springframework.security.web.context.SecurityContextPersistenceFilter@36638b59, org.springframework.security.web.header.HeaderWriterFilter@86377d5, org.springframework.security.web.csrf.CsrfFilter@3c3cd13a, org.springframework.security.web.authentication.logout.LogoutFilter@3eb0fd88, org.springframework.security.web.authentication.UsernamePasswordAuthenticationFilter@2e44cb34, org.springframework.security.web.authentication.ui.DefaultLoginPageGeneratingFilter@702cfbde, org.springframework.security.web.authentication.ui.DefaultLogoutPageGeneratingFilter@2a984952, org.springframework.security.web.authentication.www.BasicAuthenticationFilter@c30f26d, org.springframework.security.web.savedrequest.RequestCacheAwareFilter@14d81f2c, org.springframework.security.web.servletapi.SecurityContextHolderAwareRequestFilter@391dfe7c, org.springframework.security.web.authentication.AnonymousAuthenticationFilter@16944b58, org.springframework.security.web.session.SessionManagementFilter@77998ea7, org.springframework.security.web.access.ExceptionTranslationFilter@68f2363, org.springframework.security.web.access.intercept.FilterSecurityInterceptor@5600a278]
2022-01-13 01:41:18 [main] INFO  o.s.b.a.e.web.EndpointLinksResolver - Exposing 2 endpoint(s) beneath base path '/actuator'
2022-01-13 01:41:18 [main] INFO  o.a.coyote.http11.Http11NioProtocol - Starting ProtocolHandler ["http-nio-8888"]
2022-01-13 01:41:18 [main] INFO  o.s.b.w.e.tomcat.TomcatWebServer - Tomcat started on port(s): 8888 (http) with context path ''
2022-01-13 01:41:18 [main] INFO  c.m.demo.config.server.ConfigServer - Started ConfigServer in 9.463 seconds (JVM running for 10.538)
2022-01-13 01:41:19 [http-nio-8888-exec-1] INFO  o.a.c.c.C.[Tomcat].[localhost].[/] - Initializing Spring DispatcherServlet 'dispatcherServlet'
2022-01-13 01:41:19 [http-nio-8888-exec-1] INFO  o.s.web.servlet.DispatcherServlet - Initializing Servlet 'dispatcherServlet'
2022-01-13 01:41:19 [http-nio-8888-exec-1] INFO  o.s.web.servlet.DispatcherServlet - Completed initialization in 9 ms
2022-01-13 01:41:24 [http-nio-8888-exec-2] INFO  o.s.c.c.s.e.NativeEnvironmentRepository - Adding property source: file:/tmp/config-repo-13326705765310254292/config-client-twitter_to_kafka.yml
2022-01-13 01:41:24 [http-nio-8888-exec-2] INFO  o.s.c.c.s.e.NativeEnvironmentRepository - Adding property source: file:/tmp/config-repo-13326705765310254292/config-client.yml
2022-01-13 01:41:36 [http-nio-8888-exec-3] INFO  o.s.c.c.s.e.NativeEnvironmentRepository - Adding property source: file:/tmp/config-repo-13326705765310254292/config-client-elastic_query.yml
2022-01-13 01:41:36 [http-nio-8888-exec-3] INFO  o.s.c.c.s.e.NativeEnvironmentRepository - Adding property source: file:/tmp/config-repo-13326705765310254292/config-client.yml
